core.init: Rosetta version cfc466308d02bc2649ea5ad781d49ad9310a9725 2016-03-08 23:18:50 -0500 from git@github.com:RosettaCommons/main.git
core.init: command: /home/arubenstein//Rosetta/main/source/bin//FlexPepDocking.linuxgccrelease -database /home/arubenstein//Rosetta/main/database/ -s /home/arubenstein//CADRES/PDZ_ddG/results//pre_min1/min_1g9o06_complex_0001.pdb -score:weights talaris2014_cst -out:prefix min_1g9o06_complex_0001 -cst_fa_file /home/arubenstein//CADRES/PDZ_ddG/ancillary_files//input_pdbs/1g9o.cst -flexpep_prepack -ex1 -ex2 -use_input_sc
core.init: 'RNG device' seed mode, using '/dev/urandom', seed=1371886362 seed_offset=0 real_seed=1371886362
core.init.random: RandomGenerator:init: Normal mode, seed=1371886362 RG_type=mt19937
core.scoring.ScoreFunctionFactory: SCOREFUNCTION: talaris2014_cst
core.scoring.etable: Starting energy table calculation
core.scoring.etable: smooth_etable: changing atr/rep split to bottom of energy well
core.scoring.etable: smooth_etable: spline smoothing lj etables (maxdis = 6)
core.scoring.etable: smooth_etable: spline smoothing solvation etables (max_dis = 6)
core.scoring.etable: Finished calculating energy tables.
basic.io.database: Database file opened: scoring/score_functions/hbonds/sp2_elec_params/HBPoly1D.csv
basic.io.database: Database file opened: scoring/score_functions/hbonds/sp2_elec_params/HBFadeIntervals.csv
basic.io.database: Database file opened: scoring/score_functions/hbonds/sp2_elec_params/HBEval.csv
basic.io.database: Database file opened: scoring/score_functions/rama/Rama_smooth_dyn.dat_ss_6.4
basic.io.database: Database file opened: scoring/score_functions/P_AA_pp/P_AA
basic.io.database: Database file opened: scoring/score_functions/P_AA_pp/P_AA_n
basic.io.database: Database file opened: scoring/score_functions/P_AA_pp/P_AA_pp
basic.io.database: Database file opened: scoring/score_functions/EnvPairPotential/env_log.txt
basic.io.database: Database file opened: scoring/score_functions/EnvPairPotential/cbeta_den.txt
basic.io.database: Database file opened: scoring/score_functions/EnvPairPotential/pair_log.txt
basic.io.database: Database file opened: scoring/score_functions/EnvPairPotential/cenpack_log.txt
core.scoring.ScoreFunctionFactory: SCOREFUNCTION: talaris2014_cst
protocols.jd2.PDBJobInputter: Instantiate PDBJobInputter
protocols.jd2.PDBJobInputter: PDBJobInputter::fill_jobs
protocols.jd2.PDBJobInputter: pushed /home/arubenstein//CADRES/PDZ_ddG/results//pre_min1/min_1g9o06_complex_0001.pdb nstruct index 1
protocols.evaluation.ChiWellRmsdEvaluatorCreator: Evaluation Creator active ... 
protocols.jd2.PDBJobInputter: PDBJobInputter::pose_from_job
protocols.jd2.PDBJobInputter: filling pose from PDB /home/arubenstein//CADRES/PDZ_ddG/results//pre_min1/min_1g9o06_complex_0001.pdb
core.chemical.ResidueTypeSet: Finished initializing fa_standard residue type set.  Created 384 residue types
core.chemical.ResidueTypeSet: Total time to initialize 0.71415 seconds.
FlexPepDockingProtocol: apply
FlexPepDockingProtocol: WARNING: No native supplied by used - using starting structure as reference for statistics
protocols.flexPepDocking.FlexPepDockingFlags: Receptor chain: A
protocols.flexPepDocking.FlexPepDockingFlags: Receptor first res: 1
protocols.flexPepDocking.FlexPepDockingFlags: Receptor nres: 91
protocols.flexPepDocking.FlexPepDockingFlags: Peptide chain: B
protocols.flexPepDocking.FlexPepDockingFlags: Peptide first res: 92
protocols.flexPepDocking.FlexPepDockingFlags: Peptide nres: 6
protocols.flexPepDocking.FlexPepDockingFlags: Peptide anchor: 95
protocols.flexPepDocking.FlexPepDockingFlags: # peptide anchors: 1
protocols.flexPepDocking.FlexPepDockingFlags: # peptide cuts: 0
protocols.flexPepDocking.FlexPepDockingFlags: Receptor anchor: 19
FlexPepDockingProtocol: Old FoldTree : FOLD_TREE  EDGE 1 91 -1  EDGE 1 92 1  EDGE 92 97 -1 
FlexPepDockingProtocol: New FoldTree : FOLD_TREE  EDGE 1 19 -1  EDGE 19 91 -1  EDGE 19 95 1  EDGE 95 92 -1  EDGE 95 97 -1 
core.scoring.constraints.util: Constraint choice: /home/arubenstein//CADRES/PDZ_ddG/ancillary_files//input_pdbs/1g9o.cst
core.scoring.constraints.ConstraintsIO: read constraints from /home/arubenstein//CADRES/PDZ_ddG/ancillary_files//input_pdbs/1g9o.cst
core.scoring.constraints.ConstraintsIO: Read in 532 constraints
core.pack.task: Packer task: initialize from command line() 
core.pack.dunbrack.RotamerLibrary: Using Dunbrack library binary file '/home/arubenstein//Rosetta/main/database/rotamer/ExtendedOpt1-5/Dunbrack10.lib.bin'.
core.pack.dunbrack.RotamerLibrary: Dunbrack 2010 library took 0.314756 seconds to load from binary
protocols.moves.RigidBodyMover: Translate: Jump (before): RT -0.391585 0.773934 0.497682 0.880264 0.157585 0.447551 0.267948 0.613346 -0.742974 4.24163 3.23934 0.721851  
protocols.moves.RigidBodyMover: Translate: Jump (after):  RT -0.391585 0.773934 0.497682 0.880264 0.157585 0.447551 0.267948 0.613346 -0.742974 642.575 231.424 735.884  
core.pack.pack_rotamers: built 2390 rotamers at 97 positions.
core.pack.interaction_graph.interaction_graph_factory: Instantiating DensePDInteractionGraph
core.pack.interaction_graph.interaction_graph_factory: IG: 3643940 bytes
protocols.moves.RigidBodyMover: Translate: Jump (before): RT -0.391585 0.773934 0.497682 0.880264 0.157585 0.447551 0.267948 0.613346 -0.742974 642.575 231.424 735.884  
protocols.moves.RigidBodyMover: Translate: Jump (after):  RT -0.391585 0.773934 0.497682 0.880264 0.157585 0.447551 0.267948 0.613346 -0.742974 4.24163 3.23934 0.721851  
protocols.moves.RigidBodyMover: Translate: Jump (before): RT -0.391585 0.773934 0.497682 0.880264 0.157585 0.447551 0.267948 0.613346 -0.742974 4.24163 3.23934 0.721851  
protocols.moves.RigidBodyMover: Translate: Jump (after):  RT -0.391585 0.773934 0.497682 0.880264 0.157585 0.447551 0.267948 0.613346 -0.742974 631.215 247.111 740.608  
FlexPepDockingPoseMetrics: Isc: 61.23
FlexPepDockingPoseMetrics: Total BSA  is: 956.679
FlexPepDockingPoseMetrics: Interface HB #: 6
FlexPepDockingPoseMetrics: Total packstats: 0.0170785
FlexPepDockingPoseMetrics: Interface Unsat polar groups: 3
FlexPepDockingPoseMetrics: 92 bsa: 73.8959 HB: 0 pack: 0.564005 unsat: 0
FlexPepDockingPoseMetrics: 93 bsa: 61.6145 HB: 0 pack: 0.927445 unsat: 0
FlexPepDockingPoseMetrics: 94 bsa: 89.0905 HB: 0 pack: 0.80593 unsat: 0
FlexPepDockingPoseMetrics: 95 bsa: 69.4455 HB: 2 pack: 0.767726 unsat: 0
FlexPepDockingPoseMetrics: 96 bsa: 101.387 HB: 0 pack: 0.532796 unsat: 0
FlexPepDockingPoseMetrics: 97 bsa: 179.632 HB: 4 pack: 0.750521 unsat: 0
protocols.jd2.JobDistributor: min_1g9o06_complex_0001min_1g9o06_complex_0001_0001 reported success in 8 seconds
protocols.jd2.JobDistributor: no more batches to process... 
protocols.jd2.JobDistributor: 1 jobs considered, 1 jobs attempted in 8 seconds
