core.init: Rosetta version cfc466308d02bc2649ea5ad781d49ad9310a9725 2016-03-08 23:18:50 -0500 from git@github.com:RosettaCommons/main.git
core.init: command: /home/arubenstein//Rosetta/main/source/bin//FlexPepDocking.linuxgccrelease -database /home/arubenstein//Rosetta/main/database/ -s /home/arubenstein//CADRES/PDZ_ddG/results//pre_min1/min_3qdo11_complex_0001.pdb -score:weights talaris2014_cst -out:prefix min_3qdo11_complex_0001 -cst_fa_file /home/arubenstein//CADRES/PDZ_ddG/ancillary_files//input_pdbs/3qdo.cst -flexpep_prepack -ex1 -ex2 -use_input_sc
core.init: 'RNG device' seed mode, using '/dev/urandom', seed=-564009395 seed_offset=0 real_seed=-564009395
core.init.random: RandomGenerator:init: Normal mode, seed=-564009395 RG_type=mt19937
core.scoring.ScoreFunctionFactory: SCOREFUNCTION: talaris2014_cst
core.scoring.etable: Starting energy table calculation
core.scoring.etable: smooth_etable: changing atr/rep split to bottom of energy well
core.scoring.etable: smooth_etable: spline smoothing lj etables (maxdis = 6)
core.scoring.etable: smooth_etable: spline smoothing solvation etables (max_dis = 6)
core.scoring.etable: Finished calculating energy tables.
basic.io.database: Database file opened: scoring/score_functions/hbonds/sp2_elec_params/HBPoly1D.csv
basic.io.database: Database file opened: scoring/score_functions/hbonds/sp2_elec_params/HBFadeIntervals.csv
basic.io.database: Database file opened: scoring/score_functions/hbonds/sp2_elec_params/HBEval.csv
basic.io.database: Database file opened: scoring/score_functions/rama/Rama_smooth_dyn.dat_ss_6.4
basic.io.database: Database file opened: scoring/score_functions/P_AA_pp/P_AA
basic.io.database: Database file opened: scoring/score_functions/P_AA_pp/P_AA_n
basic.io.database: Database file opened: scoring/score_functions/P_AA_pp/P_AA_pp
basic.io.database: Database file opened: scoring/score_functions/EnvPairPotential/env_log.txt
basic.io.database: Database file opened: scoring/score_functions/EnvPairPotential/cbeta_den.txt
basic.io.database: Database file opened: scoring/score_functions/EnvPairPotential/pair_log.txt
basic.io.database: Database file opened: scoring/score_functions/EnvPairPotential/cenpack_log.txt
core.scoring.ScoreFunctionFactory: SCOREFUNCTION: talaris2014_cst
protocols.jd2.PDBJobInputter: Instantiate PDBJobInputter
protocols.jd2.PDBJobInputter: PDBJobInputter::fill_jobs
protocols.jd2.PDBJobInputter: pushed /home/arubenstein//CADRES/PDZ_ddG/results//pre_min1/min_3qdo11_complex_0001.pdb nstruct index 1
protocols.evaluation.ChiWellRmsdEvaluatorCreator: Evaluation Creator active ... 
protocols.jd2.PDBJobInputter: PDBJobInputter::pose_from_job
protocols.jd2.PDBJobInputter: filling pose from PDB /home/arubenstein//CADRES/PDZ_ddG/results//pre_min1/min_3qdo11_complex_0001.pdb
core.chemical.ResidueTypeSet: Finished initializing fa_standard residue type set.  Created 384 residue types
core.chemical.ResidueTypeSet: Total time to initialize 0.859837 seconds.
FlexPepDockingProtocol: apply
FlexPepDockingProtocol: WARNING: No native supplied by used - using starting structure as reference for statistics
protocols.flexPepDocking.FlexPepDockingFlags: Receptor chain: A
protocols.flexPepDocking.FlexPepDockingFlags: Receptor first res: 1
protocols.flexPepDocking.FlexPepDockingFlags: Receptor nres: 101
protocols.flexPepDocking.FlexPepDockingFlags: Peptide chain: B
protocols.flexPepDocking.FlexPepDockingFlags: Peptide first res: 102
protocols.flexPepDocking.FlexPepDockingFlags: Peptide nres: 11
protocols.flexPepDocking.FlexPepDockingFlags: Peptide anchor: 107
protocols.flexPepDocking.FlexPepDockingFlags: # peptide anchors: 1
protocols.flexPepDocking.FlexPepDockingFlags: # peptide cuts: 0
protocols.flexPepDocking.FlexPepDockingFlags: Receptor anchor: 26
FlexPepDockingProtocol: Old FoldTree : FOLD_TREE  EDGE 1 101 -1  EDGE 1 102 1  EDGE 102 112 -1 
FlexPepDockingProtocol: New FoldTree : FOLD_TREE  EDGE 1 26 -1  EDGE 26 101 -1  EDGE 26 107 1  EDGE 107 102 -1  EDGE 107 112 -1 
core.scoring.constraints.util: Constraint choice: /home/arubenstein//CADRES/PDZ_ddG/ancillary_files//input_pdbs/3qdo.cst
core.scoring.constraints.ConstraintsIO: read constraints from /home/arubenstein//CADRES/PDZ_ddG/ancillary_files//input_pdbs/3qdo.cst
core.scoring.constraints.ConstraintsIO: Read in 606 constraints
core.pack.task: Packer task: initialize from command line() 
core.pack.dunbrack.RotamerLibrary: Using Dunbrack library binary file '/home/arubenstein//Rosetta/main/database/rotamer/ExtendedOpt1-5/Dunbrack10.lib.bin'.
core.pack.dunbrack.RotamerLibrary: Dunbrack 2010 library took 0.464408 seconds to load from binary
protocols.moves.RigidBodyMover: Translate: Jump (before): RT -0.810589 0.26787 -0.52076 -0.144034 -0.95313 -0.266077 -0.567626 -0.140672 0.811179 0.168061 4.00147 1.74639  
protocols.moves.RigidBodyMover: Translate: Jump (after):  RT -0.810589 0.26787 -0.52076 -0.144034 -0.95313 -0.266077 -0.567626 -0.140672 0.811179 747.968 519.935 419.608  
core.pack.pack_rotamers: built 2547 rotamers at 112 positions.
core.pack.interaction_graph.interaction_graph_factory: Instantiating DensePDInteractionGraph
core.pack.interaction_graph.interaction_graph_factory: IG: 3641488 bytes
protocols.moves.RigidBodyMover: Translate: Jump (before): RT -0.810589 0.26787 -0.52076 -0.144034 -0.95313 -0.266077 -0.567626 -0.140672 0.811179 747.968 519.935 419.608  
protocols.moves.RigidBodyMover: Translate: Jump (after):  RT -0.810589 0.26787 -0.52076 -0.144034 -0.95313 -0.266077 -0.567626 -0.140672 0.811179 0.168061 4.00147 1.74639  
protocols.moves.RigidBodyMover: Translate: Jump (before): RT -0.810589 0.26787 -0.52076 -0.144034 -0.95313 -0.266077 -0.567626 -0.140672 0.811179 0.168061 4.00147 1.74639  
protocols.moves.RigidBodyMover: Translate: Jump (after):  RT -0.810589 0.26787 -0.52076 -0.144034 -0.95313 -0.266077 -0.567626 -0.140672 0.811179 748.027 522.169 416.727  
FlexPepDockingPoseMetrics: Isc: 116.771
FlexPepDockingPoseMetrics: Total BSA  is: 1030.42
FlexPepDockingPoseMetrics: Interface HB #: 9
FlexPepDockingPoseMetrics: Total packstats: 0.0496889
FlexPepDockingPoseMetrics: Interface Unsat polar groups: 2
FlexPepDockingPoseMetrics: 102 bsa: 0 HB: 0 pack: 0.499302 unsat: 0
FlexPepDockingPoseMetrics: 103 bsa: 0 HB: 0 pack: 0.657609 unsat: 0
FlexPepDockingPoseMetrics: 104 bsa: 0 HB: 0 pack: 0.300683 unsat: 0
FlexPepDockingPoseMetrics: 105 bsa: 0 HB: 0 pack: 0.275821 unsat: 0
FlexPepDockingPoseMetrics: 106 bsa: 32.8795 HB: 1 pack: 0.302863 unsat: 0
FlexPepDockingPoseMetrics: 107 bsa: 51.1053 HB: 0 pack: 0.605136 unsat: 0
FlexPepDockingPoseMetrics: 108 bsa: 84.1105 HB: 2 pack: 0.7886 unsat: 0
FlexPepDockingPoseMetrics: 109 bsa: 92.6194 HB: 0 pack: 0.734207 unsat: 0
FlexPepDockingPoseMetrics: 110 bsa: 79.0413 HB: 2 pack: 0.843816 unsat: 0
FlexPepDockingPoseMetrics: 111 bsa: 90.12 HB: 0 pack: 0.249834 unsat: 0
FlexPepDockingPoseMetrics: 112 bsa: 201.899 HB: 4 pack: 0.751141 unsat: 0
protocols.jd2.JobDistributor: min_3qdo11_complex_0001min_3qdo11_complex_0001_0001 reported success in 10 seconds
protocols.jd2.JobDistributor: no more batches to process... 
protocols.jd2.JobDistributor: 1 jobs considered, 1 jobs attempted in 10 seconds
