core.init: Rosetta version cfc466308d02bc2649ea5ad781d49ad9310a9725 2016-03-08 23:18:50 -0500 from git@github.com:RosettaCommons/main.git
core.init: command: /home/arubenstein//Rosetta/main/source/bin//FlexPepDocking.linuxgccrelease -database /home/arubenstein//Rosetta/main/database/ -s /home/arubenstein//CADRES/PDZ_ddG/results//pre_min1/min_3qdo07_complex_0001.pdb -score:weights talaris2014_cst -out:prefix min_3qdo07_complex_0001 -cst_fa_file /home/arubenstein//CADRES/PDZ_ddG/ancillary_files//input_pdbs/3qdo.cst -flexpep_prepack -ex1 -ex2 -use_input_sc
core.init: 'RNG device' seed mode, using '/dev/urandom', seed=-556809348 seed_offset=0 real_seed=-556809348
core.init.random: RandomGenerator:init: Normal mode, seed=-556809348 RG_type=mt19937
core.scoring.ScoreFunctionFactory: SCOREFUNCTION: talaris2014_cst
core.scoring.etable: Starting energy table calculation
core.scoring.etable: smooth_etable: changing atr/rep split to bottom of energy well
core.scoring.etable: smooth_etable: spline smoothing lj etables (maxdis = 6)
core.scoring.etable: smooth_etable: spline smoothing solvation etables (max_dis = 6)
core.scoring.etable: Finished calculating energy tables.
basic.io.database: Database file opened: scoring/score_functions/hbonds/sp2_elec_params/HBPoly1D.csv
basic.io.database: Database file opened: scoring/score_functions/hbonds/sp2_elec_params/HBFadeIntervals.csv
basic.io.database: Database file opened: scoring/score_functions/hbonds/sp2_elec_params/HBEval.csv
basic.io.database: Database file opened: scoring/score_functions/rama/Rama_smooth_dyn.dat_ss_6.4
basic.io.database: Database file opened: scoring/score_functions/P_AA_pp/P_AA
basic.io.database: Database file opened: scoring/score_functions/P_AA_pp/P_AA_n
basic.io.database: Database file opened: scoring/score_functions/P_AA_pp/P_AA_pp
basic.io.database: Database file opened: scoring/score_functions/EnvPairPotential/env_log.txt
basic.io.database: Database file opened: scoring/score_functions/EnvPairPotential/cbeta_den.txt
basic.io.database: Database file opened: scoring/score_functions/EnvPairPotential/pair_log.txt
basic.io.database: Database file opened: scoring/score_functions/EnvPairPotential/cenpack_log.txt
core.scoring.ScoreFunctionFactory: SCOREFUNCTION: talaris2014_cst
protocols.jd2.PDBJobInputter: Instantiate PDBJobInputter
protocols.jd2.PDBJobInputter: PDBJobInputter::fill_jobs
protocols.jd2.PDBJobInputter: pushed /home/arubenstein//CADRES/PDZ_ddG/results//pre_min1/min_3qdo07_complex_0001.pdb nstruct index 1
protocols.evaluation.ChiWellRmsdEvaluatorCreator: Evaluation Creator active ... 
protocols.jd2.PDBJobInputter: PDBJobInputter::pose_from_job
protocols.jd2.PDBJobInputter: filling pose from PDB /home/arubenstein//CADRES/PDZ_ddG/results//pre_min1/min_3qdo07_complex_0001.pdb
core.chemical.ResidueTypeSet: Finished initializing fa_standard residue type set.  Created 384 residue types
core.chemical.ResidueTypeSet: Total time to initialize 0.855584 seconds.
FlexPepDockingProtocol: apply
FlexPepDockingProtocol: WARNING: No native supplied by used - using starting structure as reference for statistics
protocols.flexPepDocking.FlexPepDockingFlags: Receptor chain: A
protocols.flexPepDocking.FlexPepDockingFlags: Receptor first res: 1
protocols.flexPepDocking.FlexPepDockingFlags: Receptor nres: 101
protocols.flexPepDocking.FlexPepDockingFlags: Peptide chain: B
protocols.flexPepDocking.FlexPepDockingFlags: Peptide first res: 102
protocols.flexPepDocking.FlexPepDockingFlags: Peptide nres: 7
protocols.flexPepDocking.FlexPepDockingFlags: Peptide anchor: 105
protocols.flexPepDocking.FlexPepDockingFlags: # peptide anchors: 1
protocols.flexPepDocking.FlexPepDockingFlags: # peptide cuts: 0
protocols.flexPepDocking.FlexPepDockingFlags: Receptor anchor: 24
FlexPepDockingProtocol: Old FoldTree : FOLD_TREE  EDGE 1 101 -1  EDGE 1 102 1  EDGE 102 108 -1 
FlexPepDockingProtocol: New FoldTree : FOLD_TREE  EDGE 1 24 -1  EDGE 24 101 -1  EDGE 24 105 1  EDGE 105 102 -1  EDGE 105 108 -1 
core.scoring.constraints.util: Constraint choice: /home/arubenstein//CADRES/PDZ_ddG/ancillary_files//input_pdbs/3qdo.cst
core.scoring.constraints.ConstraintsIO: read constraints from /home/arubenstein//CADRES/PDZ_ddG/ancillary_files//input_pdbs/3qdo.cst
core.scoring.constraints.ConstraintsIO: Read in 606 constraints
core.pack.task: Packer task: initialize from command line() 
core.pack.dunbrack.RotamerLibrary: Using Dunbrack library binary file '/home/arubenstein//Rosetta/main/database/rotamer/ExtendedOpt1-5/Dunbrack10.lib.bin'.
core.pack.dunbrack.RotamerLibrary: Dunbrack 2010 library took 0.460865 seconds to load from binary
protocols.moves.RigidBodyMover: Translate: Jump (before): RT -0.867459 -0.0101231 0.497406 -0.15175 -0.946765 -0.283916 0.4738 -0.321767 0.819743 1.05024 3.902 0.743347  
protocols.moves.RigidBodyMover: Translate: Jump (after):  RT -0.867459 -0.0101231 0.497406 -0.15175 -0.946765 -0.283916 0.4738 -0.321767 0.819743 676.499 674.894 306.584  
core.pack.pack_rotamers: built 2529 rotamers at 108 positions.
core.pack.interaction_graph.interaction_graph_factory: Instantiating DensePDInteractionGraph
core.pack.interaction_graph.interaction_graph_factory: IG: 3622824 bytes
protocols.moves.RigidBodyMover: Translate: Jump (before): RT -0.867459 -0.0101231 0.497406 -0.15175 -0.946765 -0.283916 0.4738 -0.321767 0.819743 676.499 674.894 306.584  
protocols.moves.RigidBodyMover: Translate: Jump (after):  RT -0.867459 -0.0101231 0.497406 -0.15175 -0.946765 -0.283916 0.4738 -0.321767 0.819743 1.05024 3.902 0.743347  
protocols.moves.RigidBodyMover: Translate: Jump (before): RT -0.867459 -0.0101231 0.497406 -0.15175 -0.946765 -0.283916 0.4738 -0.321767 0.819743 1.05024 3.902 0.743347  
protocols.moves.RigidBodyMover: Translate: Jump (after):  RT -0.867459 -0.0101231 0.497406 -0.15175 -0.946765 -0.283916 0.4738 -0.321767 0.819743 666.754 684.275 307.226  
FlexPepDockingPoseMetrics: Isc: 115.971
FlexPepDockingPoseMetrics: Total BSA  is: 1035.61
FlexPepDockingPoseMetrics: Interface HB #: 8
FlexPepDockingPoseMetrics: Total packstats: 0.0174032
FlexPepDockingPoseMetrics: Interface Unsat polar groups: 2
FlexPepDockingPoseMetrics: 102 bsa: 38.2093 HB: 0 pack: 0.274018 unsat: 0
FlexPepDockingPoseMetrics: 103 bsa: 52.999 HB: 0 pack: 0.718776 unsat: 0
FlexPepDockingPoseMetrics: 104 bsa: 79.9851 HB: 2 pack: 0.435347 unsat: 0
FlexPepDockingPoseMetrics: 105 bsa: 90.9889 HB: 0 pack: 0.737535 unsat: 0
FlexPepDockingPoseMetrics: 106 bsa: 75.9164 HB: 2 pack: 0.822311 unsat: 0
FlexPepDockingPoseMetrics: 107 bsa: 89.7001 HB: 0 pack: 0.446529 unsat: 0
FlexPepDockingPoseMetrics: 108 bsa: 196.393 HB: 4 pack: 0.931921 unsat: 0
protocols.jd2.JobDistributor: min_3qdo07_complex_0001min_3qdo07_complex_0001_0001 reported success in 10 seconds
protocols.jd2.JobDistributor: no more batches to process... 
protocols.jd2.JobDistributor: 1 jobs considered, 1 jobs attempted in 10 seconds
