core.init: Rosetta version cfc466308d02bc2649ea5ad781d49ad9310a9725 2016-03-08 23:18:50 -0500 from git@github.com:RosettaCommons/main.git
core.init: command: /home/arubenstein//Rosetta/main/source/bin//minimize_with_cst.linuxgccrelease -in:file:l min_1g9o11_complex_0001min_1g9o11_complex_0001_0001.list -in:file:fullatom -fa_max_dis 9.0 -database /home/arubenstein//Rosetta/main/database/ -ddg::harmonic_ca_tether 0.5 -cst_fa_file /home/arubenstein//CADRES/PDZ_ddG/ancillary_files//input_pdbs/1g9o.cst -score:weights talaris2014_cst -ddg::constraint_weight 1.0 -ddg::out_pdb_prefix min -ddg::sc_min_only false
core.init: 'RNG device' seed mode, using '/dev/urandom', seed=-1387645847 seed_offset=0 real_seed=-1387645847
core.init.random: RandomGenerator:init: Normal mode, seed=-1387645847 RG_type=mt19937
core.chemical.ResidueTypeSet: Finished initializing fa_standard residue type set.  Created 384 residue types
core.chemical.ResidueTypeSet: Total time to initialize 0.7715 seconds.
core.scoring.ScoreFunctionFactory: SCOREFUNCTION: talaris2014_cst
core.scoring.etable: Starting energy table calculation
core.scoring.etable: smooth_etable: changing atr/rep split to bottom of energy well
core.scoring.etable: smooth_etable: spline smoothing lj etables (maxdis = 9)
core.scoring.etable: smooth_etable: spline smoothing solvation etables (max_dis = 9)
core.scoring.etable: Finished calculating energy tables.
basic.io.database: Database file opened: scoring/score_functions/hbonds/sp2_elec_params/HBPoly1D.csv
basic.io.database: Database file opened: scoring/score_functions/hbonds/sp2_elec_params/HBFadeIntervals.csv
basic.io.database: Database file opened: scoring/score_functions/hbonds/sp2_elec_params/HBEval.csv
basic.io.database: Database file opened: scoring/score_functions/rama/Rama_smooth_dyn.dat_ss_6.4
basic.io.database: Database file opened: scoring/score_functions/P_AA_pp/P_AA
basic.io.database: Database file opened: scoring/score_functions/P_AA_pp/P_AA_n
basic.io.database: Database file opened: scoring/score_functions/P_AA_pp/P_AA_pp
using -l option 
examining file: /home/arubenstein//CADRES/PDZ_ddG/results//prepack/min_1g9o11_complex_0001min_1g9o11_complex_0001_0001.pdb
c-alpha constraints added to residues 2 and 1 dist 3.76608 and tol 0.5
c-alpha constraints added to residues 3 and 1 dist 7.0552 and tol 0.5
c-alpha constraints added to residues 3 and 2 dist 3.77664 and tol 0.5
c-alpha constraints added to residues 4 and 2 dist 6.69781 and tol 0.5
c-alpha constraints added to residues 4 and 3 dist 3.80392 and tol 0.5
c-alpha constraints added to residues 5 and 2 dist 8.77514 and tol 0.5
c-alpha constraints added to residues 5 and 3 dist 6.15275 and tol 0.5
c-alpha constraints added to residues 5 and 4 dist 3.81459 and tol 0.5
c-alpha constraints added to residues 6 and 4 dist 6.82025 and tol 0.5
c-alpha constraints added to residues 6 and 5 dist 3.80735 and tol 0.5
c-alpha constraints added to residues 7 and 5 dist 6.47473 and tol 0.5
c-alpha constraints added to residues 7 and 6 dist 3.8144 and tol 0.5
c-alpha constraints added to residues 8 and 6 dist 6.50515 and tol 0.5
c-alpha constraints added to residues 8 and 7 dist 3.80188 and tol 0.5
c-alpha constraints added to residues 9 and 7 dist 6.38981 and tol 0.5
c-alpha constraints added to residues 9 and 8 dist 3.80051 and tol 0.5
c-alpha constraints added to residues 10 and 8 dist 6.82777 and tol 0.5
c-alpha constraints added to residues 10 and 9 dist 3.81547 and tol 0.5
c-alpha constraints added to residues 11 and 9 dist 6.23255 and tol 0.5
c-alpha constraints added to residues 11 and 10 dist 3.8127 and tol 0.5
c-alpha constraints added to residues 12 and 9 dist 8.839 and tol 0.5
c-alpha constraints added to residues 12 and 10 dist 6.31384 and tol 0.5
c-alpha constraints added to residues 12 and 11 dist 3.78976 and tol 0.5
c-alpha constraints added to residues 13 and 11 dist 7.0876 and tol 0.5
c-alpha constraints added to residues 13 and 12 dist 3.83248 and tol 0.5
c-alpha constraints added to residues 14 and 11 dist 7.86604 and tol 0.5
c-alpha constraints added to residues 14 and 12 dist 5.52111 and tol 0.5
c-alpha constraints added to residues 14 and 13 dist 3.79689 and tol 0.5
c-alpha constraints added to residues 15 and 10 dist 8.82187 and tol 0.5
c-alpha constraints added to residues 15 and 11 dist 5.35358 and tol 0.5
c-alpha constraints added to residues 15 and 12 dist 5.02195 and tol 0.5
c-alpha constraints added to residues 15 and 13 dist 5.83228 and tol 0.5
c-alpha constraints added to residues 15 and 14 dist 3.79169 and tol 0.5
c-alpha constraints added to residues 16 and 9 dist 7.01916 and tol 0.5
c-alpha constraints added to residues 16 and 10 dist 7.3238 and tol 0.5
c-alpha constraints added to residues 16 and 11 dist 5.23202 and tol 0.5
c-alpha constraints added to residues 16 and 12 dist 6.06584 and tol 0.5
c-alpha constraints added to residues 16 and 13 dist 8.47586 and tol 0.5
c-alpha constraints added to residues 16 and 14 dist 6.87793 and tol 0.5
c-alpha constraints added to residues 16 and 15 dist 3.79874 and tol 0.5
c-alpha constraints added to residues 17 and 11 dist 8.69288 and tol 0.5
c-alpha constraints added to residues 17 and 12 dist 8.22289 and tol 0.5
c-alpha constraints added to residues 17 and 14 dist 7.10406 and tol 0.5
c-alpha constraints added to residues 17 and 15 dist 5.61079 and tol 0.5
c-alpha constraints added to residues 17 and 16 dist 3.77275 and tol 0.5
c-alpha constraints added to residues 18 and 15 dist 8.62696 and tol 0.5
c-alpha constraints added to residues 18 and 16 dist 6.14882 and tol 0.5
c-alpha constraints added to residues 18 and 17 dist 3.77223 and tol 0.5
c-alpha constraints added to residues 19 and 17 dist 7.0994 and tol 0.5
c-alpha constraints added to residues 19 and 18 dist 3.79716 and tol 0.5
c-alpha constraints added to residues 20 and 18 dist 6.88089 and tol 0.5
c-alpha constraints added to residues 20 and 19 dist 3.7945 and tol 0.5
c-alpha constraints added to residues 21 and 19 dist 6.93343 and tol 0.5
c-alpha constraints added to residues 21 and 20 dist 3.77351 and tol 0.5
c-alpha constraints added to residues 22 and 20 dist 7.07675 and tol 0.5
c-alpha constraints added to residues 22 and 21 dist 3.76576 and tol 0.5
c-alpha constraints added to residues 23 and 21 dist 6.6532 and tol 0.5
c-alpha constraints added to residues 23 and 22 dist 3.78846 and tol 0.5
c-alpha constraints added to residues 24 and 22 dist 6.93696 and tol 0.5
c-alpha constraints added to residues 24 and 23 dist 3.7837 and tol 0.5
c-alpha constraints added to residues 25 and 22 dist 8.87819 and tol 0.5
c-alpha constraints added to residues 25 and 23 dist 6.26065 and tol 0.5
c-alpha constraints added to residues 25 and 24 dist 3.79417 and tol 0.5
c-alpha constraints added to residues 26 and 22 dist 6.9979 and tol 0.5
c-alpha constraints added to residues 26 and 23 dist 5.36701 and tol 0.5
c-alpha constraints added to residues 26 and 24 dist 5.50008 and tol 0.5
c-alpha constraints added to residues 26 and 25 dist 3.80555 and tol 0.5
c-alpha constraints added to residues 27 and 22 dist 7.22745 and tol 0.5
c-alpha constraints added to residues 27 and 23 dist 7.5806 and tol 0.5
c-alpha constraints added to residues 27 and 24 dist 8.57182 and tol 0.5
c-alpha constraints added to residues 27 and 25 dist 7.02756 and tol 0.5
c-alpha constraints added to residues 27 and 26 dist 3.8119 and tol 0.5
c-alpha constraints added to residues 28 and 21 dist 8.4351 and tol 0.5
c-alpha constraints added to residues 28 and 22 dist 5.96199 and tol 0.5
c-alpha constraints added to residues 28 and 23 dist 7.4593 and tol 0.5
c-alpha constraints added to residues 28 and 26 dist 5.97268 and tol 0.5
c-alpha constraints added to residues 28 and 27 dist 3.79477 and tol 0.5
c-alpha constraints added to residues 29 and 20 dist 6.22763 and tol 0.5
c-alpha constraints added to residues 29 and 21 dist 5.43913 and tol 0.5
c-alpha constraints added to residues 29 and 22 dist 4.63997 and tol 0.5
c-alpha constraints added to residues 29 and 23 dist 7.16659 and tol 0.5
c-alpha constraints added to residues 29 and 26 dist 8.33635 and tol 0.5
c-alpha constraints added to residues 29 and 27 dist 7.1969 and tol 0.5
c-alpha constraints added to residues 29 and 28 dist 3.77276 and tol 0.5
c-alpha constraints added to residues 30 and 19 dist 8.32564 and tol 0.5
c-alpha constraints added to residues 30 and 20 dist 5.49637 and tol 0.5
c-alpha constraints added to residues 30 and 21 dist 5.52395 and tol 0.5
c-alpha constraints added to residues 30 and 22 dist 5.85494 and tol 0.5
c-alpha constraints added to residues 30 and 23 dist 7.05026 and tol 0.5
c-alpha constraints added to residues 30 and 28 dist 6.74086 and tol 0.5
c-alpha constraints added to residues 30 and 29 dist 3.80556 and tol 0.5
c-alpha constraints added to residues 31 and 18 dist 6.9073 and tol 0.5
c-alpha constraints added to residues 31 and 19 dist 5.65923 and tol 0.5
c-alpha constraints added to residues 31 and 20 dist 4.64041 and tol 0.5
c-alpha constraints added to residues 31 and 21 dist 6.53659 and tol 0.5
c-alpha constraints added to residues 31 and 22 dist 8.56183 and tol 0.5
c-alpha constraints added to residues 31 and 29 dist 6.98986 and tol 0.5
c-alpha constraints added to residues 31 and 30 dist 3.78379 and tol 0.5
c-alpha constraints added to residues 32 and 18 dist 7.56491 and tol 0.5
c-alpha constraints added to residues 32 and 19 dist 5.34808 and tol 0.5
c-alpha constraints added to residues 32 and 20 dist 5.33399 and tol 0.5
c-alpha constraints added to residues 32 and 21 dist 6.09388 and tol 0.5
c-alpha constraints added to residues 32 and 22 dist 8.58976 and tol 0.5
c-alpha constraints added to residues 32 and 30 dist 6.06977 and tol 0.5
c-alpha constraints added to residues 32 and 31 dist 3.78925 and tol 0.5
c-alpha constraints added to residues 33 and 17 dist 8.65404 and tol 0.5
c-alpha constraints added to residues 33 and 18 dist 5.65274 and tol 0.5
c-alpha constraints added to residues 33 and 19 dist 5.21474 and tol 0.5
c-alpha constraints added to residues 33 and 20 dist 7.40954 and tol 0.5
c-alpha constraints added to residues 33 and 31 dist 5.654 and tol 0.5
c-alpha constraints added to residues 33 and 32 dist 3.81032 and tol 0.5
c-alpha constraints added to residues 34 and 17 dist 6.34199 and tol 0.5
c-alpha constraints added to residues 34 and 18 dist 4.45426 and tol 0.5
c-alpha constraints added to residues 34 and 19 dist 6.57958 and tol 0.5
c-alpha constraints added to residues 34 and 31 dist 7.16403 and tol 0.5
c-alpha constraints added to residues 34 and 32 dist 7.11329 and tol 0.5
c-alpha constraints added to residues 34 and 33 dist 3.80019 and tol 0.5
c-alpha constraints added to residues 35 and 16 dist 8.82376 and tol 0.5
c-alpha constraints added to residues 35 and 17 dist 5.38941 and tol 0.5
c-alpha constraints added to residues 35 and 18 dist 5.75093 and tol 0.5
c-alpha constraints added to residues 35 and 19 dist 8.31824 and tol 0.5
c-alpha constraints added to residues 35 and 33 dist 6.36121 and tol 0.5
c-alpha constraints added to residues 35 and 34 dist 3.80375 and tol 0.5
c-alpha constraints added to residues 36 and 17 dist 8.15627 and tol 0.5
c-alpha constraints added to residues 36 and 34 dist 6.45118 and tol 0.5
c-alpha constraints added to residues 36 and 35 dist 3.81432 and tol 0.5
c-alpha constraints added to residues 37 and 17 dist 8.29166 and tol 0.5
c-alpha constraints added to residues 37 and 34 dist 8.85551 and tol 0.5
c-alpha constraints added to residues 37 and 35 dist 6.30978 and tol 0.5
c-alpha constraints added to residues 37 and 36 dist 3.80544 and tol 0.5
c-alpha constraints added to residues 38 and 11 dist 8.86128 and tol 0.5
c-alpha constraints added to residues 38 and 12 dist 7.3521 and tol 0.5
c-alpha constraints added to residues 38 and 14 dist 8.50788 and tol 0.5
c-alpha constraints added to residues 38 and 15 dist 8.08709 and tol 0.5
c-alpha constraints added to residues 38 and 16 dist 6.18802 and tol 0.5
c-alpha constraints added to residues 38 and 17 dist 5.05469 and tol 0.5
c-alpha constraints added to residues 38 and 18 dist 7.68943 and tol 0.5
c-alpha constraints added to residues 38 and 34 dist 7.4212 and tol 0.5
c-alpha constraints added to residues 38 and 35 dist 5.58489 and tol 0.5
c-alpha constraints added to residues 38 and 36 dist 5.55658 and tol 0.5
c-alpha constraints added to residues 38 and 37 dist 3.79698 and tol 0.5
c-alpha constraints added to residues 39 and 8 dist 8.86303 and tol 0.5
c-alpha constraints added to residues 39 and 9 dist 5.62643 and tol 0.5
c-alpha constraints added to residues 39 and 10 dist 5.95564 and tol 0.5
c-alpha constraints added to residues 39 and 11 dist 6.34074 and tol 0.5
c-alpha constraints added to residues 39 and 12 dist 6.21259 and tol 0.5
c-alpha constraints added to residues 39 and 15 dist 7.81166 and tol 0.5
c-alpha constraints added to residues 39 and 16 dist 5.2032 and tol 0.5
c-alpha constraints added to residues 39 and 17 dist 6.41594 and tol 0.5
c-alpha constraints added to residues 39 and 18 dist 8.69344 and tol 0.5
c-alpha constraints added to residues 39 and 35 dist 8.71522 and tol 0.5
c-alpha constraints added to residues 39 and 36 dist 8.9676 and tol 0.5
c-alpha constraints added to residues 39 and 37 dist 6.8499 and tol 0.5
c-alpha constraints added to residues 39 and 38 dist 3.78806 and tol 0.5
c-alpha constraints added to residues 40 and 7 dist 8.25199 and tol 0.5
c-alpha constraints added to residues 40 and 8 dist 8.43007 and tol 0.5
c-alpha constraints added to residues 40 and 9 dist 6.09045 and tol 0.5
c-alpha constraints added to residues 40 and 10 dist 8.31249 and tol 0.5
c-alpha constraints added to residues 40 and 11 dist 8.75164 and tol 0.5
c-alpha constraints added to residues 40 and 16 dist 5.60286 and tol 0.5
c-alpha constraints added to residues 40 and 17 dist 5.80387 and tol 0.5
c-alpha constraints added to residues 40 and 18 dist 6.27552 and tol 0.5
c-alpha constraints added to residues 40 and 34 dist 6.43547 and tol 0.5
c-alpha constraints added to residues 40 and 35 dist 7.42237 and tol 0.5
c-alpha constraints added to residues 40 and 36 dist 8.55868 and tol 0.5
c-alpha constraints added to residues 40 and 37 dist 8.05412 and tol 0.5
c-alpha constraints added to residues 40 and 38 dist 5.06644 and tol 0.5
c-alpha constraints added to residues 40 and 39 dist 3.82063 and tol 0.5
c-alpha constraints added to residues 41 and 9 dist 8.84764 and tol 0.5
c-alpha constraints added to residues 41 and 16 dist 8.84165 and tol 0.5
c-alpha constraints added to residues 41 and 17 dist 7.96823 and tol 0.5
c-alpha constraints added to residues 41 and 18 dist 8.39953 and tol 0.5
c-alpha constraints added to residues 41 and 34 dist 6.30651 and tol 0.5
c-alpha constraints added to residues 41 and 35 dist 6.89445 and tol 0.5
c-alpha constraints added to residues 41 and 36 dist 6.42197 and tol 0.5
c-alpha constraints added to residues 41 and 37 dist 6.17909 and tol 0.5
c-alpha constraints added to residues 41 and 38 dist 5.12346 and tol 0.5
c-alpha constraints added to residues 41 and 39 dist 5.42744 and tol 0.5
c-alpha constraints added to residues 41 and 40 dist 3.79836 and tol 0.5
c-alpha constraints added to residues 42 and 9 dist 7.58487 and tol 0.5
c-alpha constraints added to residues 42 and 10 dist 8.85679 and tol 0.5
c-alpha constraints added to residues 42 and 36 dist 8.99383 and tol 0.5
c-alpha constraints added to residues 42 and 37 dist 7.08965 and tol 0.5
c-alpha constraints added to residues 42 and 38 dist 6.30008 and tol 0.5
c-alpha constraints added to residues 42 and 39 dist 4.86933 and tol 0.5
c-alpha constraints added to residues 42 and 40 dist 5.45927 and tol 0.5
c-alpha constraints added to residues 42 and 41 dist 3.83257 and tol 0.5
c-alpha constraints added to residues 43 and 6 dist 8.9941 and tol 0.5
c-alpha constraints added to residues 43 and 7 dist 5.39345 and tol 0.5
c-alpha constraints added to residues 43 and 8 dist 5.72458 and tol 0.5
c-alpha constraints added to residues 43 and 9 dist 5.47345 and tol 0.5
c-alpha constraints added to residues 43 and 10 dist 8.13227 and tol 0.5
c-alpha constraints added to residues 43 and 38 dist 8.59025 and tol 0.5
c-alpha constraints added to residues 43 and 39 dist 6.01868 and tol 0.5
c-alpha constraints added to residues 43 and 40 dist 5.18538 and tol 0.5
c-alpha constraints added to residues 43 and 41 dist 5.40915 and tol 0.5
c-alpha constraints added to residues 43 and 42 dist 3.80848 and tol 0.5
c-alpha constraints added to residues 44 and 7 dist 6.33784 and tol 0.5
c-alpha constraints added to residues 44 and 8 dist 8.5016 and tol 0.5
c-alpha constraints added to residues 44 and 9 dist 8.83936 and tol 0.5
c-alpha constraints added to residues 44 and 39 dist 8.60048 and tol 0.5
c-alpha constraints added to residues 44 and 40 dist 6.39784 and tol 0.5
c-alpha constraints added to residues 44 and 41 dist 5.13961 and tol 0.5
c-alpha constraints added to residues 44 and 42 dist 5.46972 and tol 0.5
c-alpha constraints added to residues 44 and 43 dist 3.80258 and tol 0.5
c-alpha constraints added to residues 45 and 7 dist 6.73215 and tol 0.5
c-alpha constraints added to residues 45 and 18 dist 8.58939 and tol 0.5
c-alpha constraints added to residues 45 and 31 dist 8.11903 and tol 0.5
c-alpha constraints added to residues 45 and 34 dist 7.03178 and tol 0.5
c-alpha constraints added to residues 45 and 39 dist 8.89753 and tol 0.5
c-alpha constraints added to residues 45 and 40 dist 5.41752 and tol 0.5
c-alpha constraints added to residues 45 and 41 dist 5.51181 and tol 0.5
c-alpha constraints added to residues 45 and 42 dist 7.65908 and tol 0.5
c-alpha constraints added to residues 45 and 43 dist 5.90085 and tol 0.5
c-alpha constraints added to residues 45 and 44 dist 3.78754 and tol 0.5
c-alpha constraints added to residues 46 and 31 dist 7.02356 and tol 0.5
c-alpha constraints added to residues 46 and 32 dist 8.64186 and tol 0.5
c-alpha constraints added to residues 46 and 33 dist 7.57691 and tol 0.5
c-alpha constraints added to residues 46 and 34 dist 6.36695 and tol 0.5
c-alpha constraints added to residues 46 and 40 dist 8.19011 and tol 0.5
c-alpha constraints added to residues 46 and 41 dist 7.30752 and tol 0.5
c-alpha constraints added to residues 46 and 44 dist 6.44882 and tol 0.5
c-alpha constraints added to residues 46 and 45 dist 3.81869 and tol 0.5
c-alpha constraints added to residues 47 and 18 dist 8.67914 and tol 0.5
c-alpha constraints added to residues 47 and 19 dist 8.74615 and tol 0.5
c-alpha constraints added to residues 47 and 30 dist 7.73354 and tol 0.5
c-alpha constraints added to residues 47 and 31 dist 5.02577 and tol 0.5
c-alpha constraints added to residues 47 and 32 dist 5.31451 and tol 0.5
c-alpha constraints added to residues 47 and 33 dist 5.04219 and tol 0.5
c-alpha constraints added to residues 47 and 34 dist 5.95077 and tol 0.5
c-alpha constraints added to residues 47 and 45 dist 7.00064 and tol 0.5
c-alpha constraints added to residues 47 and 46 dist 3.80046 and tol 0.5
c-alpha constraints added to residues 48 and 30 dist 5.89218 and tol 0.5
c-alpha constraints added to residues 48 and 31 dist 5.29125 and tol 0.5
c-alpha constraints added to residues 48 and 32 dist 6.13988 and tol 0.5
c-alpha constraints added to residues 48 and 33 dist 7.89421 and tol 0.5
c-alpha constraints added to residues 48 and 46 dist 6.11427 and tol 0.5
c-alpha constraints added to residues 48 and 47 dist 3.79549 and tol 0.5
c-alpha constraints added to residues 49 and 29 dist 8.69429 and tol 0.5
c-alpha constraints added to residues 49 and 30 dist 5.51501 and tol 0.5
c-alpha constraints added to residues 49 and 31 dist 5.40936 and tol 0.5
c-alpha constraints added to residues 49 and 32 dist 8.19863 and tol 0.5
c-alpha constraints added to residues 49 and 45 dist 7.1198 and tol 0.5
c-alpha constraints added to residues 49 and 46 dist 5.7258 and tol 0.5
c-alpha constraints added to residues 49 and 47 dist 5.63603 and tol 0.5
c-alpha constraints added to residues 49 and 48 dist 3.82358 and tol 0.5
c-alpha constraints added to residues 50 and 28 dist 7.27399 and tol 0.5
c-alpha constraints added to residues 50 and 29 dist 6.20632 and tol 0.5
c-alpha constraints added to residues 50 and 30 dist 4.5396 and tol 0.5
c-alpha constraints added to residues 50 and 31 dist 6.72267 and tol 0.5
c-alpha constraints added to residues 50 and 47 dist 8.95449 and tol 0.5
c-alpha constraints added to residues 50 and 48 dist 6.41687 and tol 0.5
c-alpha constraints added to residues 50 and 49 dist 3.80749 and tol 0.5
c-alpha constraints added to residues 51 and 28 dist 7.09205 and tol 0.5
c-alpha constraints added to residues 51 and 29 dist 5.81433 and tol 0.5
c-alpha constraints added to residues 51 and 30 dist 5.8604 and tol 0.5
c-alpha constraints added to residues 51 and 31 dist 7.64686 and tol 0.5
c-alpha constraints added to residues 51 and 49 dist 6.41052 and tol 0.5
c-alpha constraints added to residues 51 and 50 dist 3.81089 and tol 0.5
c-alpha constraints added to residues 52 and 4 dist 7.9967 and tol 0.5
c-alpha constraints added to residues 52 and 28 dist 8.05546 and tol 0.5
c-alpha constraints added to residues 52 and 29 dist 8.4107 and tol 0.5
c-alpha constraints added to residues 52 and 50 dist 6.29881 and tol 0.5
c-alpha constraints added to residues 52 and 51 dist 3.81022 and tol 0.5
c-alpha constraints added to residues 53 and 6 dist 8.91878 and tol 0.5
c-alpha constraints added to residues 53 and 51 dist 5.95469 and tol 0.5
c-alpha constraints added to residues 53 and 52 dist 3.8309 and tol 0.5
c-alpha constraints added to residues 54 and 51 dist 7.49772 and tol 0.5
c-alpha constraints added to residues 54 and 52 dist 7.07615 and tol 0.5
c-alpha constraints added to residues 54 and 53 dist 3.79494 and tol 0.5
c-alpha constraints added to residues 55 and 53 dist 6.34236 and tol 0.5
c-alpha constraints added to residues 55 and 54 dist 3.82097 and tol 0.5
c-alpha constraints added to residues 56 and 52 dist 8.95175 and tol 0.5
c-alpha constraints added to residues 56 and 53 dist 5.34062 and tol 0.5
c-alpha constraints added to residues 56 and 54 dist 5.31893 and tol 0.5
c-alpha constraints added to residues 56 and 55 dist 3.78973 and tol 0.5
c-alpha constraints added to residues 57 and 52 dist 8.24645 and tol 0.5
c-alpha constraints added to residues 57 and 53 dist 5.03652 and tol 0.5
c-alpha constraints added to residues 57 and 54 dist 5.31828 and tol 0.5
c-alpha constraints added to residues 57 and 55 dist 5.69242 and tol 0.5
c-alpha constraints added to residues 57 and 56 dist 3.80169 and tol 0.5
c-alpha constraints added to residues 58 and 51 dist 8.66388 and tol 0.5
c-alpha constraints added to residues 58 and 52 dist 5.78046 and tol 0.5
c-alpha constraints added to residues 58 and 53 dist 4.36639 and tol 0.5
c-alpha constraints added to residues 58 and 54 dist 6.67322 and tol 0.5
c-alpha constraints added to residues 58 and 55 dist 8.60956 and tol 0.5
c-alpha constraints added to residues 58 and 56 dist 6.52239 and tol 0.5
c-alpha constraints added to residues 58 and 57 dist 3.79925 and tol 0.5
c-alpha constraints added to residues 59 and 28 dist 7.2039 and tol 0.5
c-alpha constraints added to residues 59 and 29 dist 8.0685 and tol 0.5
c-alpha constraints added to residues 59 and 51 dist 6.95503 and tol 0.5
c-alpha constraints added to residues 59 and 52 dist 5.61834 and tol 0.5
c-alpha constraints added to residues 59 and 53 dist 5.35359 and tol 0.5
c-alpha constraints added to residues 59 and 54 dist 6.7018 and tol 0.5
c-alpha constraints added to residues 59 and 57 dist 6.22677 and tol 0.5
c-alpha constraints added to residues 59 and 58 dist 3.80471 and tol 0.5
c-alpha constraints added to residues 60 and 27 dist 6.79962 and tol 0.5
c-alpha constraints added to residues 60 and 28 dist 4.91102 and tol 0.5
c-alpha constraints added to residues 60 and 29 dist 7.2855 and tol 0.5
c-alpha constraints added to residues 60 and 50 dist 8.56553 and tol 0.5
c-alpha constraints added to residues 60 and 51 dist 6.85073 and tol 0.5
c-alpha constraints added to residues 60 and 52 dist 5.33041 and tol 0.5
c-alpha constraints added to residues 60 and 53 dist 7.31589 and tol 0.5
c-alpha constraints added to residues 60 and 58 dist 5.7857 and tol 0.5
c-alpha constraints added to residues 60 and 59 dist 3.79975 and tol 0.5
c-alpha constraints added to residues 61 and 27 dist 5.80312 and tol 0.5
c-alpha constraints added to residues 61 and 28 dist 5.61406 and tol 0.5
c-alpha constraints added to residues 61 and 29 dist 8.57368 and tol 0.5
c-alpha constraints added to residues 61 and 58 dist 7.87431 and tol 0.5
c-alpha constraints added to residues 61 and 59 dist 5.5365 and tol 0.5
c-alpha constraints added to residues 61 and 60 dist 3.79139 and tol 0.5
c-alpha constraints added to residues 62 and 27 dist 7.81522 and tol 0.5
c-alpha constraints added to residues 62 and 28 dist 6.52927 and tol 0.5
c-alpha constraints added to residues 62 and 29 dist 7.97344 and tol 0.5
c-alpha constraints added to residues 62 and 58 dist 8.32202 and tol 0.5
c-alpha constraints added to residues 62 and 59 dist 5.07873 and tol 0.5
c-alpha constraints added to residues 62 and 60 dist 5.77869 and tol 0.5
c-alpha constraints added to residues 62 and 61 dist 3.78769 and tol 0.5
c-alpha constraints added to residues 63 and 22 dist 8.52522 and tol 0.5
c-alpha constraints added to residues 63 and 27 dist 8.32014 and tol 0.5
c-alpha constraints added to residues 63 and 28 dist 7.21294 and tol 0.5
c-alpha constraints added to residues 63 and 29 dist 7.59927 and tol 0.5
c-alpha constraints added to residues 63 and 59 dist 8.16858 and tol 0.5
c-alpha constraints added to residues 63 and 60 dist 8.7121 and tol 0.5
c-alpha constraints added to residues 63 and 61 dist 6.77864 and tol 0.5
c-alpha constraints added to residues 63 and 62 dist 3.78387 and tol 0.5
c-alpha constraints added to residues 64 and 20 dist 7.53221 and tol 0.5
c-alpha constraints added to residues 64 and 21 dist 6.68196 and tol 0.5
c-alpha constraints added to residues 64 and 22 dist 7.0784 and tol 0.5
c-alpha constraints added to residues 64 and 28 dist 7.95002 and tol 0.5
c-alpha constraints added to residues 64 and 29 dist 6.45745 and tol 0.5
c-alpha constraints added to residues 64 and 62 dist 6.76251 and tol 0.5
c-alpha constraints added to residues 64 and 63 dist 3.78085 and tol 0.5
c-alpha constraints added to residues 65 and 62 dist 8.19509 and tol 0.5
c-alpha constraints added to residues 65 and 63 dist 5.47102 and tol 0.5
c-alpha constraints added to residues 65 and 64 dist 3.81101 and tol 0.5
c-alpha constraints added to residues 66 and 59 dist 8.29473 and tol 0.5
c-alpha constraints added to residues 66 and 62 dist 6.07968 and tol 0.5
c-alpha constraints added to residues 66 and 63 dist 5.22065 and tol 0.5
c-alpha constraints added to residues 66 and 64 dist 5.54252 and tol 0.5
c-alpha constraints added to residues 66 and 65 dist 3.78268 and tol 0.5
c-alpha constraints added to residues 67 and 20 dist 8.75643 and tol 0.5
c-alpha constraints added to residues 67 and 29 dist 7.55141 and tol 0.5
c-alpha constraints added to residues 67 and 51 dist 8.87825 and tol 0.5
c-alpha constraints added to residues 67 and 54 dist 7.67843 and tol 0.5
c-alpha constraints added to residues 67 and 59 dist 6.55552 and tol 0.5
c-alpha constraints added to residues 67 and 62 dist 6.42845 and tol 0.5
c-alpha constraints added to residues 67 and 63 dist 6.27291 and tol 0.5
c-alpha constraints added to residues 67 and 64 dist 5.33534 and tol 0.5
c-alpha constraints added to residues 67 and 65 dist 5.47738 and tol 0.5
c-alpha constraints added to residues 67 and 66 dist 3.79189 and tol 0.5
c-alpha constraints added to residues 68 and 20 dist 7.6827 and tol 0.5
c-alpha constraints added to residues 68 and 63 dist 8.57858 and tol 0.5
c-alpha constraints added to residues 68 and 64 dist 6.08813 and tol 0.5
c-alpha constraints added to residues 68 and 65 dist 5.09851 and tol 0.5
c-alpha constraints added to residues 68 and 66 dist 5.54702 and tol 0.5
c-alpha constraints added to residues 68 and 67 dist 3.8032 and tol 0.5
c-alpha constraints added to residues 69 and 64 dist 8.51243 and tol 0.5
c-alpha constraints added to residues 69 and 65 dist 5.93446 and tol 0.5
c-alpha constraints added to residues 69 and 66 dist 5.18339 and tol 0.5
c-alpha constraints added to residues 69 and 67 dist 5.41944 and tol 0.5
c-alpha constraints added to residues 69 and 68 dist 3.8026 and tol 0.5
c-alpha constraints added to residues 70 and 54 dist 6.93389 and tol 0.5
c-alpha constraints added to residues 70 and 55 dist 8.18805 and tol 0.5
c-alpha constraints added to residues 70 and 65 dist 8.60295 and tol 0.5
c-alpha constraints added to residues 70 and 66 dist 6.37236 and tol 0.5
c-alpha constraints added to residues 70 and 67 dist 5.2748 and tol 0.5
c-alpha constraints added to residues 70 and 68 dist 5.49353 and tol 0.5
c-alpha constraints added to residues 70 and 69 dist 3.80419 and tol 0.5
c-alpha constraints added to residues 71 and 16 dist 8.83625 and tol 0.5
c-alpha constraints added to residues 71 and 54 dist 7.12759 and tol 0.5
c-alpha constraints added to residues 71 and 55 dist 8.4737 and tol 0.5
c-alpha constraints added to residues 71 and 66 dist 8.88734 and tol 0.5
c-alpha constraints added to residues 71 and 67 dist 6.55945 and tol 0.5
c-alpha constraints added to residues 71 and 68 dist 5.1979 and tol 0.5
c-alpha constraints added to residues 71 and 69 dist 5.33118 and tol 0.5
c-alpha constraints added to residues 71 and 70 dist 3.80893 and tol 0.5
c-alpha constraints added to residues 72 and 15 dist 8.57047 and tol 0.5
c-alpha constraints added to residues 72 and 16 dist 8.98327 and tol 0.5
c-alpha constraints added to residues 72 and 67 dist 8.70926 and tol 0.5
c-alpha constraints added to residues 72 and 68 dist 5.97711 and tol 0.5
c-alpha constraints added to residues 72 and 69 dist 4.92429 and tol 0.5
c-alpha constraints added to residues 72 and 70 dist 5.65033 and tol 0.5
c-alpha constraints added to residues 72 and 71 dist 3.79732 and tol 0.5
c-alpha constraints added to residues 73 and 68 dist 8.53461 and tol 0.5
c-alpha constraints added to residues 73 and 69 dist 5.95594 and tol 0.5
c-alpha constraints added to residues 73 and 70 dist 5.42097 and tol 0.5
c-alpha constraints added to residues 73 and 71 dist 5.4254 and tol 0.5
c-alpha constraints added to residues 73 and 72 dist 3.80769 and tol 0.5
c-alpha constraints added to residues 74 and 11 dist 8.46251 and tol 0.5
c-alpha constraints added to residues 74 and 55 dist 8.50861 and tol 0.5
c-alpha constraints added to residues 74 and 69 dist 8.56145 and tol 0.5
c-alpha constraints added to residues 74 and 70 dist 6.5814 and tol 0.5
c-alpha constraints added to residues 74 and 71 dist 5.2064 and tol 0.5
c-alpha constraints added to residues 74 and 72 dist 5.4383 and tol 0.5
c-alpha constraints added to residues 74 and 73 dist 3.83776 and tol 0.5
c-alpha constraints added to residues 75 and 11 dist 7.00128 and tol 0.5
c-alpha constraints added to residues 75 and 15 dist 8.81089 and tol 0.5
c-alpha constraints added to residues 75 and 71 dist 8.157 and tol 0.5
c-alpha constraints added to residues 75 and 72 dist 6.8407 and tol 0.5
c-alpha constraints added to residues 75 and 73 dist 5.54626 and tol 0.5
c-alpha constraints added to residues 75 and 74 dist 3.80343 and tol 0.5
c-alpha constraints added to residues 76 and 9 dist 8.52864 and tol 0.5
c-alpha constraints added to residues 76 and 10 dist 6.19381 and tol 0.5
c-alpha constraints added to residues 76 and 11 dist 5.32428 and tol 0.5
c-alpha constraints added to residues 76 and 12 dist 8.49014 and tol 0.5
c-alpha constraints added to residues 76 and 73 dist 8.86981 and tol 0.5
c-alpha constraints added to residues 76 and 74 dist 5.78644 and tol 0.5
c-alpha constraints added to residues 76 and 75 dist 3.78735 and tol 0.5
c-alpha constraints added to residues 77 and 8 dist 7.0979 and tol 0.5
c-alpha constraints added to residues 77 and 9 dist 5.37324 and tol 0.5
c-alpha constraints added to residues 77 and 10 dist 4.54473 and tol 0.5
c-alpha constraints added to residues 77 and 11 dist 5.4547 and tol 0.5
c-alpha constraints added to residues 77 and 16 dist 8.64016 and tol 0.5
c-alpha constraints added to residues 77 and 71 dist 8.76668 and tol 0.5
c-alpha constraints added to residues 77 and 74 dist 5.82947 and tol 0.5
c-alpha constraints added to residues 77 and 75 dist 6.19214 and tol 0.5
c-alpha constraints added to residues 77 and 76 dist 3.78333 and tol 0.5
c-alpha constraints added to residues 78 and 7 dist 8.22946 and tol 0.5
c-alpha constraints added to residues 78 and 8 dist 5.89228 and tol 0.5
c-alpha constraints added to residues 78 and 9 dist 5.24771 and tol 0.5
c-alpha constraints added to residues 78 and 10 dist 6.86958 and tol 0.5
c-alpha constraints added to residues 78 and 11 dist 7.75587 and tol 0.5
c-alpha constraints added to residues 78 and 16 dist 8.67987 and tol 0.5
c-alpha constraints added to residues 78 and 54 dist 7.07465 and tol 0.5
c-alpha constraints added to residues 78 and 55 dist 6.15161 and tol 0.5
c-alpha constraints added to residues 78 and 70 dist 8.9606 and tol 0.5
c-alpha constraints added to residues 78 and 71 dist 6.61412 and tol 0.5
c-alpha constraints added to residues 78 and 74 dist 5.80087 and tol 0.5
c-alpha constraints added to residues 78 and 75 dist 8.07725 and tol 0.5
c-alpha constraints added to residues 78 and 76 dist 7.11439 and tol 0.5
c-alpha constraints added to residues 78 and 77 dist 3.76909 and tol 0.5
c-alpha constraints added to residues 79 and 6 dist 6.70277 and tol 0.5
c-alpha constraints added to residues 79 and 7 dist 5.83054 and tol 0.5
c-alpha constraints added to residues 79 and 8 dist 4.58635 and tol 0.5
c-alpha constraints added to residues 79 and 9 dist 6.39129 and tol 0.5
c-alpha constraints added to residues 79 and 53 dist 7.8651 and tol 0.5
c-alpha constraints added to residues 79 and 54 dist 5.80868 and tol 0.5
c-alpha constraints added to residues 79 and 55 dist 4.85764 and tol 0.5
c-alpha constraints added to residues 79 and 56 dist 7.32877 and tol 0.5
c-alpha constraints added to residues 79 and 71 dist 8.9517 and tol 0.5
c-alpha constraints added to residues 79 and 77 dist 6.90582 and tol 0.5
c-alpha constraints added to residues 79 and 78 dist 3.80201 and tol 0.5
c-alpha constraints added to residues 80 and 5 dist 8.15844 and tol 0.5
c-alpha constraints added to residues 80 and 6 dist 5.67119 and tol 0.5
c-alpha constraints added to residues 80 and 7 dist 5.21799 and tol 0.5
c-alpha constraints added to residues 80 and 8 dist 6.39787 and tol 0.5
c-alpha constraints added to residues 80 and 9 dist 7.92939 and tol 0.5
c-alpha constraints added to residues 80 and 45 dist 8.8231 and tol 0.5
c-alpha constraints added to residues 80 and 51 dist 6.82698 and tol 0.5
c-alpha constraints added to residues 80 and 52 dist 7.46966 and tol 0.5
c-alpha constraints added to residues 80 and 53 dist 5.75073 and tol 0.5
c-alpha constraints added to residues 80 and 54 dist 4.88625 and tol 0.5
c-alpha constraints added to residues 80 and 55 dist 6.4204 and tol 0.5
c-alpha constraints added to residues 80 and 56 dist 7.88998 and tol 0.5
c-alpha constraints added to residues 80 and 78 dist 6.30911 and tol 0.5
c-alpha constraints added to residues 80 and 79 dist 3.79063 and tol 0.5
c-alpha constraints added to residues 81 and 4 dist 6.23923 and tol 0.5
c-alpha constraints added to residues 81 and 5 dist 5.50247 and tol 0.5
c-alpha constraints added to residues 81 and 6 dist 4.3311 and tol 0.5
c-alpha constraints added to residues 81 and 7 dist 6.28224 and tol 0.5
c-alpha constraints added to residues 81 and 8 dist 8.68806 and tol 0.5
c-alpha constraints added to residues 81 and 50 dist 8.51427 and tol 0.5
c-alpha constraints added to residues 81 and 51 dist 6.23493 and tol 0.5
c-alpha constraints added to residues 81 and 52 dist 5.45399 and tol 0.5
c-alpha constraints added to residues 81 and 53 dist 4.91095 and tol 0.5
c-alpha constraints added to residues 81 and 54 dist 6.57649 and tol 0.5
c-alpha constraints added to residues 81 and 55 dist 8.16269 and tol 0.5
c-alpha constraints added to residues 81 and 56 dist 7.79837 and tol 0.5
c-alpha constraints added to residues 81 and 79 dist 6.58476 and tol 0.5
c-alpha constraints added to residues 81 and 80 dist 3.79939 and tol 0.5
c-alpha constraints added to residues 82 and 3 dist 8.84306 and tol 0.5
c-alpha constraints added to residues 82 and 4 dist 5.38773 and tol 0.5
c-alpha constraints added to residues 82 and 5 dist 5.37714 and tol 0.5
c-alpha constraints added to residues 82 and 6 dist 6.34259 and tol 0.5
c-alpha constraints added to residues 82 and 7 dist 7.50576 and tol 0.5
c-alpha constraints added to residues 82 and 30 dist 8.90503 and tol 0.5
c-alpha constraints added to residues 82 and 45 dist 8.2454 and tol 0.5
c-alpha constraints added to residues 82 and 49 dist 5.91655 and tol 0.5
c-alpha constraints added to residues 82 and 50 dist 5.28175 and tol 0.5
c-alpha constraints added to residues 82 and 51 dist 4.642 and tol 0.5
c-alpha constraints added to residues 82 and 52 dist 5.36061 and tol 0.5
c-alpha constraints added to residues 82 and 53 dist 7.08113 and tol 0.5
c-alpha constraints added to residues 82 and 80 dist 6.01588 and tol 0.5
c-alpha constraints added to residues 82 and 81 dist 3.80273 and tol 0.5
c-alpha constraints added to residues 83 and 2 dist 7.44606 and tol 0.5
c-alpha constraints added to residues 83 and 3 dist 6.84787 and tol 0.5
c-alpha constraints added to residues 83 and 4 dist 4.66279 and tol 0.5
c-alpha constraints added to residues 83 and 5 dist 6.22754 and tol 0.5
c-alpha constraints added to residues 83 and 6 dist 8.87785 and tol 0.5
c-alpha constraints added to residues 83 and 48 dist 8.75926 and tol 0.5
c-alpha constraints added to residues 83 and 49 dist 5.51598 and tol 0.5
c-alpha constraints added to residues 83 and 50 dist 5.09859 and tol 0.5
c-alpha constraints added to residues 83 and 51 dist 6.76532 and tol 0.5
c-alpha constraints added to residues 83 and 52 dist 7.17225 and tol 0.5
c-alpha constraints added to residues 83 and 81 dist 7.13097 and tol 0.5
c-alpha constraints added to residues 83 and 82 dist 3.77344 and tol 0.5
c-alpha constraints added to residues 84 and 2 dist 7.5469 and tol 0.5
c-alpha constraints added to residues 84 and 3 dist 8.37654 and tol 0.5
c-alpha constraints added to residues 84 and 4 dist 7.42382 and tol 0.5
c-alpha constraints added to residues 84 and 5 dist 7.80757 and tol 0.5
c-alpha constraints added to residues 84 and 45 dist 8.65614 and tol 0.5
c-alpha constraints added to residues 84 and 46 dist 7.3413 and tol 0.5
c-alpha constraints added to residues 84 and 47 dist 8.60352 and tol 0.5
c-alpha constraints added to residues 84 and 48 dist 6.77702 and tol 0.5
c-alpha constraints added to residues 84 and 49 dist 4.63981 and tol 0.5
c-alpha constraints added to residues 84 and 50 dist 6.53767 and tol 0.5
c-alpha constraints added to residues 84 and 82 dist 6.39539 and tol 0.5
c-alpha constraints added to residues 84 and 83 dist 3.78854 and tol 0.5
c-alpha constraints added to residues 85 and 46 dist 8.33722 and tol 0.5
c-alpha constraints added to residues 85 and 47 dist 8.05587 and tol 0.5
c-alpha constraints added to residues 85 and 48 dist 5.27025 and tol 0.5
c-alpha constraints added to residues 85 and 49 dist 5.46528 and tol 0.5
c-alpha constraints added to residues 85 and 50 dist 7.28451 and tol 0.5
c-alpha constraints added to residues 85 and 83 dist 6.58789 and tol 0.5
c-alpha constraints added to residues 85 and 84 dist 3.78714 and tol 0.5
c-alpha constraints added to residues 86 and 1 dist 7.52791 and tol 0.5
c-alpha constraints added to residues 86 and 2 dist 8.57075 and tol 0.5
c-alpha constraints added to residues 86 and 48 dist 8.68701 and tol 0.5
c-alpha constraints added to residues 86 and 83 dist 8.80003 and tol 0.5
c-alpha constraints added to residues 86 and 84 dist 6.44678 and tol 0.5
c-alpha constraints added to residues 86 and 85 dist 3.76953 and tol 0.5
c-alpha constraints added to residues 87 and 85 dist 6.94885 and tol 0.5
c-alpha constraints added to residues 87 and 86 dist 3.79028 and tol 0.5
c-alpha constraints added to residues 88 and 86 dist 7.02994 and tol 0.5
c-alpha constraints added to residues 88 and 87 dist 3.7908 and tol 0.5
c-alpha constraints added to residues 89 and 86 dist 8.97013 and tol 0.5
c-alpha constraints added to residues 89 and 87 dist 5.35024 and tol 0.5
c-alpha constraints added to residues 89 and 88 dist 3.78881 and tol 0.5
c-alpha constraints added to residues 90 and 87 dist 7.87907 and tol 0.5
c-alpha constraints added to residues 90 and 88 dist 6.36654 and tol 0.5
c-alpha constraints added to residues 90 and 89 dist 3.82273 and tol 0.5
c-alpha constraints added to residues 91 and 87 dist 8.85254 and tol 0.5
c-alpha constraints added to residues 91 and 88 dist 8.91784 and tol 0.5
c-alpha constraints added to residues 91 and 89 dist 6.31138 and tol 0.5
c-alpha constraints added to residues 91 and 90 dist 3.84093 and tol 0.5
c-alpha constraints added to residues 93 and 92 dist 3.78948 and tol 0.5
c-alpha constraints added to residues 94 and 92 dist 7.16766 and tol 0.5
c-alpha constraints added to residues 94 and 93 dist 3.80189 and tol 0.5
c-alpha constraints added to residues 95 and 24 dist 7.80185 and tol 0.5
c-alpha constraints added to residues 95 and 25 dist 8.54106 and tol 0.5
c-alpha constraints added to residues 95 and 93 dist 7.15446 and tol 0.5
c-alpha constraints added to residues 95 and 94 dist 3.80227 and tol 0.5
c-alpha constraints added to residues 96 and 22 dist 8.21839 and tol 0.5
c-alpha constraints added to residues 96 and 24 dist 8.52272 and tol 0.5
c-alpha constraints added to residues 96 and 94 dist 7.20136 and tol 0.5
c-alpha constraints added to residues 96 and 95 dist 3.80233 and tol 0.5
c-alpha constraints added to residues 97 and 21 dist 6.28617 and tol 0.5
c-alpha constraints added to residues 97 and 22 dist 5.52072 and tol 0.5
c-alpha constraints added to residues 97 and 23 dist 7.58293 and tol 0.5
c-alpha constraints added to residues 97 and 24 dist 8.72259 and tol 0.5
c-alpha constraints added to residues 97 and 64 dist 7.56756 and tol 0.5
c-alpha constraints added to residues 97 and 95 dist 7.2029 and tol 0.5
c-alpha constraints added to residues 97 and 96 dist 3.80142 and tol 0.5
c-alpha constraints added to residues 98 and 20 dist 7.86566 and tol 0.5
c-alpha constraints added to residues 98 and 21 dist 5.56434 and tol 0.5
c-alpha constraints added to residues 98 and 22 dist 7.02835 and tol 0.5
c-alpha constraints added to residues 98 and 64 dist 6.65039 and tol 0.5
c-alpha constraints added to residues 98 and 65 dist 8.43963 and tol 0.5
c-alpha constraints added to residues 98 and 96 dist 7.16115 and tol 0.5
c-alpha constraints added to residues 98 and 97 dist 3.79159 and tol 0.5
c-alpha constraints added to residues 99 and 19 dist 6.42661 and tol 0.5
c-alpha constraints added to residues 99 and 20 dist 5.36397 and tol 0.5
c-alpha constraints added to residues 99 and 21 dist 4.68971 and tol 0.5
c-alpha constraints added to residues 99 and 22 dist 7.89004 and tol 0.5
c-alpha constraints added to residues 99 and 32 dist 7.9929 and tol 0.5
c-alpha constraints added to residues 99 and 64 dist 7.75684 and tol 0.5
c-alpha constraints added to residues 99 and 97 dist 6.9505 and tol 0.5
c-alpha constraints added to residues 99 and 98 dist 3.77309 and tol 0.5
c-alpha constraints added to residues 100 and 18 dist 8.293 and tol 0.5
c-alpha constraints added to residues 100 and 19 dist 5.38415 and tol 0.5
c-alpha constraints added to residues 100 and 20 dist 5.62377 and tol 0.5
c-alpha constraints added to residues 100 and 21 dist 7.14477 and tol 0.5
c-alpha constraints added to residues 100 and 64 dist 8.2846 and tol 0.5
c-alpha constraints added to residues 100 and 65 dist 8.61275 and tol 0.5
c-alpha constraints added to residues 100 and 68 dist 7.24656 and tol 0.5
c-alpha constraints added to residues 100 and 98 dist 6.74234 and tol 0.5
c-alpha constraints added to residues 100 and 99 dist 3.80725 and tol 0.5
c-alpha constraints added to residues 101 and 15 dist 8.6665 and tol 0.5
c-alpha constraints added to residues 101 and 16 dist 8.44769 and tol 0.5
c-alpha constraints added to residues 101 and 17 dist 6.7595 and tol 0.5
c-alpha constraints added to residues 101 and 18 dist 5.73625 and tol 0.5
c-alpha constraints added to residues 101 and 19 dist 4.54896 and tol 0.5
c-alpha constraints added to residues 101 and 20 dist 6.93561 and tol 0.5
c-alpha constraints added to residues 101 and 68 dist 8.46175 and tol 0.5
c-alpha constraints added to residues 101 and 99 dist 7.07194 and tol 0.5
c-alpha constraints added to residues 101 and 100 dist 3.82894 and tol 0.5
c-alpha constraints added to residues 102 and 14 dist 8.81232 and tol 0.5
c-alpha constraints added to residues 102 and 15 dist 6.09644 and tol 0.5
c-alpha constraints added to residues 102 and 16 dist 5.61019 and tol 0.5
c-alpha constraints added to residues 102 and 17 dist 5.72302 and tol 0.5
c-alpha constraints added to residues 102 and 18 dist 5.6273 and tol 0.5
c-alpha constraints added to residues 102 and 19 dist 6.19921 and tol 0.5
c-alpha constraints added to residues 102 and 20 dist 7.98142 and tol 0.5
c-alpha constraints added to residues 102 and 68 dist 7.05693 and tol 0.5
c-alpha constraints added to residues 102 and 71 dist 7.07707 and tol 0.5
c-alpha constraints added to residues 102 and 72 dist 6.40534 and tol 0.5
c-alpha constraints added to residues 102 and 100 dist 6.40338 and tol 0.5
c-alpha constraints added to residues 102 and 101 dist 3.7935 and tol 0.5
core.pack.dunbrack.RotamerLibrary: Using Dunbrack library binary file '/home/arubenstein//Rosetta/main/database/rotamer/ExtendedOpt1-5/Dunbrack10.lib.bin'.
core.pack.dunbrack.RotamerLibrary: Dunbrack 2010 library took 0.398028 seconds to load from binary
------------------------------------------------------------
 Scores                       Weight   Raw Score Wghtd.Score
------------------------------------------------------------
 fa_atr                       1.000    -574.152    -574.152
 fa_rep                       0.550    2867.771    1577.274
 fa_sol                       0.938     353.429     331.340
 fa_intra_rep                 0.005     154.817       0.774
 fa_elec                      0.875     -54.106     -47.343
 pro_close                    1.250       0.311       0.389
 hbond_sr_bb                  1.170     -12.114     -14.173
 hbond_lr_bb                  1.170     -24.738     -28.943
 hbond_bb_sc                  1.170      -5.372      -6.285
 hbond_sc                     1.100      -6.855      -7.541
 dslf_fa13                    1.250       0.000       0.000
 atom_pair_constraint         1.000       0.000       0.000
 coordinate_constraint        1.000       0.000       0.000
 angle_constraint             1.000       0.000       0.000
 dihedral_constraint          1.000       0.000       0.000
 rama                         0.250     -53.479     -13.370
 omega                        0.625       7.824       4.890
 fa_dun                       0.700     156.477     109.534
 p_aa_pp                      0.400     -53.291     -21.316
 yhh_planarity                0.625       0.074       0.046
 ref                          1.000      -8.522      -8.522
 res_type_constraint          1.000       0.000       0.000
---------------------------------------------------
 Total weighted score:                     1302.601
------------------------------------------------------------
 Scores                       Weight   Raw Score Wghtd.Score
------------------------------------------------------------
 fa_atr                       1.000    -568.123    -568.123
 fa_rep                       0.550      66.568      36.612
 fa_sol                       0.938     344.317     322.798
 fa_intra_rep                 0.005     156.906       0.785
 fa_elec                      0.875     -54.334     -47.543
 pro_close                    1.250       0.244       0.306
 hbond_sr_bb                  1.170     -12.091     -14.146
 hbond_lr_bb                  1.170     -24.344     -28.482
 hbond_bb_sc                  1.170      -5.545      -6.487
 hbond_sc                     1.100      -7.245      -7.969
 dslf_fa13                    1.250       0.000       0.000
 atom_pair_constraint         1.000       5.667       5.667
 coordinate_constraint        1.000       0.000       0.000
 angle_constraint             1.000       0.000       0.000
 dihedral_constraint          1.000       0.000       0.000
 rama                         0.250     -52.695     -13.174
 omega                        0.625       7.585       4.741
 fa_dun                       0.700     159.432     111.602
 p_aa_pp                      0.400     -55.246     -22.098
 yhh_planarity                0.625       0.075       0.047
 ref                          1.000      -8.522      -8.522
 res_type_constraint          1.000       0.000       0.000
---------------------------------------------------
 Total weighted score:                     -233.988
running another iteration of minimization. difference is: -1536.59
