core.init: Rosetta version cfc466308d02bc2649ea5ad781d49ad9310a9725 2016-03-08 23:18:50 -0500 from git@github.com:RosettaCommons/main.git
core.init: command: /home/arubenstein//Rosetta/main/source/bin//minimize_with_cst.linuxgccrelease -in:file:l min_1g9o07_complex_0001min_1g9o07_complex_0001_0001.list -in:file:fullatom -fa_max_dis 9.0 -database /home/arubenstein//Rosetta/main/database/ -ddg::harmonic_ca_tether 0.5 -cst_fa_file /home/arubenstein//CADRES/PDZ_ddG/ancillary_files//input_pdbs/1g9o.cst -score:weights talaris2014_cst -ddg::constraint_weight 1.0 -ddg::out_pdb_prefix min -ddg::sc_min_only false
core.init: 'RNG device' seed mode, using '/dev/urandom', seed=911436470 seed_offset=0 real_seed=911436470
core.init.random: RandomGenerator:init: Normal mode, seed=911436470 RG_type=mt19937
core.chemical.ResidueTypeSet: Finished initializing fa_standard residue type set.  Created 384 residue types
core.chemical.ResidueTypeSet: Total time to initialize 0.76697 seconds.
core.scoring.ScoreFunctionFactory: SCOREFUNCTION: talaris2014_cst
core.scoring.etable: Starting energy table calculation
core.scoring.etable: smooth_etable: changing atr/rep split to bottom of energy well
core.scoring.etable: smooth_etable: spline smoothing lj etables (maxdis = 9)
core.scoring.etable: smooth_etable: spline smoothing solvation etables (max_dis = 9)
core.scoring.etable: Finished calculating energy tables.
basic.io.database: Database file opened: scoring/score_functions/hbonds/sp2_elec_params/HBPoly1D.csv
basic.io.database: Database file opened: scoring/score_functions/hbonds/sp2_elec_params/HBFadeIntervals.csv
basic.io.database: Database file opened: scoring/score_functions/hbonds/sp2_elec_params/HBEval.csv
basic.io.database: Database file opened: scoring/score_functions/rama/Rama_smooth_dyn.dat_ss_6.4
basic.io.database: Database file opened: scoring/score_functions/P_AA_pp/P_AA
basic.io.database: Database file opened: scoring/score_functions/P_AA_pp/P_AA_n
basic.io.database: Database file opened: scoring/score_functions/P_AA_pp/P_AA_pp
using -l option 
examining file: /home/arubenstein//CADRES/PDZ_ddG/results//prepack/min_1g9o07_complex_0001min_1g9o07_complex_0001_0001.pdb
c-alpha constraints added to residues 2 and 1 dist 3.76543 and tol 0.5
c-alpha constraints added to residues 3 and 1 dist 7.05975 and tol 0.5
c-alpha constraints added to residues 3 and 2 dist 3.77638 and tol 0.5
c-alpha constraints added to residues 4 and 2 dist 6.67399 and tol 0.5
c-alpha constraints added to residues 4 and 3 dist 3.80425 and tol 0.5
c-alpha constraints added to residues 5 and 2 dist 8.78962 and tol 0.5
c-alpha constraints added to residues 5 and 3 dist 6.15656 and tol 0.5
c-alpha constraints added to residues 5 and 4 dist 3.81441 and tol 0.5
c-alpha constraints added to residues 6 and 4 dist 6.81332 and tol 0.5
c-alpha constraints added to residues 6 and 5 dist 3.80704 and tol 0.5
c-alpha constraints added to residues 7 and 5 dist 6.47932 and tol 0.5
c-alpha constraints added to residues 7 and 6 dist 3.81498 and tol 0.5
c-alpha constraints added to residues 8 and 6 dist 6.50317 and tol 0.5
c-alpha constraints added to residues 8 and 7 dist 3.80265 and tol 0.5
c-alpha constraints added to residues 9 and 7 dist 6.38905 and tol 0.5
c-alpha constraints added to residues 9 and 8 dist 3.80076 and tol 0.5
c-alpha constraints added to residues 10 and 8 dist 6.82725 and tol 0.5
c-alpha constraints added to residues 10 and 9 dist 3.81608 and tol 0.5
c-alpha constraints added to residues 11 and 9 dist 6.23214 and tol 0.5
c-alpha constraints added to residues 11 and 10 dist 3.8118 and tol 0.5
c-alpha constraints added to residues 12 and 9 dist 8.83694 and tol 0.5
c-alpha constraints added to residues 12 and 10 dist 6.31263 and tol 0.5
c-alpha constraints added to residues 12 and 11 dist 3.78966 and tol 0.5
c-alpha constraints added to residues 13 and 11 dist 7.08773 and tol 0.5
c-alpha constraints added to residues 13 and 12 dist 3.83264 and tol 0.5
c-alpha constraints added to residues 14 and 11 dist 7.8653 and tol 0.5
c-alpha constraints added to residues 14 and 12 dist 5.52132 and tol 0.5
c-alpha constraints added to residues 14 and 13 dist 3.79733 and tol 0.5
c-alpha constraints added to residues 15 and 10 dist 8.81759 and tol 0.5
c-alpha constraints added to residues 15 and 11 dist 5.35066 and tol 0.5
c-alpha constraints added to residues 15 and 12 dist 5.01972 and tol 0.5
c-alpha constraints added to residues 15 and 13 dist 5.83238 and tol 0.5
c-alpha constraints added to residues 15 and 14 dist 3.79201 and tol 0.5
c-alpha constraints added to residues 16 and 9 dist 7.01657 and tol 0.5
c-alpha constraints added to residues 16 and 10 dist 7.32346 and tol 0.5
c-alpha constraints added to residues 16 and 11 dist 5.23433 and tol 0.5
c-alpha constraints added to residues 16 and 12 dist 6.06543 and tol 0.5
c-alpha constraints added to residues 16 and 13 dist 8.47583 and tol 0.5
c-alpha constraints added to residues 16 and 14 dist 6.8775 and tol 0.5
c-alpha constraints added to residues 16 and 15 dist 3.79865 and tol 0.5
c-alpha constraints added to residues 17 and 11 dist 8.69638 and tol 0.5
c-alpha constraints added to residues 17 and 12 dist 8.2246 and tol 0.5
c-alpha constraints added to residues 17 and 14 dist 7.10423 and tol 0.5
c-alpha constraints added to residues 17 and 15 dist 5.6122 and tol 0.5
c-alpha constraints added to residues 17 and 16 dist 3.77302 and tol 0.5
c-alpha constraints added to residues 18 and 15 dist 8.63 and tol 0.5
c-alpha constraints added to residues 18 and 16 dist 6.15366 and tol 0.5
c-alpha constraints added to residues 18 and 17 dist 3.77258 and tol 0.5
c-alpha constraints added to residues 19 and 17 dist 7.10116 and tol 0.5
c-alpha constraints added to residues 19 and 18 dist 3.79708 and tol 0.5
c-alpha constraints added to residues 20 and 18 dist 6.87648 and tol 0.5
c-alpha constraints added to residues 20 and 19 dist 3.79349 and tol 0.5
c-alpha constraints added to residues 21 and 19 dist 6.92787 and tol 0.5
c-alpha constraints added to residues 21 and 20 dist 3.77378 and tol 0.5
c-alpha constraints added to residues 22 and 20 dist 7.08138 and tol 0.5
c-alpha constraints added to residues 22 and 21 dist 3.76569 and tol 0.5
c-alpha constraints added to residues 23 and 21 dist 6.67036 and tol 0.5
c-alpha constraints added to residues 23 and 22 dist 3.7883 and tol 0.5
c-alpha constraints added to residues 24 and 22 dist 6.93197 and tol 0.5
c-alpha constraints added to residues 24 and 23 dist 3.78271 and tol 0.5
c-alpha constraints added to residues 25 and 22 dist 8.8684 and tol 0.5
c-alpha constraints added to residues 25 and 23 dist 6.26082 and tol 0.5
c-alpha constraints added to residues 25 and 24 dist 3.79386 and tol 0.5
c-alpha constraints added to residues 26 and 22 dist 6.99795 and tol 0.5
c-alpha constraints added to residues 26 and 23 dist 5.36549 and tol 0.5
c-alpha constraints added to residues 26 and 24 dist 5.4991 and tol 0.5
c-alpha constraints added to residues 26 and 25 dist 3.80642 and tol 0.5
c-alpha constraints added to residues 27 and 22 dist 7.23717 and tol 0.5
c-alpha constraints added to residues 27 and 23 dist 7.58543 and tol 0.5
c-alpha constraints added to residues 27 and 24 dist 8.57728 and tol 0.5
c-alpha constraints added to residues 27 and 25 dist 7.02211 and tol 0.5
c-alpha constraints added to residues 27 and 26 dist 3.81145 and tol 0.5
c-alpha constraints added to residues 28 and 21 dist 8.43746 and tol 0.5
c-alpha constraints added to residues 28 and 22 dist 5.96998 and tol 0.5
c-alpha constraints added to residues 28 and 23 dist 7.46063 and tol 0.5
c-alpha constraints added to residues 28 and 26 dist 5.97401 and tol 0.5
c-alpha constraints added to residues 28 and 27 dist 3.79498 and tol 0.5
c-alpha constraints added to residues 29 and 20 dist 6.23609 and tol 0.5
c-alpha constraints added to residues 29 and 21 dist 5.43958 and tol 0.5
c-alpha constraints added to residues 29 and 22 dist 4.64362 and tol 0.5
c-alpha constraints added to residues 29 and 23 dist 7.17518 and tol 0.5
c-alpha constraints added to residues 29 and 26 dist 8.34364 and tol 0.5
c-alpha constraints added to residues 29 and 27 dist 7.19682 and tol 0.5
c-alpha constraints added to residues 29 and 28 dist 3.77249 and tol 0.5
c-alpha constraints added to residues 30 and 19 dist 8.32318 and tol 0.5
c-alpha constraints added to residues 30 and 20 dist 5.49941 and tol 0.5
c-alpha constraints added to residues 30 and 21 dist 5.51378 and tol 0.5
c-alpha constraints added to residues 30 and 22 dist 5.8484 and tol 0.5
c-alpha constraints added to residues 30 and 23 dist 7.06816 and tol 0.5
c-alpha constraints added to residues 30 and 28 dist 6.74636 and tol 0.5
c-alpha constraints added to residues 30 and 29 dist 3.80531 and tol 0.5
c-alpha constraints added to residues 31 and 18 dist 6.884 and tol 0.5
c-alpha constraints added to residues 31 and 19 dist 5.64889 and tol 0.5
c-alpha constraints added to residues 31 and 20 dist 4.63426 and tol 0.5
c-alpha constraints added to residues 31 and 21 dist 6.52864 and tol 0.5
c-alpha constraints added to residues 31 and 22 dist 8.55966 and tol 0.5
c-alpha constraints added to residues 31 and 29 dist 6.98659 and tol 0.5
c-alpha constraints added to residues 31 and 30 dist 3.78457 and tol 0.5
c-alpha constraints added to residues 32 and 18 dist 7.56314 and tol 0.5
c-alpha constraints added to residues 32 and 19 dist 5.35117 and tol 0.5
c-alpha constraints added to residues 32 and 20 dist 5.3291 and tol 0.5
c-alpha constraints added to residues 32 and 21 dist 6.06842 and tol 0.5
c-alpha constraints added to residues 32 and 22 dist 8.55662 and tol 0.5
c-alpha constraints added to residues 32 and 30 dist 6.04163 and tol 0.5
c-alpha constraints added to residues 32 and 31 dist 3.78892 and tol 0.5
c-alpha constraints added to residues 33 and 17 dist 8.66848 and tol 0.5
c-alpha constraints added to residues 33 and 18 dist 5.66089 and tol 0.5
c-alpha constraints added to residues 33 and 19 dist 5.22499 and tol 0.5
c-alpha constraints added to residues 33 and 20 dist 7.41021 and tol 0.5
c-alpha constraints added to residues 33 and 31 dist 5.64381 and tol 0.5
c-alpha constraints added to residues 33 and 32 dist 3.80942 and tol 0.5
c-alpha constraints added to residues 34 and 17 dist 6.34142 and tol 0.5
c-alpha constraints added to residues 34 and 18 dist 4.45127 and tol 0.5
c-alpha constraints added to residues 34 and 19 dist 6.5782 and tol 0.5
c-alpha constraints added to residues 34 and 31 dist 7.14857 and tol 0.5
c-alpha constraints added to residues 34 and 32 dist 7.11262 and tol 0.5
c-alpha constraints added to residues 34 and 33 dist 3.80123 and tol 0.5
c-alpha constraints added to residues 35 and 16 dist 8.82549 and tol 0.5
c-alpha constraints added to residues 35 and 17 dist 5.39163 and tol 0.5
c-alpha constraints added to residues 35 and 18 dist 5.74776 and tol 0.5
c-alpha constraints added to residues 35 and 19 dist 8.31546 and tol 0.5
c-alpha constraints added to residues 35 and 33 dist 6.37066 and tol 0.5
c-alpha constraints added to residues 35 and 34 dist 3.80376 and tol 0.5
c-alpha constraints added to residues 36 and 17 dist 8.15555 and tol 0.5
c-alpha constraints added to residues 36 and 34 dist 6.45138 and tol 0.5
c-alpha constraints added to residues 36 and 35 dist 3.81353 and tol 0.5
c-alpha constraints added to residues 37 and 17 dist 8.28968 and tol 0.5
c-alpha constraints added to residues 37 and 34 dist 8.85692 and tol 0.5
c-alpha constraints added to residues 37 and 35 dist 6.30989 and tol 0.5
c-alpha constraints added to residues 37 and 36 dist 3.8055 and tol 0.5
c-alpha constraints added to residues 38 and 11 dist 8.8657 and tol 0.5
c-alpha constraints added to residues 38 and 12 dist 7.3535 and tol 0.5
c-alpha constraints added to residues 38 and 14 dist 8.50647 and tol 0.5
c-alpha constraints added to residues 38 and 15 dist 8.08568 and tol 0.5
c-alpha constraints added to residues 38 and 16 dist 6.186 and tol 0.5
c-alpha constraints added to residues 38 and 17 dist 5.05386 and tol 0.5
c-alpha constraints added to residues 38 and 18 dist 7.69091 and tol 0.5
c-alpha constraints added to residues 38 and 34 dist 7.42223 and tol 0.5
c-alpha constraints added to residues 38 and 35 dist 5.58694 and tol 0.5
c-alpha constraints added to residues 38 and 36 dist 5.55608 and tol 0.5
c-alpha constraints added to residues 38 and 37 dist 3.79614 and tol 0.5
c-alpha constraints added to residues 39 and 8 dist 8.8682 and tol 0.5
c-alpha constraints added to residues 39 and 9 dist 5.62961 and tol 0.5
c-alpha constraints added to residues 39 and 10 dist 5.95876 and tol 0.5
c-alpha constraints added to residues 39 and 11 dist 6.34184 and tol 0.5
c-alpha constraints added to residues 39 and 12 dist 6.20881 and tol 0.5
c-alpha constraints added to residues 39 and 15 dist 7.80654 and tol 0.5
c-alpha constraints added to residues 39 and 16 dist 5.19947 and tol 0.5
c-alpha constraints added to residues 39 and 17 dist 6.41583 and tol 0.5
c-alpha constraints added to residues 39 and 18 dist 8.69971 and tol 0.5
c-alpha constraints added to residues 39 and 35 dist 8.71883 and tol 0.5
c-alpha constraints added to residues 39 and 36 dist 8.96822 and tol 0.5
c-alpha constraints added to residues 39 and 37 dist 6.85097 and tol 0.5
c-alpha constraints added to residues 39 and 38 dist 3.7893 and tol 0.5
c-alpha constraints added to residues 40 and 7 dist 8.25346 and tol 0.5
c-alpha constraints added to residues 40 and 8 dist 8.43245 and tol 0.5
c-alpha constraints added to residues 40 and 9 dist 6.08996 and tol 0.5
c-alpha constraints added to residues 40 and 10 dist 8.31246 and tol 0.5
c-alpha constraints added to residues 40 and 11 dist 8.75142 and tol 0.5
c-alpha constraints added to residues 40 and 16 dist 5.59843 and tol 0.5
c-alpha constraints added to residues 40 and 17 dist 5.80344 and tol 0.5
c-alpha constraints added to residues 40 and 18 dist 6.28371 and tol 0.5
c-alpha constraints added to residues 40 and 34 dist 6.43814 and tol 0.5
c-alpha constraints added to residues 40 and 35 dist 7.4251 and tol 0.5
c-alpha constraints added to residues 40 and 36 dist 8.55782 and tol 0.5
c-alpha constraints added to residues 40 and 37 dist 8.05401 and tol 0.5
c-alpha constraints added to residues 40 and 38 dist 5.06585 and tol 0.5
c-alpha constraints added to residues 40 and 39 dist 3.81997 and tol 0.5
c-alpha constraints added to residues 41 and 9 dist 8.84703 and tol 0.5
c-alpha constraints added to residues 41 and 16 dist 8.83708 and tol 0.5
c-alpha constraints added to residues 41 and 17 dist 7.96779 and tol 0.5
c-alpha constraints added to residues 41 and 18 dist 8.40527 and tol 0.5
c-alpha constraints added to residues 41 and 34 dist 6.31165 and tol 0.5
c-alpha constraints added to residues 41 and 35 dist 6.89756 and tol 0.5
c-alpha constraints added to residues 41 and 36 dist 6.42187 and tol 0.5
c-alpha constraints added to residues 41 and 37 dist 6.1796 and tol 0.5
c-alpha constraints added to residues 41 and 38 dist 5.12221 and tol 0.5
c-alpha constraints added to residues 41 and 39 dist 5.426 and tol 0.5
c-alpha constraints added to residues 41 and 40 dist 3.79775 and tol 0.5
c-alpha constraints added to residues 42 and 9 dist 7.58545 and tol 0.5
c-alpha constraints added to residues 42 and 10 dist 8.85569 and tol 0.5
c-alpha constraints added to residues 42 and 36 dist 8.99417 and tol 0.5
c-alpha constraints added to residues 42 and 37 dist 7.09108 and tol 0.5
c-alpha constraints added to residues 42 and 38 dist 6.29881 and tol 0.5
c-alpha constraints added to residues 42 and 39 dist 4.86668 and tol 0.5
c-alpha constraints added to residues 42 and 40 dist 5.45817 and tol 0.5
c-alpha constraints added to residues 42 and 41 dist 3.83189 and tol 0.5
c-alpha constraints added to residues 43 and 6 dist 8.99956 and tol 0.5
c-alpha constraints added to residues 43 and 7 dist 5.39776 and tol 0.5
c-alpha constraints added to residues 43 and 8 dist 5.72908 and tol 0.5
c-alpha constraints added to residues 43 and 9 dist 5.47251 and tol 0.5
c-alpha constraints added to residues 43 and 10 dist 8.12951 and tol 0.5
c-alpha constraints added to residues 43 and 38 dist 8.59123 and tol 0.5
c-alpha constraints added to residues 43 and 39 dist 6.01854 and tol 0.5
c-alpha constraints added to residues 43 and 40 dist 5.18649 and tol 0.5
c-alpha constraints added to residues 43 and 41 dist 5.40945 and tol 0.5
c-alpha constraints added to residues 43 and 42 dist 3.80901 and tol 0.5
c-alpha constraints added to residues 44 and 7 dist 6.34208 and tol 0.5
c-alpha constraints added to residues 44 and 8 dist 8.50495 and tol 0.5
c-alpha constraints added to residues 44 and 9 dist 8.83742 and tol 0.5
c-alpha constraints added to residues 44 and 39 dist 8.59769 and tol 0.5
c-alpha constraints added to residues 44 and 40 dist 6.39763 and tol 0.5
c-alpha constraints added to residues 44 and 41 dist 5.13684 and tol 0.5
c-alpha constraints added to residues 44 and 42 dist 5.46684 and tol 0.5
c-alpha constraints added to residues 44 and 43 dist 3.80166 and tol 0.5
c-alpha constraints added to residues 45 and 7 dist 6.73435 and tol 0.5
c-alpha constraints added to residues 45 and 18 dist 8.59714 and tol 0.5
c-alpha constraints added to residues 45 and 31 dist 8.11146 and tol 0.5
c-alpha constraints added to residues 45 and 34 dist 7.03108 and tol 0.5
c-alpha constraints added to residues 45 and 39 dist 8.89443 and tol 0.5
c-alpha constraints added to residues 45 and 40 dist 5.41585 and tol 0.5
c-alpha constraints added to residues 45 and 41 dist 5.50587 and tol 0.5
c-alpha constraints added to residues 45 and 42 dist 7.655 and tol 0.5
c-alpha constraints added to residues 45 and 43 dist 5.90035 and tol 0.5
c-alpha constraints added to residues 45 and 44 dist 3.78755 and tol 0.5
c-alpha constraints added to residues 46 and 31 dist 7.03271 and tol 0.5
c-alpha constraints added to residues 46 and 32 dist 8.63983 and tol 0.5
c-alpha constraints added to residues 46 and 33 dist 7.56364 and tol 0.5
c-alpha constraints added to residues 46 and 34 dist 6.36419 and tol 0.5
c-alpha constraints added to residues 46 and 40 dist 8.18856 and tol 0.5
c-alpha constraints added to residues 46 and 41 dist 7.30172 and tol 0.5
c-alpha constraints added to residues 46 and 44 dist 6.44962 and tol 0.5
c-alpha constraints added to residues 46 and 45 dist 3.8188 and tol 0.5
c-alpha constraints added to residues 47 and 18 dist 8.68323 and tol 0.5
c-alpha constraints added to residues 47 and 19 dist 8.75717 and tol 0.5
c-alpha constraints added to residues 47 and 30 dist 7.73257 and tol 0.5
c-alpha constraints added to residues 47 and 31 dist 5.04912 and tol 0.5
c-alpha constraints added to residues 47 and 32 dist 5.31629 and tol 0.5
c-alpha constraints added to residues 47 and 33 dist 5.02494 and tol 0.5
c-alpha constraints added to residues 47 and 34 dist 5.94734 and tol 0.5
c-alpha constraints added to residues 47 and 45 dist 7.00115 and tol 0.5
c-alpha constraints added to residues 47 and 46 dist 3.80023 and tol 0.5
c-alpha constraints added to residues 48 and 30 dist 5.88059 and tol 0.5
c-alpha constraints added to residues 48 and 31 dist 5.30937 and tol 0.5
c-alpha constraints added to residues 48 and 32 dist 6.12503 and tol 0.5
c-alpha constraints added to residues 48 and 33 dist 7.86997 and tol 0.5
c-alpha constraints added to residues 48 and 46 dist 6.11417 and tol 0.5
c-alpha constraints added to residues 48 and 47 dist 3.79543 and tol 0.5
c-alpha constraints added to residues 49 and 29 dist 8.68837 and tol 0.5
c-alpha constraints added to residues 49 and 30 dist 5.51231 and tol 0.5
c-alpha constraints added to residues 49 and 31 dist 5.41151 and tol 0.5
c-alpha constraints added to residues 49 and 32 dist 8.17953 and tol 0.5
c-alpha constraints added to residues 49 and 45 dist 7.1065 and tol 0.5
c-alpha constraints added to residues 49 and 46 dist 5.72353 and tol 0.5
c-alpha constraints added to residues 49 and 47 dist 5.63594 and tol 0.5
c-alpha constraints added to residues 49 and 48 dist 3.82387 and tol 0.5
c-alpha constraints added to residues 50 and 28 dist 7.27478 and tol 0.5
c-alpha constraints added to residues 50 and 29 dist 6.20565 and tol 0.5
c-alpha constraints added to residues 50 and 30 dist 4.54402 and tol 0.5
c-alpha constraints added to residues 50 and 31 dist 6.72911 and tol 0.5
c-alpha constraints added to residues 50 and 47 dist 8.95502 and tol 0.5
c-alpha constraints added to residues 50 and 48 dist 6.40242 and tol 0.5
c-alpha constraints added to residues 50 and 49 dist 3.80687 and tol 0.5
c-alpha constraints added to residues 51 and 28 dist 7.08583 and tol 0.5
c-alpha constraints added to residues 51 and 29 dist 5.81153 and tol 0.5
c-alpha constraints added to residues 51 and 30 dist 5.86076 and tol 0.5
c-alpha constraints added to residues 51 and 31 dist 7.64205 and tol 0.5
c-alpha constraints added to residues 51 and 49 dist 6.40358 and tol 0.5
c-alpha constraints added to residues 51 and 50 dist 3.81136 and tol 0.5
c-alpha constraints added to residues 52 and 4 dist 7.96678 and tol 0.5
c-alpha constraints added to residues 52 and 28 dist 8.0577 and tol 0.5
c-alpha constraints added to residues 52 and 29 dist 8.41413 and tol 0.5
c-alpha constraints added to residues 52 and 50 dist 6.30378 and tol 0.5
c-alpha constraints added to residues 52 and 51 dist 3.80952 and tol 0.5
c-alpha constraints added to residues 53 and 6 dist 8.91608 and tol 0.5
c-alpha constraints added to residues 53 and 51 dist 5.95299 and tol 0.5
c-alpha constraints added to residues 53 and 52 dist 3.83075 and tol 0.5
c-alpha constraints added to residues 54 and 51 dist 7.49777 and tol 0.5
c-alpha constraints added to residues 54 and 52 dist 7.07702 and tol 0.5
c-alpha constraints added to residues 54 and 53 dist 3.7949 and tol 0.5
c-alpha constraints added to residues 55 and 53 dist 6.34192 and tol 0.5
c-alpha constraints added to residues 55 and 54 dist 3.8196 and tol 0.5
c-alpha constraints added to residues 56 and 52 dist 8.95026 and tol 0.5
c-alpha constraints added to residues 56 and 53 dist 5.33987 and tol 0.5
c-alpha constraints added to residues 56 and 54 dist 5.3181 and tol 0.5
c-alpha constraints added to residues 56 and 55 dist 3.78986 and tol 0.5
c-alpha constraints added to residues 57 and 52 dist 8.24516 and tol 0.5
c-alpha constraints added to residues 57 and 53 dist 5.03664 and tol 0.5
c-alpha constraints added to residues 57 and 54 dist 5.31992 and tol 0.5
c-alpha constraints added to residues 57 and 55 dist 5.69274 and tol 0.5
c-alpha constraints added to residues 57 and 56 dist 3.80152 and tol 0.5
c-alpha constraints added to residues 58 and 51 dist 8.65914 and tol 0.5
c-alpha constraints added to residues 58 and 52 dist 5.77812 and tol 0.5
c-alpha constraints added to residues 58 and 53 dist 4.36657 and tol 0.5
c-alpha constraints added to residues 58 and 54 dist 6.67332 and tol 0.5
c-alpha constraints added to residues 58 and 55 dist 8.60947 and tol 0.5
c-alpha constraints added to residues 58 and 56 dist 6.52373 and tol 0.5
c-alpha constraints added to residues 58 and 57 dist 3.79948 and tol 0.5
c-alpha constraints added to residues 59 and 28 dist 7.20784 and tol 0.5
c-alpha constraints added to residues 59 and 29 dist 8.07101 and tol 0.5
c-alpha constraints added to residues 59 and 51 dist 6.9486 and tol 0.5
c-alpha constraints added to residues 59 and 52 dist 5.6167 and tol 0.5
c-alpha constraints added to residues 59 and 53 dist 5.35365 and tol 0.5
c-alpha constraints added to residues 59 and 54 dist 6.70212 and tol 0.5
c-alpha constraints added to residues 59 and 57 dist 6.22953 and tol 0.5
c-alpha constraints added to residues 59 and 58 dist 3.80487 and tol 0.5
c-alpha constraints added to residues 60 and 27 dist 6.79963 and tol 0.5
c-alpha constraints added to residues 60 and 28 dist 4.91323 and tol 0.5
c-alpha constraints added to residues 60 and 29 dist 7.28627 and tol 0.5
c-alpha constraints added to residues 60 and 50 dist 8.56844 and tol 0.5
c-alpha constraints added to residues 60 and 51 dist 6.84274 and tol 0.5
c-alpha constraints added to residues 60 and 52 dist 5.32935 and tol 0.5
c-alpha constraints added to residues 60 and 53 dist 7.31709 and tol 0.5
c-alpha constraints added to residues 60 and 58 dist 5.78769 and tol 0.5
c-alpha constraints added to residues 60 and 59 dist 3.79975 and tol 0.5
c-alpha constraints added to residues 61 and 27 dist 5.79676 and tol 0.5
c-alpha constraints added to residues 61 and 28 dist 5.61883 and tol 0.5
c-alpha constraints added to residues 61 and 29 dist 8.57647 and tol 0.5
c-alpha constraints added to residues 61 and 58 dist 7.87464 and tol 0.5
c-alpha constraints added to residues 61 and 59 dist 5.53649 and tol 0.5
c-alpha constraints added to residues 61 and 60 dist 3.79071 and tol 0.5
c-alpha constraints added to residues 62 and 27 dist 7.80367 and tol 0.5
c-alpha constraints added to residues 62 and 28 dist 6.53357 and tol 0.5
c-alpha constraints added to residues 62 and 29 dist 7.97647 and tol 0.5
c-alpha constraints added to residues 62 and 58 dist 8.32196 and tol 0.5
c-alpha constraints added to residues 62 and 59 dist 5.07882 and tol 0.5
c-alpha constraints added to residues 62 and 60 dist 5.77736 and tol 0.5
c-alpha constraints added to residues 62 and 61 dist 3.78721 and tol 0.5
c-alpha constraints added to residues 63 and 22 dist 8.547 and tol 0.5
c-alpha constraints added to residues 63 and 27 dist 8.3036 and tol 0.5
c-alpha constraints added to residues 63 and 28 dist 7.21374 and tol 0.5
c-alpha constraints added to residues 63 and 29 dist 7.59988 and tol 0.5
c-alpha constraints added to residues 63 and 59 dist 8.16822 and tol 0.5
c-alpha constraints added to residues 63 and 60 dist 8.70944 and tol 0.5
c-alpha constraints added to residues 63 and 61 dist 6.77777 and tol 0.5
c-alpha constraints added to residues 63 and 62 dist 3.78399 and tol 0.5
c-alpha constraints added to residues 64 and 20 dist 7.52758 and tol 0.5
c-alpha constraints added to residues 64 and 21 dist 6.69345 and tol 0.5
c-alpha constraints added to residues 64 and 22 dist 7.10094 and tol 0.5
c-alpha constraints added to residues 64 and 28 dist 7.95181 and tol 0.5
c-alpha constraints added to residues 64 and 29 dist 6.45908 and tol 0.5
c-alpha constraints added to residues 64 and 62 dist 6.76148 and tol 0.5
c-alpha constraints added to residues 64 and 63 dist 3.7806 and tol 0.5
c-alpha constraints added to residues 65 and 62 dist 8.19482 and tol 0.5
c-alpha constraints added to residues 65 and 63 dist 5.47329 and tol 0.5
c-alpha constraints added to residues 65 and 64 dist 3.80982 and tol 0.5
c-alpha constraints added to residues 66 and 59 dist 8.29468 and tol 0.5
c-alpha constraints added to residues 66 and 62 dist 6.07986 and tol 0.5
c-alpha constraints added to residues 66 and 63 dist 5.22339 and tol 0.5
c-alpha constraints added to residues 66 and 64 dist 5.54169 and tol 0.5
c-alpha constraints added to residues 66 and 65 dist 3.78212 and tol 0.5
c-alpha constraints added to residues 67 and 20 dist 8.7551 and tol 0.5
c-alpha constraints added to residues 67 and 29 dist 7.55875 and tol 0.5
c-alpha constraints added to residues 67 and 51 dist 8.87846 and tol 0.5
c-alpha constraints added to residues 67 and 54 dist 7.67605 and tol 0.5
c-alpha constraints added to residues 67 and 59 dist 6.55597 and tol 0.5
c-alpha constraints added to residues 67 and 62 dist 6.4308 and tol 0.5
c-alpha constraints added to residues 67 and 63 dist 6.27655 and tol 0.5
c-alpha constraints added to residues 67 and 64 dist 5.33515 and tol 0.5
c-alpha constraints added to residues 67 and 65 dist 5.47511 and tol 0.5
c-alpha constraints added to residues 67 and 66 dist 3.79257 and tol 0.5
c-alpha constraints added to residues 68 and 20 dist 7.68051 and tol 0.5
c-alpha constraints added to residues 68 and 63 dist 8.58122 and tol 0.5
c-alpha constraints added to residues 68 and 64 dist 6.08864 and tol 0.5
c-alpha constraints added to residues 68 and 65 dist 5.0938 and tol 0.5
c-alpha constraints added to residues 68 and 66 dist 5.54616 and tol 0.5
c-alpha constraints added to residues 68 and 67 dist 3.80366 and tol 0.5
c-alpha constraints added to residues 69 and 64 dist 8.51638 and tol 0.5
c-alpha constraints added to residues 69 and 65 dist 5.93692 and tol 0.5
c-alpha constraints added to residues 69 and 66 dist 5.18779 and tol 0.5
c-alpha constraints added to residues 69 and 67 dist 5.42195 and tol 0.5
c-alpha constraints added to residues 69 and 68 dist 3.80219 and tol 0.5
c-alpha constraints added to residues 70 and 54 dist 6.93343 and tol 0.5
c-alpha constraints added to residues 70 and 55 dist 8.18382 and tol 0.5
c-alpha constraints added to residues 70 and 65 dist 8.60221 and tol 0.5
c-alpha constraints added to residues 70 and 66 dist 6.37636 and tol 0.5
c-alpha constraints added to residues 70 and 67 dist 5.27347 and tol 0.5
c-alpha constraints added to residues 70 and 68 dist 5.4898 and tol 0.5
c-alpha constraints added to residues 70 and 69 dist 3.80369 and tol 0.5
c-alpha constraints added to residues 71 and 16 dist 8.84174 and tol 0.5
c-alpha constraints added to residues 71 and 54 dist 7.12907 and tol 0.5
c-alpha constraints added to residues 71 and 55 dist 8.47199 and tol 0.5
c-alpha constraints added to residues 71 and 66 dist 8.88949 and tol 0.5
c-alpha constraints added to residues 71 and 67 dist 6.55791 and tol 0.5
c-alpha constraints added to residues 71 and 68 dist 5.19554 and tol 0.5
c-alpha constraints added to residues 71 and 69 dist 5.33193 and tol 0.5
c-alpha constraints added to residues 71 and 70 dist 3.80784 and tol 0.5
c-alpha constraints added to residues 72 and 15 dist 8.57529 and tol 0.5
c-alpha constraints added to residues 72 and 16 dist 8.98891 and tol 0.5
c-alpha constraints added to residues 72 and 67 dist 8.71134 and tol 0.5
c-alpha constraints added to residues 72 and 68 dist 5.97728 and tol 0.5
c-alpha constraints added to residues 72 and 69 dist 4.92705 and tol 0.5
c-alpha constraints added to residues 72 and 70 dist 5.65137 and tol 0.5
c-alpha constraints added to residues 72 and 71 dist 3.79821 and tol 0.5
c-alpha constraints added to residues 73 and 68 dist 8.53298 and tol 0.5
c-alpha constraints added to residues 73 and 69 dist 5.95613 and tol 0.5
c-alpha constraints added to residues 73 and 70 dist 5.42266 and tol 0.5
c-alpha constraints added to residues 73 and 71 dist 5.42656 and tol 0.5
c-alpha constraints added to residues 73 and 72 dist 3.80749 and tol 0.5
c-alpha constraints added to residues 74 and 11 dist 8.46493 and tol 0.5
c-alpha constraints added to residues 74 and 55 dist 8.50866 and tol 0.5
c-alpha constraints added to residues 74 and 69 dist 8.56285 and tol 0.5
c-alpha constraints added to residues 74 and 70 dist 6.58356 and tol 0.5
c-alpha constraints added to residues 74 and 71 dist 5.20949 and tol 0.5
c-alpha constraints added to residues 74 and 72 dist 5.43835 and tol 0.5
c-alpha constraints added to residues 74 and 73 dist 3.83757 and tol 0.5
c-alpha constraints added to residues 75 and 11 dist 7.00295 and tol 0.5
c-alpha constraints added to residues 75 and 15 dist 8.80799 and tol 0.5
c-alpha constraints added to residues 75 and 71 dist 8.15818 and tol 0.5
c-alpha constraints added to residues 75 and 72 dist 6.83825 and tol 0.5
c-alpha constraints added to residues 75 and 73 dist 5.54448 and tol 0.5
c-alpha constraints added to residues 75 and 74 dist 3.80232 and tol 0.5
c-alpha constraints added to residues 76 and 9 dist 8.52806 and tol 0.5
c-alpha constraints added to residues 76 and 10 dist 6.19457 and tol 0.5
c-alpha constraints added to residues 76 and 11 dist 5.32374 and tol 0.5
c-alpha constraints added to residues 76 and 12 dist 8.4919 and tol 0.5
c-alpha constraints added to residues 76 and 73 dist 8.86901 and tol 0.5
c-alpha constraints added to residues 76 and 74 dist 5.7858 and tol 0.5
c-alpha constraints added to residues 76 and 75 dist 3.78822 and tol 0.5
c-alpha constraints added to residues 77 and 8 dist 7.09422 and tol 0.5
c-alpha constraints added to residues 77 and 9 dist 5.37273 and tol 0.5
c-alpha constraints added to residues 77 and 10 dist 4.54664 and tol 0.5
c-alpha constraints added to residues 77 and 11 dist 5.455 and tol 0.5
c-alpha constraints added to residues 77 and 16 dist 8.63901 and tol 0.5
c-alpha constraints added to residues 77 and 71 dist 8.76835 and tol 0.5
c-alpha constraints added to residues 77 and 74 dist 5.82707 and tol 0.5
c-alpha constraints added to residues 77 and 75 dist 6.1914 and tol 0.5
c-alpha constraints added to residues 77 and 76 dist 3.78372 and tol 0.5
c-alpha constraints added to residues 78 and 7 dist 8.22781 and tol 0.5
c-alpha constraints added to residues 78 and 8 dist 5.89056 and tol 0.5
c-alpha constraints added to residues 78 and 9 dist 5.24744 and tol 0.5
c-alpha constraints added to residues 78 and 10 dist 6.87139 and tol 0.5
c-alpha constraints added to residues 78 and 11 dist 7.75558 and tol 0.5
c-alpha constraints added to residues 78 and 16 dist 8.67567 and tol 0.5
c-alpha constraints added to residues 78 and 54 dist 7.07839 and tol 0.5
c-alpha constraints added to residues 78 and 55 dist 6.15552 and tol 0.5
c-alpha constraints added to residues 78 and 70 dist 8.95757 and tol 0.5
c-alpha constraints added to residues 78 and 71 dist 6.61174 and tol 0.5
c-alpha constraints added to residues 78 and 74 dist 5.79741 and tol 0.5
c-alpha constraints added to residues 78 and 75 dist 8.07438 and tol 0.5
c-alpha constraints added to residues 78 and 76 dist 7.11439 and tol 0.5
c-alpha constraints added to residues 78 and 77 dist 3.76905 and tol 0.5
c-alpha constraints added to residues 79 and 6 dist 6.69919 and tol 0.5
c-alpha constraints added to residues 79 and 7 dist 5.82934 and tol 0.5
c-alpha constraints added to residues 79 and 8 dist 4.58658 and tol 0.5
c-alpha constraints added to residues 79 and 9 dist 6.39198 and tol 0.5
c-alpha constraints added to residues 79 and 53 dist 7.86485 and tol 0.5
c-alpha constraints added to residues 79 and 54 dist 5.80554 and tol 0.5
c-alpha constraints added to residues 79 and 55 dist 4.85657 and tol 0.5
c-alpha constraints added to residues 79 and 56 dist 7.32853 and tol 0.5
c-alpha constraints added to residues 79 and 71 dist 8.94545 and tol 0.5
c-alpha constraints added to residues 79 and 77 dist 6.90518 and tol 0.5
c-alpha constraints added to residues 79 and 78 dist 3.80162 and tol 0.5
c-alpha constraints added to residues 80 and 5 dist 8.15682 and tol 0.5
c-alpha constraints added to residues 80 and 6 dist 5.67255 and tol 0.5
c-alpha constraints added to residues 80 and 7 dist 5.21982 and tol 0.5
c-alpha constraints added to residues 80 and 8 dist 6.40133 and tol 0.5
c-alpha constraints added to residues 80 and 9 dist 7.932 and tol 0.5
c-alpha constraints added to residues 80 and 45 dist 8.8244 and tol 0.5
c-alpha constraints added to residues 80 and 51 dist 6.82915 and tol 0.5
c-alpha constraints added to residues 80 and 52 dist 7.47317 and tol 0.5
c-alpha constraints added to residues 80 and 53 dist 5.7526 and tol 0.5
c-alpha constraints added to residues 80 and 54 dist 4.88494 and tol 0.5
c-alpha constraints added to residues 80 and 55 dist 6.42109 and tol 0.5
c-alpha constraints added to residues 80 and 56 dist 7.89169 and tol 0.5
c-alpha constraints added to residues 80 and 78 dist 6.31043 and tol 0.5
c-alpha constraints added to residues 80 and 79 dist 3.79082 and tol 0.5
c-alpha constraints added to residues 81 and 4 dist 6.21459 and tol 0.5
c-alpha constraints added to residues 81 and 5 dist 5.49652 and tol 0.5
c-alpha constraints added to residues 81 and 6 dist 4.33466 and tol 0.5
c-alpha constraints added to residues 81 and 7 dist 6.28362 and tol 0.5
c-alpha constraints added to residues 81 and 8 dist 8.69048 and tol 0.5
c-alpha constraints added to residues 81 and 50 dist 8.50751 and tol 0.5
c-alpha constraints added to residues 81 and 51 dist 6.23121 and tol 0.5
c-alpha constraints added to residues 81 and 52 dist 5.45296 and tol 0.5
c-alpha constraints added to residues 81 and 53 dist 4.90876 and tol 0.5
c-alpha constraints added to residues 81 and 54 dist 6.57208 and tol 0.5
c-alpha constraints added to residues 81 and 55 dist 8.16142 and tol 0.5
c-alpha constraints added to residues 81 and 56 dist 7.79813 and tol 0.5
c-alpha constraints added to residues 81 and 79 dist 6.58489 and tol 0.5
c-alpha constraints added to residues 81 and 80 dist 3.79892 and tol 0.5
c-alpha constraints added to residues 82 and 3 dist 8.82764 and tol 0.5
c-alpha constraints added to residues 82 and 4 dist 5.37521 and tol 0.5
c-alpha constraints added to residues 82 and 5 dist 5.37666 and tol 0.5
c-alpha constraints added to residues 82 and 6 dist 6.34801 and tol 0.5
c-alpha constraints added to residues 82 and 7 dist 7.50926 and tol 0.5
c-alpha constraints added to residues 82 and 30 dist 8.90274 and tol 0.5
c-alpha constraints added to residues 82 and 45 dist 8.25126 and tol 0.5
c-alpha constraints added to residues 82 and 49 dist 5.90037 and tol 0.5
c-alpha constraints added to residues 82 and 50 dist 5.27839 and tol 0.5
c-alpha constraints added to residues 82 and 51 dist 4.64817 and tol 0.5
c-alpha constraints added to residues 82 and 52 dist 5.3678 and tol 0.5
c-alpha constraints added to residues 82 and 53 dist 7.08611 and tol 0.5
c-alpha constraints added to residues 82 and 80 dist 6.0197 and tol 0.5
c-alpha constraints added to residues 82 and 81 dist 3.80304 and tol 0.5
c-alpha constraints added to residues 83 and 2 dist 7.37893 and tol 0.5
c-alpha constraints added to residues 83 and 3 dist 6.84295 and tol 0.5
c-alpha constraints added to residues 83 and 4 dist 4.67615 and tol 0.5
c-alpha constraints added to residues 83 and 5 dist 6.23171 and tol 0.5
c-alpha constraints added to residues 83 and 6 dist 8.88478 and tol 0.5
c-alpha constraints added to residues 83 and 48 dist 8.74541 and tol 0.5
c-alpha constraints added to residues 83 and 49 dist 5.51549 and tol 0.5
c-alpha constraints added to residues 83 and 50 dist 5.10048 and tol 0.5
c-alpha constraints added to residues 83 and 51 dist 6.77289 and tol 0.5
c-alpha constraints added to residues 83 and 52 dist 7.18417 and tol 0.5
c-alpha constraints added to residues 83 and 81 dist 7.13447 and tol 0.5
c-alpha constraints added to residues 83 and 82 dist 3.77325 and tol 0.5
c-alpha constraints added to residues 84 and 2 dist 7.54172 and tol 0.5
c-alpha constraints added to residues 84 and 3 dist 8.39171 and tol 0.5
c-alpha constraints added to residues 84 and 4 dist 7.4425 and tol 0.5
c-alpha constraints added to residues 84 and 5 dist 7.80074 and tol 0.5
c-alpha constraints added to residues 84 and 45 dist 8.64593 and tol 0.5
c-alpha constraints added to residues 84 and 46 dist 7.33748 and tol 0.5
c-alpha constraints added to residues 84 and 47 dist 8.60813 and tol 0.5
c-alpha constraints added to residues 84 and 48 dist 6.79135 and tol 0.5
c-alpha constraints added to residues 84 and 49 dist 4.66664 and tol 0.5
c-alpha constraints added to residues 84 and 50 dist 6.5609 and tol 0.5
c-alpha constraints added to residues 84 and 82 dist 6.39197 and tol 0.5
c-alpha constraints added to residues 84 and 83 dist 3.7895 and tol 0.5
c-alpha constraints added to residues 85 and 46 dist 8.3357 and tol 0.5
c-alpha constraints added to residues 85 and 47 dist 8.06171 and tol 0.5
c-alpha constraints added to residues 85 and 48 dist 5.28956 and tol 0.5
c-alpha constraints added to residues 85 and 49 dist 5.48909 and tol 0.5
c-alpha constraints added to residues 85 and 50 dist 7.28929 and tol 0.5
c-alpha constraints added to residues 85 and 83 dist 6.56741 and tol 0.5
c-alpha constraints added to residues 85 and 84 dist 3.78722 and tol 0.5
c-alpha constraints added to residues 86 and 1 dist 7.70597 and tol 0.5
c-alpha constraints added to residues 86 and 2 dist 8.53517 and tol 0.5
c-alpha constraints added to residues 86 and 48 dist 8.72088 and tol 0.5
c-alpha constraints added to residues 86 and 83 dist 8.89136 and tol 0.5
c-alpha constraints added to residues 86 and 84 dist 6.39324 and tol 0.5
c-alpha constraints added to residues 86 and 85 dist 3.76982 and tol 0.5
c-alpha constraints added to residues 87 and 85 dist 6.90028 and tol 0.5
c-alpha constraints added to residues 87 and 86 dist 3.79184 and tol 0.5
c-alpha constraints added to residues 88 and 86 dist 7.07248 and tol 0.5
c-alpha constraints added to residues 88 and 87 dist 3.7902 and tol 0.5
c-alpha constraints added to residues 89 and 86 dist 8.94773 and tol 0.5
c-alpha constraints added to residues 89 and 87 dist 5.36931 and tol 0.5
c-alpha constraints added to residues 89 and 88 dist 3.79019 and tol 0.5
c-alpha constraints added to residues 90 and 87 dist 7.88304 and tol 0.5
c-alpha constraints added to residues 90 and 88 dist 6.32939 and tol 0.5
c-alpha constraints added to residues 90 and 89 dist 3.82222 and tol 0.5
c-alpha constraints added to residues 91 and 87 dist 8.84655 and tol 0.5
c-alpha constraints added to residues 91 and 88 dist 8.87236 and tol 0.5
c-alpha constraints added to residues 91 and 89 dist 6.30226 and tol 0.5
c-alpha constraints added to residues 91 and 90 dist 3.8407 and tol 0.5
c-alpha constraints added to residues 92 and 22 dist 8.19284 and tol 0.5
c-alpha constraints added to residues 92 and 24 dist 8.47016 and tol 0.5
c-alpha constraints added to residues 93 and 21 dist 6.34247 and tol 0.5
c-alpha constraints added to residues 93 and 22 dist 5.5255 and tol 0.5
c-alpha constraints added to residues 93 and 23 dist 7.56404 and tol 0.5
c-alpha constraints added to residues 93 and 24 dist 8.65676 and tol 0.5
c-alpha constraints added to residues 93 and 64 dist 7.60971 and tol 0.5
c-alpha constraints added to residues 93 and 92 dist 3.78998 and tol 0.5
c-alpha constraints added to residues 94 and 20 dist 7.86232 and tol 0.5
c-alpha constraints added to residues 94 and 21 dist 5.53523 and tol 0.5
c-alpha constraints added to residues 94 and 22 dist 6.96148 and tol 0.5
c-alpha constraints added to residues 94 and 64 dist 6.63738 and tol 0.5
c-alpha constraints added to residues 94 and 65 dist 8.46153 and tol 0.5
c-alpha constraints added to residues 94 and 92 dist 7.19049 and tol 0.5
c-alpha constraints added to residues 94 and 93 dist 3.79215 and tol 0.5
c-alpha constraints added to residues 95 and 19 dist 6.45107 and tol 0.5
c-alpha constraints added to residues 95 and 20 dist 5.36106 and tol 0.5
c-alpha constraints added to residues 95 and 21 dist 4.7112 and tol 0.5
c-alpha constraints added to residues 95 and 22 dist 7.89794 and tol 0.5
c-alpha constraints added to residues 95 and 32 dist 8.06963 and tol 0.5
c-alpha constraints added to residues 95 and 64 dist 7.66924 and tol 0.5
c-alpha constraints added to residues 95 and 93 dist 7.0219 and tol 0.5
c-alpha constraints added to residues 95 and 94 dist 3.7735 and tol 0.5
c-alpha constraints added to residues 96 and 18 dist 8.27886 and tol 0.5
c-alpha constraints added to residues 96 and 19 dist 5.38831 and tol 0.5
c-alpha constraints added to residues 96 and 20 dist 5.63292 and tol 0.5
c-alpha constraints added to residues 96 and 21 dist 7.18898 and tol 0.5
c-alpha constraints added to residues 96 and 64 dist 8.28983 and tol 0.5
c-alpha constraints added to residues 96 and 65 dist 8.59527 and tol 0.5
c-alpha constraints added to residues 96 and 68 dist 7.21473 and tol 0.5
c-alpha constraints added to residues 96 and 94 dist 6.85112 and tol 0.5
c-alpha constraints added to residues 96 and 95 dist 3.80761 and tol 0.5
c-alpha constraints added to residues 97 and 15 dist 8.64857 and tol 0.5
c-alpha constraints added to residues 97 and 16 dist 8.43435 and tol 0.5
c-alpha constraints added to residues 97 and 17 dist 6.74063 and tol 0.5
c-alpha constraints added to residues 97 and 18 dist 5.72713 and tol 0.5
c-alpha constraints added to residues 97 and 19 dist 4.5589 and tol 0.5
c-alpha constraints added to residues 97 and 20 dist 6.95205 and tol 0.5
c-alpha constraints added to residues 97 and 68 dist 8.48406 and tol 0.5
c-alpha constraints added to residues 97 and 95 dist 7.0871 and tol 0.5
c-alpha constraints added to residues 97 and 96 dist 3.82872 and tol 0.5
c-alpha constraints added to residues 98 and 14 dist 8.80368 and tol 0.5
c-alpha constraints added to residues 98 and 15 dist 6.08917 and tol 0.5
c-alpha constraints added to residues 98 and 16 dist 5.6053 and tol 0.5
c-alpha constraints added to residues 98 and 17 dist 5.71899 and tol 0.5
c-alpha constraints added to residues 98 and 18 dist 5.6299 and tol 0.5
c-alpha constraints added to residues 98 and 19 dist 6.20979 and tol 0.5
c-alpha constraints added to residues 98 and 20 dist 7.98537 and tol 0.5
c-alpha constraints added to residues 98 and 68 dist 7.06915 and tol 0.5
c-alpha constraints added to residues 98 and 71 dist 7.07573 and tol 0.5
c-alpha constraints added to residues 98 and 72 dist 6.40224 and tol 0.5
c-alpha constraints added to residues 98 and 96 dist 6.37085 and tol 0.5
c-alpha constraints added to residues 98 and 97 dist 3.79386 and tol 0.5
core.pack.dunbrack.RotamerLibrary: Using Dunbrack library binary file '/home/arubenstein//Rosetta/main/database/rotamer/ExtendedOpt1-5/Dunbrack10.lib.bin'.
core.pack.dunbrack.RotamerLibrary: Dunbrack 2010 library took 0.342154 seconds to load from binary
------------------------------------------------------------
 Scores                       Weight   Raw Score Wghtd.Score
------------------------------------------------------------
 fa_atr                       1.000    -572.034    -572.034
 fa_rep                       0.550    1581.880     870.034
 fa_sol                       0.938     352.286     330.268
 fa_intra_rep                 0.005     155.609       0.778
 fa_elec                      0.875     -57.560     -50.365
 pro_close                    1.250       0.298       0.372
 hbond_sr_bb                  1.170     -12.146     -14.211
 hbond_lr_bb                  1.170     -24.642     -28.831
 hbond_bb_sc                  1.170      -5.340      -6.248
 hbond_sc                     1.100      -7.132      -7.845
 dslf_fa13                    1.250       0.000       0.000
 atom_pair_constraint         1.000       0.000       0.000
 coordinate_constraint        1.000       0.000       0.000
 angle_constraint             1.000       0.000       0.000
 dihedral_constraint          1.000       0.000       0.000
 rama                         0.250     -51.707     -12.927
 omega                        0.625       7.319       4.574
 fa_dun                       0.700     158.263     110.784
 p_aa_pp                      0.400     -49.897     -19.959
 yhh_planarity                0.625       0.072       0.045
 ref                          1.000     -11.617     -11.617
 res_type_constraint          1.000       0.000       0.000
---------------------------------------------------
 Total weighted score:                      592.818
------------------------------------------------------------
 Scores                       Weight   Raw Score Wghtd.Score
------------------------------------------------------------
 fa_atr                       1.000    -568.616    -568.616
 fa_rep                       0.550      65.604      36.082
 fa_sol                       0.938     346.932     325.248
 fa_intra_rep                 0.005     155.512       0.778
 fa_elec                      0.875     -59.403     -51.978
 pro_close                    1.250       0.228       0.285
 hbond_sr_bb                  1.170     -12.112     -14.171
 hbond_lr_bb                  1.170     -25.010     -29.262
 hbond_bb_sc                  1.170      -5.457      -6.385
 hbond_sc                     1.100      -7.734      -8.507
 dslf_fa13                    1.250       0.000       0.000
 atom_pair_constraint         1.000       4.036       4.036
 coordinate_constraint        1.000       0.000       0.000
 angle_constraint             1.000       0.000       0.000
 dihedral_constraint          1.000       0.000       0.000
 rama                         0.250     -50.592     -12.648
 omega                        0.625       6.858       4.286
 fa_dun                       0.700     158.366     110.856
 p_aa_pp                      0.400     -53.140     -21.256
 yhh_planarity                0.625       0.087       0.054
 ref                          1.000     -11.617     -11.617
 res_type_constraint          1.000       0.000       0.000
---------------------------------------------------
 Total weighted score:                     -242.814
running another iteration of minimization. difference is: -835.632
