core.init: Rosetta version cfc466308d02bc2649ea5ad781d49ad9310a9725 2016-03-08 23:18:50 -0500 from git@github.com:RosettaCommons/main.git
core.init: command: /home/arubenstein//Rosetta/main/source/bin//minimize_with_cst.linuxgccrelease -in:file:l min_3qdo11_complex_0001min_3qdo11_complex_0001_0001.list -in:file:fullatom -fa_max_dis 9.0 -database /home/arubenstein//Rosetta/main/database/ -ddg::harmonic_ca_tether 0.5 -cst_fa_file /home/arubenstein//CADRES/PDZ_ddG/ancillary_files//input_pdbs/3qdo.cst -score:weights talaris2014_cst -ddg::constraint_weight 1.0 -ddg::out_pdb_prefix min -ddg::sc_min_only false
core.init: 'RNG device' seed mode, using '/dev/urandom', seed=1507424600 seed_offset=0 real_seed=1507424600
core.init.random: RandomGenerator:init: Normal mode, seed=1507424600 RG_type=mt19937
core.chemical.ResidueTypeSet: Finished initializing fa_standard residue type set.  Created 384 residue types
core.chemical.ResidueTypeSet: Total time to initialize 0.773596 seconds.
core.scoring.ScoreFunctionFactory: SCOREFUNCTION: talaris2014_cst
core.scoring.etable: Starting energy table calculation
core.scoring.etable: smooth_etable: changing atr/rep split to bottom of energy well
core.scoring.etable: smooth_etable: spline smoothing lj etables (maxdis = 9)
core.scoring.etable: smooth_etable: spline smoothing solvation etables (max_dis = 9)
core.scoring.etable: Finished calculating energy tables.
basic.io.database: Database file opened: scoring/score_functions/hbonds/sp2_elec_params/HBPoly1D.csv
basic.io.database: Database file opened: scoring/score_functions/hbonds/sp2_elec_params/HBFadeIntervals.csv
basic.io.database: Database file opened: scoring/score_functions/hbonds/sp2_elec_params/HBEval.csv
basic.io.database: Database file opened: scoring/score_functions/rama/Rama_smooth_dyn.dat_ss_6.4
basic.io.database: Database file opened: scoring/score_functions/P_AA_pp/P_AA
basic.io.database: Database file opened: scoring/score_functions/P_AA_pp/P_AA_n
basic.io.database: Database file opened: scoring/score_functions/P_AA_pp/P_AA_pp
using -l option 
examining file: /home/arubenstein//CADRES/PDZ_ddG/results//prepack/min_3qdo11_complex_0001min_3qdo11_complex_0001_0001.pdb
c-alpha constraints added to residues 2 and 1 dist 3.81444 and tol 0.5
c-alpha constraints added to residues 3 and 1 dist 5.70205 and tol 0.5
c-alpha constraints added to residues 3 and 2 dist 3.85182 and tol 0.5
c-alpha constraints added to residues 4 and 1 dist 8.20938 and tol 0.5
c-alpha constraints added to residues 4 and 2 dist 6.91551 and tol 0.5
c-alpha constraints added to residues 4 and 3 dist 3.89225 and tol 0.5
c-alpha constraints added to residues 5 and 2 dist 8.87311 and tol 0.5
c-alpha constraints added to residues 5 and 3 dist 6.89923 and tol 0.5
c-alpha constraints added to residues 5 and 4 dist 3.83351 and tol 0.5
c-alpha constraints added to residues 6 and 3 dist 8.67447 and tol 0.5
c-alpha constraints added to residues 6 and 4 dist 5.52589 and tol 0.5
c-alpha constraints added to residues 6 and 5 dist 3.77863 and tol 0.5
c-alpha constraints added to residues 7 and 5 dist 6.609 and tol 0.5
c-alpha constraints added to residues 7 and 6 dist 3.87039 and tol 0.5
c-alpha constraints added to residues 8 and 6 dist 6.6726 and tol 0.5
c-alpha constraints added to residues 8 and 7 dist 3.73666 and tol 0.5
c-alpha constraints added to residues 9 and 7 dist 6.96898 and tol 0.5
c-alpha constraints added to residues 9 and 8 dist 3.79004 and tol 0.5
c-alpha constraints added to residues 10 and 8 dist 6.59416 and tol 0.5
c-alpha constraints added to residues 10 and 9 dist 3.81288 and tol 0.5
c-alpha constraints added to residues 11 and 9 dist 6.68917 and tol 0.5
c-alpha constraints added to residues 11 and 10 dist 3.80613 and tol 0.5
c-alpha constraints added to residues 12 and 10 dist 6.51562 and tol 0.5
c-alpha constraints added to residues 12 and 11 dist 3.82984 and tol 0.5
c-alpha constraints added to residues 13 and 11 dist 6.80741 and tol 0.5
c-alpha constraints added to residues 13 and 12 dist 3.80591 and tol 0.5
c-alpha constraints added to residues 14 and 12 dist 6.30431 and tol 0.5
c-alpha constraints added to residues 14 and 13 dist 3.80774 and tol 0.5
c-alpha constraints added to residues 15 and 13 dist 6.65127 and tol 0.5
c-alpha constraints added to residues 15 and 14 dist 3.72862 and tol 0.5
c-alpha constraints added to residues 16 and 14 dist 6.88392 and tol 0.5
c-alpha constraints added to residues 16 and 15 dist 3.84059 and tol 0.5
c-alpha constraints added to residues 17 and 14 dist 7.30408 and tol 0.5
c-alpha constraints added to residues 17 and 15 dist 5.09941 and tol 0.5
c-alpha constraints added to residues 17 and 16 dist 3.85417 and tol 0.5
c-alpha constraints added to residues 18 and 13 dist 8.48056 and tol 0.5
c-alpha constraints added to residues 18 and 14 dist 4.89061 and tol 0.5
c-alpha constraints added to residues 18 and 15 dist 5.04356 and tol 0.5
c-alpha constraints added to residues 18 and 16 dist 5.75586 and tol 0.5
c-alpha constraints added to residues 18 and 17 dist 3.88407 and tol 0.5
c-alpha constraints added to residues 19 and 12 dist 6.5612 and tol 0.5
c-alpha constraints added to residues 19 and 13 dist 6.71204 and tol 0.5
c-alpha constraints added to residues 19 and 14 dist 4.56571 and tol 0.5
c-alpha constraints added to residues 19 and 15 dist 6.43623 and tol 0.5
c-alpha constraints added to residues 19 and 16 dist 8.81345 and tol 0.5
c-alpha constraints added to residues 19 and 17 dist 6.96603 and tol 0.5
c-alpha constraints added to residues 19 and 18 dist 3.84929 and tol 0.5
c-alpha constraints added to residues 20 and 14 dist 7.89152 and tol 0.5
c-alpha constraints added to residues 20 and 15 dist 8.3563 and tol 0.5
c-alpha constraints added to residues 20 and 17 dist 7.01184 and tol 0.5
c-alpha constraints added to residues 20 and 18 dist 5.58358 and tol 0.5
c-alpha constraints added to residues 20 and 19 dist 3.85809 and tol 0.5
c-alpha constraints added to residues 21 and 18 dist 8.22257 and tol 0.5
c-alpha constraints added to residues 21 and 19 dist 6.01423 and tol 0.5
c-alpha constraints added to residues 21 and 20 dist 3.82435 and tol 0.5
c-alpha constraints added to residues 22 and 20 dist 7.28014 and tol 0.5
c-alpha constraints added to residues 22 and 21 dist 3.85624 and tol 0.5
c-alpha constraints added to residues 23 and 21 dist 6.73319 and tol 0.5
c-alpha constraints added to residues 23 and 22 dist 3.79288 and tol 0.5
c-alpha constraints added to residues 24 and 22 dist 6.56765 and tol 0.5
c-alpha constraints added to residues 24 and 23 dist 3.81076 and tol 0.5
c-alpha constraints added to residues 25 and 23 dist 6.91379 and tol 0.5
c-alpha constraints added to residues 25 and 24 dist 3.82629 and tol 0.5
c-alpha constraints added to residues 26 and 24 dist 7.36093 and tol 0.5
c-alpha constraints added to residues 26 and 25 dist 3.78881 and tol 0.5
c-alpha constraints added to residues 27 and 25 dist 6.52777 and tol 0.5
c-alpha constraints added to residues 27 and 26 dist 3.75851 and tol 0.5
c-alpha constraints added to residues 28 and 26 dist 5.58504 and tol 0.5
c-alpha constraints added to residues 28 and 27 dist 3.7868 and tol 0.5
c-alpha constraints added to residues 29 and 26 dist 7.35004 and tol 0.5
c-alpha constraints added to residues 29 and 27 dist 6.84993 and tol 0.5
c-alpha constraints added to residues 29 and 28 dist 3.85008 and tol 0.5
c-alpha constraints added to residues 30 and 28 dist 7.00962 and tol 0.5
c-alpha constraints added to residues 30 and 29 dist 3.76123 and tol 0.5
c-alpha constraints added to residues 31 and 28 dist 8.75208 and tol 0.5
c-alpha constraints added to residues 31 and 29 dist 6.75794 and tol 0.5
c-alpha constraints added to residues 31 and 30 dist 3.82164 and tol 0.5
c-alpha constraints added to residues 32 and 30 dist 7.11644 and tol 0.5
c-alpha constraints added to residues 32 and 31 dist 3.8194 and tol 0.5
c-alpha constraints added to residues 33 and 31 dist 6.81425 and tol 0.5
c-alpha constraints added to residues 33 and 32 dist 3.76608 and tol 0.5
c-alpha constraints added to residues 34 and 32 dist 6.12913 and tol 0.5
c-alpha constraints added to residues 34 and 33 dist 3.80481 and tol 0.5
c-alpha constraints added to residues 35 and 33 dist 6.93649 and tol 0.5
c-alpha constraints added to residues 35 and 34 dist 3.80655 and tol 0.5
c-alpha constraints added to residues 36 and 2 dist 8.52156 and tol 0.5
c-alpha constraints added to residues 36 and 3 dist 8.85986 and tol 0.5
c-alpha constraints added to residues 36 and 4 dist 8.18456 and tol 0.5
c-alpha constraints added to residues 36 and 5 dist 5.81751 and tol 0.5
c-alpha constraints added to residues 36 and 6 dist 8.48188 and tol 0.5
c-alpha constraints added to residues 36 and 34 dist 6.53298 and tol 0.5
c-alpha constraints added to residues 36 and 35 dist 3.82392 and tol 0.5
c-alpha constraints added to residues 37 and 2 dist 7.73676 and tol 0.5
c-alpha constraints added to residues 37 and 3 dist 6.98719 and tol 0.5
c-alpha constraints added to residues 37 and 4 dist 6.81781 and tol 0.5
c-alpha constraints added to residues 37 and 5 dist 5.48577 and tol 0.5
c-alpha constraints added to residues 37 and 6 dist 6.89268 and tol 0.5
c-alpha constraints added to residues 37 and 35 dist 6.30541 and tol 0.5
c-alpha constraints added to residues 37 and 36 dist 3.82979 and tol 0.5
c-alpha constraints added to residues 38 and 35 dist 5.67976 and tol 0.5
c-alpha constraints added to residues 38 and 36 dist 5.69555 and tol 0.5
c-alpha constraints added to residues 38 and 37 dist 3.8562 and tol 0.5
c-alpha constraints added to residues 39 and 33 dist 8.92519 and tol 0.5
c-alpha constraints added to residues 39 and 34 dist 7.65796 and tol 0.5
c-alpha constraints added to residues 39 and 35 dist 5.05638 and tol 0.5
c-alpha constraints added to residues 39 and 36 dist 5.80212 and tol 0.5
c-alpha constraints added to residues 39 and 37 dist 5.95085 and tol 0.5
c-alpha constraints added to residues 39 and 38 dist 3.8792 and tol 0.5
c-alpha constraints added to residues 40 and 32 dist 8.90898 and tol 0.5
c-alpha constraints added to residues 40 and 33 dist 5.17717 and tol 0.5
c-alpha constraints added to residues 40 and 34 dist 4.78074 and tol 0.5
c-alpha constraints added to residues 40 and 35 dist 4.2749 and tol 0.5
c-alpha constraints added to residues 40 and 36 dist 6.44768 and tol 0.5
c-alpha constraints added to residues 40 and 37 dist 8.46737 and tol 0.5
c-alpha constraints added to residues 40 and 38 dist 6.97928 and tol 0.5
c-alpha constraints added to residues 40 and 39 dist 3.77319 and tol 0.5
c-alpha constraints added to residues 41 and 32 dist 7.86489 and tol 0.5
c-alpha constraints added to residues 41 and 33 dist 4.80459 and tol 0.5
c-alpha constraints added to residues 41 and 34 dist 5.43833 and tol 0.5
c-alpha constraints added to residues 41 and 35 dist 6.4064 and tol 0.5
c-alpha constraints added to residues 41 and 36 dist 7.1167 and tol 0.5
c-alpha constraints added to residues 41 and 39 dist 6.52314 and tol 0.5
c-alpha constraints added to residues 41 and 40 dist 3.85364 and tol 0.5
c-alpha constraints added to residues 42 and 30 dist 7.01802 and tol 0.5
c-alpha constraints added to residues 42 and 31 dist 5.96495 and tol 0.5
c-alpha constraints added to residues 42 and 32 dist 5.47902 and tol 0.5
c-alpha constraints added to residues 42 and 33 dist 4.28045 and tol 0.5
c-alpha constraints added to residues 42 and 34 dist 6.38921 and tol 0.5
c-alpha constraints added to residues 42 and 35 dist 8.98172 and tol 0.5
c-alpha constraints added to residues 42 and 40 dist 6.94642 and tol 0.5
c-alpha constraints added to residues 42 and 41 dist 3.79307 and tol 0.5
c-alpha constraints added to residues 43 and 25 dist 8.51121 and tol 0.5
c-alpha constraints added to residues 43 and 26 dist 7.87778 and tol 0.5
c-alpha constraints added to residues 43 and 29 dist 8.63883 and tol 0.5
c-alpha constraints added to residues 43 and 30 dist 7.19208 and tol 0.5
c-alpha constraints added to residues 43 and 31 dist 6.02318 and tol 0.5
c-alpha constraints added to residues 43 and 32 dist 6.89705 and tol 0.5
c-alpha constraints added to residues 43 and 33 dist 7.11711 and tol 0.5
c-alpha constraints added to residues 43 and 34 dist 7.86276 and tol 0.5
c-alpha constraints added to residues 43 and 41 dist 6.47178 and tol 0.5
c-alpha constraints added to residues 43 and 42 dist 3.8573 and tol 0.5
c-alpha constraints added to residues 44 and 25 dist 7.06585 and tol 0.5
c-alpha constraints added to residues 44 and 26 dist 8.02406 and tol 0.5
c-alpha constraints added to residues 44 and 41 dist 7.81246 and tol 0.5
c-alpha constraints added to residues 44 and 42 dist 6.47713 and tol 0.5
c-alpha constraints added to residues 44 and 43 dist 3.81824 and tol 0.5
c-alpha constraints added to residues 45 and 23 dist 6.55505 and tol 0.5
c-alpha constraints added to residues 45 and 24 dist 5.76132 and tol 0.5
c-alpha constraints added to residues 45 and 25 dist 4.44697 and tol 0.5
c-alpha constraints added to residues 45 and 26 dist 6.8724 and tol 0.5
c-alpha constraints added to residues 45 and 43 dist 6.96106 and tol 0.5
c-alpha constraints added to residues 45 and 44 dist 3.79889 and tol 0.5
c-alpha constraints added to residues 46 and 22 dist 8.3878 and tol 0.5
c-alpha constraints added to residues 46 and 23 dist 5.5228 and tol 0.5
c-alpha constraints added to residues 46 and 24 dist 5.5066 and tol 0.5
c-alpha constraints added to residues 46 and 25 dist 6.27939 and tol 0.5
c-alpha constraints added to residues 46 and 44 dist 6.41116 and tol 0.5
c-alpha constraints added to residues 46 and 45 dist 3.8344 and tol 0.5
c-alpha constraints added to residues 47 and 21 dist 6.89813 and tol 0.5
c-alpha constraints added to residues 47 and 22 dist 5.79622 and tol 0.5
c-alpha constraints added to residues 47 and 23 dist 4.65237 and tol 0.5
c-alpha constraints added to residues 47 and 24 dist 6.28383 and tol 0.5
c-alpha constraints added to residues 47 and 25 dist 8.78749 and tol 0.5
c-alpha constraints added to residues 47 and 45 dist 7.15396 and tol 0.5
c-alpha constraints added to residues 47 and 46 dist 3.74176 and tol 0.5
c-alpha constraints added to residues 48 and 21 dist 7.64525 and tol 0.5
c-alpha constraints added to residues 48 and 22 dist 5.52852 and tol 0.5
c-alpha constraints added to residues 48 and 23 dist 5.57801 and tol 0.5
c-alpha constraints added to residues 48 and 24 dist 5.6923 and tol 0.5
c-alpha constraints added to residues 48 and 25 dist 8.81465 and tol 0.5
c-alpha constraints added to residues 48 and 46 dist 6.01545 and tol 0.5
c-alpha constraints added to residues 48 and 47 dist 3.82749 and tol 0.5
c-alpha constraints added to residues 49 and 20 dist 8.7332 and tol 0.5
c-alpha constraints added to residues 49 and 21 dist 5.71532 and tol 0.5
c-alpha constraints added to residues 49 and 22 dist 5.27286 and tol 0.5
c-alpha constraints added to residues 49 and 23 dist 7.48745 and tol 0.5
c-alpha constraints added to residues 49 and 24 dist 8.86639 and tol 0.5
c-alpha constraints added to residues 49 and 47 dist 5.77384 and tol 0.5
c-alpha constraints added to residues 49 and 48 dist 3.84195 and tol 0.5
c-alpha constraints added to residues 50 and 20 dist 6.0539 and tol 0.5
c-alpha constraints added to residues 50 and 21 dist 4.32911 and tol 0.5
c-alpha constraints added to residues 50 and 22 dist 6.50873 and tol 0.5
c-alpha constraints added to residues 50 and 47 dist 7.35578 and tol 0.5
c-alpha constraints added to residues 50 and 48 dist 7.17637 and tol 0.5
c-alpha constraints added to residues 50 and 49 dist 3.81517 and tol 0.5
c-alpha constraints added to residues 51 and 19 dist 8.71724 and tol 0.5
c-alpha constraints added to residues 51 and 20 dist 4.93826 and tol 0.5
c-alpha constraints added to residues 51 and 21 dist 5.62047 and tol 0.5
c-alpha constraints added to residues 51 and 22 dist 8.28509 and tol 0.5
c-alpha constraints added to residues 51 and 49 dist 6.66762 and tol 0.5
c-alpha constraints added to residues 51 and 50 dist 3.78092 and tol 0.5
c-alpha constraints added to residues 52 and 20 dist 7.97503 and tol 0.5
c-alpha constraints added to residues 52 and 50 dist 6.0903 and tol 0.5
c-alpha constraints added to residues 52 and 51 dist 3.85444 and tol 0.5
c-alpha constraints added to residues 53 and 20 dist 8.32375 and tol 0.5
c-alpha constraints added to residues 53 and 50 dist 8.66719 and tol 0.5
c-alpha constraints added to residues 53 and 51 dist 6.19221 and tol 0.5
c-alpha constraints added to residues 53 and 52 dist 3.75025 and tol 0.5
c-alpha constraints added to residues 54 and 15 dist 8.3743 and tol 0.5
c-alpha constraints added to residues 54 and 17 dist 8.26834 and tol 0.5
c-alpha constraints added to residues 54 and 18 dist 8.48974 and tol 0.5
c-alpha constraints added to residues 54 and 19 dist 7.03646 and tol 0.5
c-alpha constraints added to residues 54 and 20 dist 4.92701 and tol 0.5
c-alpha constraints added to residues 54 and 21 dist 7.97187 and tol 0.5
c-alpha constraints added to residues 54 and 50 dist 7.58964 and tol 0.5
c-alpha constraints added to residues 54 and 51 dist 5.20268 and tol 0.5
c-alpha constraints added to residues 54 and 52 dist 5.48171 and tol 0.5
c-alpha constraints added to residues 54 and 53 dist 3.84264 and tol 0.5
c-alpha constraints added to residues 55 and 12 dist 6.27919 and tol 0.5
c-alpha constraints added to residues 55 and 13 dist 6.76727 and tol 0.5
c-alpha constraints added to residues 55 and 14 dist 6.57101 and tol 0.5
c-alpha constraints added to residues 55 and 15 dist 7.01413 and tol 0.5
c-alpha constraints added to residues 55 and 17 dist 8.95266 and tol 0.5
c-alpha constraints added to residues 55 and 18 dist 7.90831 and tol 0.5
c-alpha constraints added to residues 55 and 19 dist 5.4962 and tol 0.5
c-alpha constraints added to residues 55 and 20 dist 5.66397 and tol 0.5
c-alpha constraints added to residues 55 and 21 dist 8.50177 and tol 0.5
c-alpha constraints added to residues 55 and 51 dist 8.06916 and tol 0.5
c-alpha constraints added to residues 55 and 52 dist 8.71123 and tol 0.5
c-alpha constraints added to residues 55 and 53 dist 6.79413 and tol 0.5
c-alpha constraints added to residues 55 and 54 dist 3.79943 and tol 0.5
c-alpha constraints added to residues 56 and 10 dist 8.46076 and tol 0.5
c-alpha constraints added to residues 56 and 11 dist 8.29711 and tol 0.5
c-alpha constraints added to residues 56 and 12 dist 5.80963 and tol 0.5
c-alpha constraints added to residues 56 and 13 dist 8.17486 and tol 0.5
c-alpha constraints added to residues 56 and 14 dist 8.44741 and tol 0.5
c-alpha constraints added to residues 56 and 19 dist 5.6876 and tol 0.5
c-alpha constraints added to residues 56 and 20 dist 5.44126 and tol 0.5
c-alpha constraints added to residues 56 and 21 dist 6.40551 and tol 0.5
c-alpha constraints added to residues 56 and 50 dist 6.83103 and tol 0.5
c-alpha constraints added to residues 56 and 51 dist 7.4565 and tol 0.5
c-alpha constraints added to residues 56 and 52 dist 8.63016 and tol 0.5
c-alpha constraints added to residues 56 and 53 dist 8.16904 and tol 0.5
c-alpha constraints added to residues 56 and 54 dist 5.6854 and tol 0.5
c-alpha constraints added to residues 56 and 55 dist 3.85782 and tol 0.5
c-alpha constraints added to residues 57 and 19 dist 8.92911 and tol 0.5
c-alpha constraints added to residues 57 and 20 dist 7.22494 and tol 0.5
c-alpha constraints added to residues 57 and 21 dist 8.03525 and tol 0.5
c-alpha constraints added to residues 57 and 50 dist 6.1437 and tol 0.5
c-alpha constraints added to residues 57 and 51 dist 6.5165 and tol 0.5
c-alpha constraints added to residues 57 and 52 dist 6.00894 and tol 0.5
c-alpha constraints added to residues 57 and 53 dist 5.80895 and tol 0.5
c-alpha constraints added to residues 57 and 54 dist 5.33177 and tol 0.5
c-alpha constraints added to residues 57 and 55 dist 5.47334 and tol 0.5
c-alpha constraints added to residues 57 and 56 dist 3.82677 and tol 0.5
c-alpha constraints added to residues 58 and 12 dist 8.56577 and tol 0.5
c-alpha constraints added to residues 58 and 52 dist 8.39747 and tol 0.5
c-alpha constraints added to residues 58 and 53 dist 6.39718 and tol 0.5
c-alpha constraints added to residues 58 and 54 dist 6.35527 and tol 0.5
c-alpha constraints added to residues 58 and 55 dist 5.20449 and tol 0.5
c-alpha constraints added to residues 58 and 56 dist 5.44755 and tol 0.5
c-alpha constraints added to residues 58 and 57 dist 3.80509 and tol 0.5
c-alpha constraints added to residues 59 and 10 dist 6.65142 and tol 0.5
c-alpha constraints added to residues 59 and 11 dist 6.69462 and tol 0.5
c-alpha constraints added to residues 59 and 12 dist 5.92137 and tol 0.5
c-alpha constraints added to residues 59 and 13 dist 8.59918 and tol 0.5
c-alpha constraints added to residues 59 and 54 dist 8.67705 and tol 0.5
c-alpha constraints added to residues 59 and 55 dist 6.04443 and tol 0.5
c-alpha constraints added to residues 59 and 56 dist 4.92532 and tol 0.5
c-alpha constraints added to residues 59 and 57 dist 5.49904 and tol 0.5
c-alpha constraints added to residues 59 and 58 dist 3.82711 and tol 0.5
c-alpha constraints added to residues 60 and 10 dist 6.59074 and tol 0.5
c-alpha constraints added to residues 60 and 11 dist 8.54621 and tol 0.5
c-alpha constraints added to residues 60 and 12 dist 8.66289 and tol 0.5
c-alpha constraints added to residues 60 and 55 dist 8.73537 and tol 0.5
c-alpha constraints added to residues 60 and 56 dist 6.15272 and tol 0.5
c-alpha constraints added to residues 60 and 57 dist 5.46313 and tol 0.5
c-alpha constraints added to residues 60 and 58 dist 5.60893 and tol 0.5
c-alpha constraints added to residues 60 and 59 dist 3.84261 and tol 0.5
c-alpha constraints added to residues 61 and 10 dist 6.72153 and tol 0.5
c-alpha constraints added to residues 61 and 11 dist 8.91851 and tol 0.5
c-alpha constraints added to residues 61 and 12 dist 8.63313 and tol 0.5
c-alpha constraints added to residues 61 and 21 dist 8.29808 and tol 0.5
c-alpha constraints added to residues 61 and 47 dist 8.02623 and tol 0.5
c-alpha constraints added to residues 61 and 50 dist 7.39714 and tol 0.5
c-alpha constraints added to residues 61 and 55 dist 8.95841 and tol 0.5
c-alpha constraints added to residues 61 and 56 dist 5.2638 and tol 0.5
c-alpha constraints added to residues 61 and 57 dist 5.66074 and tol 0.5
c-alpha constraints added to residues 61 and 58 dist 7.77239 and tol 0.5
c-alpha constraints added to residues 61 and 59 dist 6.16555 and tol 0.5
c-alpha constraints added to residues 61 and 60 dist 3.8563 and tol 0.5
c-alpha constraints added to residues 62 and 47 dist 7.21576 and tol 0.5
c-alpha constraints added to residues 62 and 48 dist 8.94072 and tol 0.5
c-alpha constraints added to residues 62 and 49 dist 8.07179 and tol 0.5
c-alpha constraints added to residues 62 and 50 dist 6.9982 and tol 0.5
c-alpha constraints added to residues 62 and 56 dist 8.27622 and tol 0.5
c-alpha constraints added to residues 62 and 57 dist 7.24845 and tol 0.5
c-alpha constraints added to residues 62 and 60 dist 6.27979 and tol 0.5
c-alpha constraints added to residues 62 and 61 dist 3.88618 and tol 0.5
c-alpha constraints added to residues 63 and 21 dist 8.99664 and tol 0.5
c-alpha constraints added to residues 63 and 46 dist 8.10066 and tol 0.5
c-alpha constraints added to residues 63 and 47 dist 5.49229 and tol 0.5
c-alpha constraints added to residues 63 and 48 dist 5.81669 and tol 0.5
c-alpha constraints added to residues 63 and 49 dist 5.59218 and tol 0.5
c-alpha constraints added to residues 63 and 50 dist 6.4249 and tol 0.5
c-alpha constraints added to residues 63 and 61 dist 7.04322 and tol 0.5
c-alpha constraints added to residues 63 and 62 dist 3.81127 and tol 0.5
c-alpha constraints added to residues 64 and 46 dist 5.74154 and tol 0.5
c-alpha constraints added to residues 64 and 47 dist 5.05126 and tol 0.5
c-alpha constraints added to residues 64 and 48 dist 5.86389 and tol 0.5
c-alpha constraints added to residues 64 and 49 dist 7.78727 and tol 0.5
c-alpha constraints added to residues 64 and 62 dist 6.25051 and tol 0.5
c-alpha constraints added to residues 64 and 63 dist 3.7631 and tol 0.5
c-alpha constraints added to residues 65 and 5 dist 8.46427 and tol 0.5
c-alpha constraints added to residues 65 and 45 dist 8.66576 and tol 0.5
c-alpha constraints added to residues 65 and 46 dist 5.47433 and tol 0.5
c-alpha constraints added to residues 65 and 47 dist 5.34134 and tol 0.5
c-alpha constraints added to residues 65 and 48 dist 8.17122 and tol 0.5
c-alpha constraints added to residues 65 and 61 dist 7.1556 and tol 0.5
c-alpha constraints added to residues 65 and 62 dist 5.76153 and tol 0.5
c-alpha constraints added to residues 65 and 63 dist 5.71289 and tol 0.5
c-alpha constraints added to residues 65 and 64 dist 3.88904 and tol 0.5
c-alpha constraints added to residues 66 and 5 dist 8.22191 and tol 0.5
c-alpha constraints added to residues 66 and 44 dist 5.90475 and tol 0.5
c-alpha constraints added to residues 66 and 45 dist 5.84362 and tol 0.5
c-alpha constraints added to residues 66 and 46 dist 4.20005 and tol 0.5
c-alpha constraints added to residues 66 and 47 dist 6.47632 and tol 0.5
c-alpha constraints added to residues 66 and 64 dist 6.25272 and tol 0.5
c-alpha constraints added to residues 66 and 65 dist 3.82336 and tol 0.5
c-alpha constraints added to residues 67 and 23 dist 8.71568 and tol 0.5
c-alpha constraints added to residues 67 and 44 dist 5.98355 and tol 0.5
c-alpha constraints added to residues 67 and 45 dist 5.64058 and tol 0.5
c-alpha constraints added to residues 67 and 46 dist 5.57278 and tol 0.5
c-alpha constraints added to residues 67 and 47 dist 7.42559 and tol 0.5
c-alpha constraints added to residues 67 and 65 dist 6.34751 and tol 0.5
c-alpha constraints added to residues 67 and 66 dist 3.84642 and tol 0.5
c-alpha constraints added to residues 68 and 7 dist 8.40889 and tol 0.5
c-alpha constraints added to residues 68 and 41 dist 8.69439 and tol 0.5
c-alpha constraints added to residues 68 and 44 dist 6.47265 and tol 0.5
c-alpha constraints added to residues 68 and 45 dist 8.0119 and tol 0.5
c-alpha constraints added to residues 68 and 66 dist 6.30882 and tol 0.5
c-alpha constraints added to residues 68 and 67 dist 3.86243 and tol 0.5
c-alpha constraints added to residues 69 and 67 dist 6.10603 and tol 0.5
c-alpha constraints added to residues 69 and 68 dist 3.83208 and tol 0.5
c-alpha constraints added to residues 70 and 67 dist 7.30517 and tol 0.5
c-alpha constraints added to residues 70 and 68 dist 6.86501 and tol 0.5
c-alpha constraints added to residues 70 and 69 dist 3.79323 and tol 0.5
c-alpha constraints added to residues 71 and 69 dist 6.53875 and tol 0.5
c-alpha constraints added to residues 71 and 70 dist 3.8537 and tol 0.5
c-alpha constraints added to residues 72 and 69 dist 5.93651 and tol 0.5
c-alpha constraints added to residues 72 and 70 dist 5.47943 and tol 0.5
c-alpha constraints added to residues 72 and 71 dist 3.81564 and tol 0.5
c-alpha constraints added to residues 73 and 68 dist 8.44667 and tol 0.5
c-alpha constraints added to residues 73 and 69 dist 5.23663 and tol 0.5
c-alpha constraints added to residues 73 and 70 dist 5.16676 and tol 0.5
c-alpha constraints added to residues 73 and 71 dist 5.67989 and tol 0.5
c-alpha constraints added to residues 73 and 72 dist 3.81745 and tol 0.5
c-alpha constraints added to residues 74 and 68 dist 6.05275 and tol 0.5
c-alpha constraints added to residues 74 and 69 dist 4.43607 and tol 0.5
c-alpha constraints added to residues 74 and 70 dist 6.59564 and tol 0.5
c-alpha constraints added to residues 74 and 71 dist 8.6114 and tol 0.5
c-alpha constraints added to residues 74 and 72 dist 6.61149 and tol 0.5
c-alpha constraints added to residues 74 and 73 dist 3.79577 and tol 0.5
c-alpha constraints added to residues 75 and 42 dist 8.62037 and tol 0.5
c-alpha constraints added to residues 75 and 43 dist 8.61696 and tol 0.5
c-alpha constraints added to residues 75 and 44 dist 6.90061 and tol 0.5
c-alpha constraints added to residues 75 and 45 dist 8.23341 and tol 0.5
c-alpha constraints added to residues 75 and 67 dist 7.40495 and tol 0.5
c-alpha constraints added to residues 75 and 68 dist 5.66824 and tol 0.5
c-alpha constraints added to residues 75 and 69 dist 5.65476 and tol 0.5
c-alpha constraints added to residues 75 and 70 dist 6.9619 and tol 0.5
c-alpha constraints added to residues 75 and 73 dist 6.16334 and tol 0.5
c-alpha constraints added to residues 75 and 74 dist 3.87242 and tol 0.5
c-alpha constraints added to residues 76 and 30 dist 7.8513 and tol 0.5
c-alpha constraints added to residues 76 and 31 dist 8.94144 and tol 0.5
c-alpha constraints added to residues 76 and 33 dist 8.88758 and tol 0.5
c-alpha constraints added to residues 76 and 41 dist 6.3519 and tol 0.5
c-alpha constraints added to residues 76 and 42 dist 4.79363 and tol 0.5
c-alpha constraints added to residues 76 and 43 dist 5.66803 and tol 0.5
c-alpha constraints added to residues 76 and 44 dist 5.47244 and tol 0.5
c-alpha constraints added to residues 76 and 45 dist 8.37142 and tol 0.5
c-alpha constraints added to residues 76 and 67 dist 8.46403 and tol 0.5
c-alpha constraints added to residues 76 and 68 dist 6.31461 and tol 0.5
c-alpha constraints added to residues 76 and 69 dist 8.02924 and tol 0.5
c-alpha constraints added to residues 76 and 74 dist 5.91553 and tol 0.5
c-alpha constraints added to residues 76 and 75 dist 3.85396 and tol 0.5
c-alpha constraints added to residues 77 and 26 dist 8.63023 and tol 0.5
c-alpha constraints added to residues 77 and 28 dist 8.51714 and tol 0.5
c-alpha constraints added to residues 77 and 29 dist 5.45968 and tol 0.5
c-alpha constraints added to residues 77 and 30 dist 4.27635 and tol 0.5
c-alpha constraints added to residues 77 and 31 dist 6.05421 and tol 0.5
c-alpha constraints added to residues 77 and 32 dist 8.29472 and tol 0.5
c-alpha constraints added to residues 77 and 33 dist 8.83086 and tol 0.5
c-alpha constraints added to residues 77 and 41 dist 8.30243 and tol 0.5
c-alpha constraints added to residues 77 and 42 dist 5.01879 and tol 0.5
c-alpha constraints added to residues 77 and 43 dist 4.89537 and tol 0.5
c-alpha constraints added to residues 77 and 44 dist 6.23349 and tol 0.5
c-alpha constraints added to residues 77 and 45 dist 8.56382 and tol 0.5
c-alpha constraints added to residues 77 and 74 dist 8.99182 and tol 0.5
c-alpha constraints added to residues 77 and 75 dist 6.08762 and tol 0.5
c-alpha constraints added to residues 77 and 76 dist 3.81973 and tol 0.5
c-alpha constraints added to residues 78 and 26 dist 8.1761 and tol 0.5
c-alpha constraints added to residues 78 and 27 dist 8.57917 and tol 0.5
c-alpha constraints added to residues 78 and 28 dist 7.68649 and tol 0.5
c-alpha constraints added to residues 78 and 29 dist 5.20475 and tol 0.5
c-alpha constraints added to residues 78 and 30 dist 6.47635 and tol 0.5
c-alpha constraints added to residues 78 and 42 dist 8.6251 and tol 0.5
c-alpha constraints added to residues 78 and 43 dist 7.63159 and tol 0.5
c-alpha constraints added to residues 78 and 44 dist 7.30198 and tol 0.5
c-alpha constraints added to residues 78 and 45 dist 8.00841 and tol 0.5
c-alpha constraints added to residues 78 and 74 dist 8.64171 and tol 0.5
c-alpha constraints added to residues 78 and 75 dist 5.14363 and tol 0.5
c-alpha constraints added to residues 78 and 76 dist 5.61075 and tol 0.5
c-alpha constraints added to residues 78 and 77 dist 3.8031 and tol 0.5
c-alpha constraints added to residues 79 and 25 dist 7.74032 and tol 0.5
c-alpha constraints added to residues 79 and 26 dist 6.04024 and tol 0.5
c-alpha constraints added to residues 79 and 27 dist 5.17939 and tol 0.5
c-alpha constraints added to residues 79 and 28 dist 5.22177 and tol 0.5
c-alpha constraints added to residues 79 and 29 dist 4.85792 and tol 0.5
c-alpha constraints added to residues 79 and 30 dist 7.86969 and tol 0.5
c-alpha constraints added to residues 79 and 44 dist 8.86303 and tol 0.5
c-alpha constraints added to residues 79 and 45 dist 8.12606 and tol 0.5
c-alpha constraints added to residues 79 and 75 dist 8.4072 and tol 0.5
c-alpha constraints added to residues 79 and 77 dist 6.67129 and tol 0.5
c-alpha constraints added to residues 79 and 78 dist 3.81345 and tol 0.5
c-alpha constraints added to residues 80 and 23 dist 8.02494 and tol 0.5
c-alpha constraints added to residues 80 and 24 dist 7.08265 and tol 0.5
c-alpha constraints added to residues 80 and 25 dist 5.74992 and tol 0.5
c-alpha constraints added to residues 80 and 26 dist 5.71136 and tol 0.5
c-alpha constraints added to residues 80 and 27 dist 5.08396 and tol 0.5
c-alpha constraints added to residues 80 and 28 dist 7.39319 and tol 0.5
c-alpha constraints added to residues 80 and 29 dist 8.3195 and tol 0.5
c-alpha constraints added to residues 80 and 45 dist 6.78913 and tol 0.5
c-alpha constraints added to residues 80 and 78 dist 6.62511 and tol 0.5
c-alpha constraints added to residues 80 and 79 dist 3.7488 and tol 0.5
c-alpha constraints added to residues 81 and 27 dist 7.17247 and tol 0.5
c-alpha constraints added to residues 81 and 78 dist 8.22741 and tol 0.5
c-alpha constraints added to residues 81 and 79 dist 5.3739 and tol 0.5
c-alpha constraints added to residues 81 and 80 dist 3.7989 and tol 0.5
c-alpha constraints added to residues 82 and 75 dist 8.35916 and tol 0.5
c-alpha constraints added to residues 82 and 78 dist 6.20168 and tol 0.5
c-alpha constraints added to residues 82 and 79 dist 5.18921 and tol 0.5
c-alpha constraints added to residues 82 and 80 dist 5.50824 and tol 0.5
c-alpha constraints added to residues 82 and 81 dist 3.83044 and tol 0.5
c-alpha constraints added to residues 83 and 23 dist 8.5551 and tol 0.5
c-alpha constraints added to residues 83 and 45 dist 7.65361 and tol 0.5
c-alpha constraints added to residues 83 and 67 dist 8.75129 and tol 0.5
c-alpha constraints added to residues 83 and 70 dist 7.63835 and tol 0.5
c-alpha constraints added to residues 83 and 75 dist 6.83419 and tol 0.5
c-alpha constraints added to residues 83 and 78 dist 6.62039 and tol 0.5
c-alpha constraints added to residues 83 and 79 dist 6.48261 and tol 0.5
c-alpha constraints added to residues 83 and 80 dist 5.45614 and tol 0.5
c-alpha constraints added to residues 83 and 81 dist 5.56599 and tol 0.5
c-alpha constraints added to residues 83 and 82 dist 3.76118 and tol 0.5
c-alpha constraints added to residues 84 and 23 dist 7.43002 and tol 0.5
c-alpha constraints added to residues 84 and 79 dist 8.73422 and tol 0.5
c-alpha constraints added to residues 84 and 80 dist 6.28137 and tol 0.5
c-alpha constraints added to residues 84 and 81 dist 5.19372 and tol 0.5
c-alpha constraints added to residues 84 and 82 dist 5.53239 and tol 0.5
c-alpha constraints added to residues 84 and 83 dist 3.83237 and tol 0.5
c-alpha constraints added to residues 85 and 80 dist 8.57151 and tol 0.5
c-alpha constraints added to residues 85 and 81 dist 5.95554 and tol 0.5
c-alpha constraints added to residues 85 and 82 dist 5.04448 and tol 0.5
c-alpha constraints added to residues 85 and 83 dist 5.37706 and tol 0.5
c-alpha constraints added to residues 85 and 84 dist 3.85636 and tol 0.5
c-alpha constraints added to residues 86 and 70 dist 6.85977 and tol 0.5
c-alpha constraints added to residues 86 and 71 dist 7.68691 and tol 0.5
c-alpha constraints added to residues 86 and 73 dist 8.54189 and tol 0.5
c-alpha constraints added to residues 86 and 81 dist 8.69545 and tol 0.5
c-alpha constraints added to residues 86 and 82 dist 6.31375 and tol 0.5
c-alpha constraints added to residues 86 and 83 dist 5.20937 and tol 0.5
c-alpha constraints added to residues 86 and 84 dist 5.52634 and tol 0.5
c-alpha constraints added to residues 86 and 85 dist 3.86726 and tol 0.5
c-alpha constraints added to residues 87 and 19 dist 8.99886 and tol 0.5
c-alpha constraints added to residues 87 and 70 dist 7.0407 and tol 0.5
c-alpha constraints added to residues 87 and 71 dist 8.00943 and tol 0.5
c-alpha constraints added to residues 87 and 82 dist 8.77623 and tol 0.5
c-alpha constraints added to residues 87 and 83 dist 6.41718 and tol 0.5
c-alpha constraints added to residues 87 and 84 dist 5.13673 and tol 0.5
c-alpha constraints added to residues 87 and 85 dist 5.44977 and tol 0.5
c-alpha constraints added to residues 87 and 86 dist 3.81894 and tol 0.5
c-alpha constraints added to residues 88 and 83 dist 8.67313 and tol 0.5
c-alpha constraints added to residues 88 and 84 dist 6.10026 and tol 0.5
c-alpha constraints added to residues 88 and 85 dist 4.97205 and tol 0.5
c-alpha constraints added to residues 88 and 86 dist 5.45971 and tol 0.5
c-alpha constraints added to residues 88 and 87 dist 3.84251 and tol 0.5
c-alpha constraints added to residues 89 and 84 dist 8.53137 and tol 0.5
c-alpha constraints added to residues 89 and 85 dist 5.84476 and tol 0.5
c-alpha constraints added to residues 89 and 86 dist 5.04887 and tol 0.5
c-alpha constraints added to residues 89 and 87 dist 5.62016 and tol 0.5
c-alpha constraints added to residues 89 and 88 dist 3.87759 and tol 0.5
c-alpha constraints added to residues 90 and 86 dist 8.57397 and tol 0.5
c-alpha constraints added to residues 90 and 87 dist 7.82777 and tol 0.5
c-alpha constraints added to residues 90 and 88 dist 5.44767 and tol 0.5
c-alpha constraints added to residues 90 and 89 dist 3.8214 and tol 0.5
c-alpha constraints added to residues 91 and 14 dist 8.78881 and tol 0.5
c-alpha constraints added to residues 91 and 87 dist 8.42302 and tol 0.5
c-alpha constraints added to residues 91 and 88 dist 7.64604 and tol 0.5
c-alpha constraints added to residues 91 and 89 dist 6.05159 and tol 0.5
c-alpha constraints added to residues 91 and 90 dist 3.79619 and tol 0.5
c-alpha constraints added to residues 92 and 12 dist 8.34525 and tol 0.5
c-alpha constraints added to residues 92 and 13 dist 5.59153 and tol 0.5
c-alpha constraints added to residues 92 and 14 dist 5.59391 and tol 0.5
c-alpha constraints added to residues 92 and 15 dist 8.28684 and tol 0.5
c-alpha constraints added to residues 92 and 90 dist 6.50318 and tol 0.5
c-alpha constraints added to residues 92 and 91 dist 3.82344 and tol 0.5
c-alpha constraints added to residues 93 and 11 dist 6.73722 and tol 0.5
c-alpha constraints added to residues 93 and 12 dist 5.66922 and tol 0.5
c-alpha constraints added to residues 93 and 13 dist 4.3574 and tol 0.5
c-alpha constraints added to residues 93 and 14 dist 6.45966 and tol 0.5
c-alpha constraints added to residues 93 and 19 dist 8.97997 and tol 0.5
c-alpha constraints added to residues 93 and 71 dist 8.72027 and tol 0.5
c-alpha constraints added to residues 93 and 91 dist 5.84383 and tol 0.5
c-alpha constraints added to residues 93 and 92 dist 3.82916 and tol 0.5
c-alpha constraints added to residues 94 and 10 dist 8.16509 and tol 0.5
c-alpha constraints added to residues 94 and 11 dist 5.62483 and tol 0.5
c-alpha constraints added to residues 94 and 12 dist 5.25301 and tol 0.5
c-alpha constraints added to residues 94 and 13 dist 6.29769 and tol 0.5
c-alpha constraints added to residues 94 and 14 dist 7.79631 and tol 0.5
c-alpha constraints added to residues 94 and 19 dist 8.25181 and tol 0.5
c-alpha constraints added to residues 94 and 70 dist 7.24335 and tol 0.5
c-alpha constraints added to residues 94 and 71 dist 6.23389 and tol 0.5
c-alpha constraints added to residues 94 and 87 dist 6.66161 and tol 0.5
c-alpha constraints added to residues 94 and 91 dist 7.38998 and tol 0.5
c-alpha constraints added to residues 94 and 92 dist 6.66873 and tol 0.5
c-alpha constraints added to residues 94 and 93 dist 3.79616 and tol 0.5
c-alpha constraints added to residues 95 and 9 dist 7.08277 and tol 0.5
c-alpha constraints added to residues 95 and 10 dist 6.02189 and tol 0.5
c-alpha constraints added to residues 95 and 11 dist 4.48744 and tol 0.5
c-alpha constraints added to residues 95 and 12 dist 6.62369 and tol 0.5
c-alpha constraints added to residues 95 and 13 dist 8.81406 and tol 0.5
c-alpha constraints added to residues 95 and 69 dist 8.0941 and tol 0.5
c-alpha constraints added to residues 95 and 70 dist 6.0752 and tol 0.5
c-alpha constraints added to residues 95 and 71 dist 5.04026 and tol 0.5
c-alpha constraints added to residues 95 and 72 dist 7.70394 and tol 0.5
c-alpha constraints added to residues 95 and 93 dist 6.42738 and tol 0.5
c-alpha constraints added to residues 95 and 94 dist 3.77769 and tol 0.5
c-alpha constraints added to residues 96 and 8 dist 8.18171 and tol 0.5
c-alpha constraints added to residues 96 and 9 dist 5.64772 and tol 0.5
c-alpha constraints added to residues 96 and 10 dist 5.33437 and tol 0.5
c-alpha constraints added to residues 96 and 11 dist 6.2596 and tol 0.5
c-alpha constraints added to residues 96 and 12 dist 8.26455 and tol 0.5
c-alpha constraints added to residues 96 and 67 dist 6.88865 and tol 0.5
c-alpha constraints added to residues 96 and 68 dist 7.36048 and tol 0.5
c-alpha constraints added to residues 96 and 69 dist 5.60116 and tol 0.5
c-alpha constraints added to residues 96 and 70 dist 4.84476 and tol 0.5
c-alpha constraints added to residues 96 and 71 dist 6.3143 and tol 0.5
c-alpha constraints added to residues 96 and 72 dist 8.08856 and tol 0.5
c-alpha constraints added to residues 96 and 94 dist 6.29436 and tol 0.5
c-alpha constraints added to residues 96 and 95 dist 3.81893 and tol 0.5
c-alpha constraints added to residues 97 and 7 dist 6.40941 and tol 0.5
c-alpha constraints added to residues 97 and 8 dist 5.56658 and tol 0.5
c-alpha constraints added to residues 97 and 9 dist 4.53697 and tol 0.5
c-alpha constraints added to residues 97 and 10 dist 6.46389 and tol 0.5
c-alpha constraints added to residues 97 and 11 dist 8.81493 and tol 0.5
c-alpha constraints added to residues 97 and 66 dist 8.54122 and tol 0.5
c-alpha constraints added to residues 97 and 67 dist 6.26202 and tol 0.5
c-alpha constraints added to residues 97 and 68 dist 5.43466 and tol 0.5
c-alpha constraints added to residues 97 and 69 dist 4.91485 and tol 0.5
c-alpha constraints added to residues 97 and 70 dist 6.68738 and tol 0.5
c-alpha constraints added to residues 97 and 71 dist 8.5935 and tol 0.5
c-alpha constraints added to residues 97 and 72 dist 8.76931 and tol 0.5
c-alpha constraints added to residues 97 and 95 dist 6.97311 and tol 0.5
c-alpha constraints added to residues 97 and 96 dist 3.75418 and tol 0.5
c-alpha constraints added to residues 98 and 5 dist 8.55468 and tol 0.5
c-alpha constraints added to residues 98 and 6 dist 7.9154 and tol 0.5
c-alpha constraints added to residues 98 and 7 dist 5.45482 and tol 0.5
c-alpha constraints added to residues 98 and 8 dist 5.5481 and tol 0.5
c-alpha constraints added to residues 98 and 9 dist 6.43183 and tol 0.5
c-alpha constraints added to residues 98 and 10 dist 7.56681 and tol 0.5
c-alpha constraints added to residues 98 and 46 dist 8.5926 and tol 0.5
c-alpha constraints added to residues 98 and 61 dist 8.55362 and tol 0.5
c-alpha constraints added to residues 98 and 65 dist 5.79086 and tol 0.5
c-alpha constraints added to residues 98 and 66 dist 5.26401 and tol 0.5
c-alpha constraints added to residues 98 and 67 dist 4.5509 and tol 0.5
c-alpha constraints added to residues 98 and 68 dist 5.27689 and tol 0.5
c-alpha constraints added to residues 98 and 69 dist 7.03776 and tol 0.5
c-alpha constraints added to residues 98 and 70 dist 8.89628 and tol 0.5
c-alpha constraints added to residues 98 and 96 dist 6.06376 and tol 0.5
c-alpha constraints added to residues 98 and 97 dist 3.76644 and tol 0.5
c-alpha constraints added to residues 99 and 4 dist 7.96009 and tol 0.5
c-alpha constraints added to residues 99 and 5 dist 4.77673 and tol 0.5
c-alpha constraints added to residues 99 and 6 dist 5.04344 and tol 0.5
c-alpha constraints added to residues 99 and 7 dist 4.51003 and tol 0.5
c-alpha constraints added to residues 99 and 8 dist 6.53127 and tol 0.5
c-alpha constraints added to residues 99 and 36 dist 8.66734 and tol 0.5
c-alpha constraints added to residues 99 and 64 dist 8.79538 and tol 0.5
c-alpha constraints added to residues 99 and 65 dist 5.52949 and tol 0.5
c-alpha constraints added to residues 99 and 66 dist 4.94202 and tol 0.5
c-alpha constraints added to residues 99 and 67 dist 6.58719 and tol 0.5
c-alpha constraints added to residues 99 and 68 dist 6.85855 and tol 0.5
c-alpha constraints added to residues 99 and 97 dist 7.02349 and tol 0.5
c-alpha constraints added to residues 99 and 98 dist 3.80136 and tol 0.5
c-alpha constraints added to residues 100 and 4 dist 5.87639 and tol 0.5
c-alpha constraints added to residues 100 and 5 dist 4.5689 and tol 0.5
c-alpha constraints added to residues 100 and 6 dist 5.32929 and tol 0.5
c-alpha constraints added to residues 100 and 7 dist 6.60559 and tol 0.5
c-alpha constraints added to residues 100 and 8 dist 7.72245 and tol 0.5
c-alpha constraints added to residues 100 and 62 dist 7.87158 and tol 0.5
c-alpha constraints added to residues 100 and 63 dist 8.85046 and tol 0.5
c-alpha constraints added to residues 100 and 64 dist 7.11489 and tol 0.5
c-alpha constraints added to residues 100 and 65 dist 4.8562 and tol 0.5
c-alpha constraints added to residues 100 and 66 dist 6.52401 and tol 0.5
c-alpha constraints added to residues 100 and 98 dist 6.41976 and tol 0.5
c-alpha constraints added to residues 100 and 99 dist 3.79685 and tol 0.5
c-alpha constraints added to residues 101 and 3 dist 8.65455 and tol 0.5
c-alpha constraints added to residues 101 and 4 dist 5.65583 and tol 0.5
c-alpha constraints added to residues 101 and 5 dist 5.40266 and tol 0.5
c-alpha constraints added to residues 101 and 6 dist 7.99592 and tol 0.5
c-alpha constraints added to residues 101 and 62 dist 8.80962 and tol 0.5
c-alpha constraints added to residues 101 and 63 dist 8.19813 and tol 0.5
c-alpha constraints added to residues 101 and 64 dist 5.62188 and tol 0.5
c-alpha constraints added to residues 101 and 65 dist 5.64535 and tol 0.5
c-alpha constraints added to residues 101 and 66 dist 7.10216 and tol 0.5
c-alpha constraints added to residues 101 and 99 dist 6.48242 and tol 0.5
c-alpha constraints added to residues 101 and 100 dist 3.80402 and tol 0.5
c-alpha constraints added to residues 103 and 102 dist 3.78915 and tol 0.5
c-alpha constraints added to residues 104 and 102 dist 7.15154 and tol 0.5
c-alpha constraints added to residues 104 and 103 dist 3.80191 and tol 0.5
c-alpha constraints added to residues 105 and 26 dist 8.04665 and tol 0.5
c-alpha constraints added to residues 105 and 27 dist 8.9678 and tol 0.5
c-alpha constraints added to residues 105 and 103 dist 7.18161 and tol 0.5
c-alpha constraints added to residues 105 and 104 dist 3.80207 and tol 0.5
c-alpha constraints added to residues 106 and 25 dist 8.26788 and tol 0.5
c-alpha constraints added to residues 106 and 26 dist 6.17756 and tol 0.5
c-alpha constraints added to residues 106 and 27 dist 6.33256 and tol 0.5
c-alpha constraints added to residues 106 and 28 dist 8.08665 and tol 0.5
c-alpha constraints added to residues 106 and 104 dist 7.17262 and tol 0.5
c-alpha constraints added to residues 106 and 105 dist 3.80148 and tol 0.5
c-alpha constraints added to residues 107 and 24 dist 6.91312 and tol 0.5
c-alpha constraints added to residues 107 and 25 dist 5.11056 and tol 0.5
c-alpha constraints added to residues 107 and 26 dist 4.3692 and tol 0.5
c-alpha constraints added to residues 107 and 27 dist 4.98002 and tol 0.5
c-alpha constraints added to residues 107 and 28 dist 8.1115 and tol 0.5
c-alpha constraints added to residues 107 and 80 dist 7.62781 and tol 0.5
c-alpha constraints added to residues 107 and 105 dist 7.13629 and tol 0.5
c-alpha constraints added to residues 107 and 106 dist 3.8009 and tol 0.5
c-alpha constraints added to residues 108 and 23 dist 8.33089 and tol 0.5
c-alpha constraints added to residues 108 and 24 dist 5.63246 and tol 0.5
c-alpha constraints added to residues 108 and 25 dist 5.84517 and tol 0.5
c-alpha constraints added to residues 108 and 26 dist 6.59022 and tol 0.5
c-alpha constraints added to residues 108 and 27 dist 6.10661 and tol 0.5
c-alpha constraints added to residues 108 and 80 dist 6.63513 and tol 0.5
c-alpha constraints added to residues 108 and 81 dist 8.54448 and tol 0.5
c-alpha constraints added to residues 108 and 106 dist 7.1993 and tol 0.5
c-alpha constraints added to residues 108 and 107 dist 3.79339 and tol 0.5
c-alpha constraints added to residues 109 and 22 dist 6.58705 and tol 0.5
c-alpha constraints added to residues 109 and 23 dist 5.54638 and tol 0.5
c-alpha constraints added to residues 109 and 24 dist 4.10763 and tol 0.5
c-alpha constraints added to residues 109 and 25 dist 6.68611 and tol 0.5
c-alpha constraints added to residues 109 and 48 dist 7.85079 and tol 0.5
c-alpha constraints added to residues 109 and 80 dist 7.67168 and tol 0.5
c-alpha constraints added to residues 109 and 107 dist 6.99882 and tol 0.5
c-alpha constraints added to residues 109 and 108 dist 3.77208 and tol 0.5
c-alpha constraints added to residues 110 and 21 dist 8.61353 and tol 0.5
c-alpha constraints added to residues 110 and 22 dist 5.39397 and tol 0.5
c-alpha constraints added to residues 110 and 23 dist 5.54296 and tol 0.5
c-alpha constraints added to residues 110 and 24 dist 6.57959 and tol 0.5
c-alpha constraints added to residues 110 and 80 dist 8.4807 and tol 0.5
c-alpha constraints added to residues 110 and 81 dist 8.75996 and tol 0.5
c-alpha constraints added to residues 110 and 84 dist 7.27274 and tol 0.5
c-alpha constraints added to residues 110 and 108 dist 6.84825 and tol 0.5
c-alpha constraints added to residues 110 and 109 dist 3.80792 and tol 0.5
c-alpha constraints added to residues 111 and 18 dist 8.44411 and tol 0.5
c-alpha constraints added to residues 111 and 19 dist 8.64516 and tol 0.5
c-alpha constraints added to residues 111 and 20 dist 7.5146 and tol 0.5
c-alpha constraints added to residues 111 and 21 dist 5.9504 and tol 0.5
c-alpha constraints added to residues 111 and 22 dist 4.25198 and tol 0.5
c-alpha constraints added to residues 111 and 23 dist 6.56135 and tol 0.5
c-alpha constraints added to residues 111 and 49 dist 8.89851 and tol 0.5
c-alpha constraints added to residues 111 and 84 dist 8.58469 and tol 0.5
c-alpha constraints added to residues 111 and 109 dist 7.07886 and tol 0.5
c-alpha constraints added to residues 111 and 110 dist 3.83553 and tol 0.5
c-alpha constraints added to residues 112 and 17 dist 8.75274 and tol 0.5
c-alpha constraints added to residues 112 and 18 dist 5.79736 and tol 0.5
c-alpha constraints added to residues 112 and 19 dist 5.7079 and tol 0.5
c-alpha constraints added to residues 112 and 20 dist 6.3011 and tol 0.5
c-alpha constraints added to residues 112 and 21 dist 5.70181 and tol 0.5
c-alpha constraints added to residues 112 and 22 dist 5.86442 and tol 0.5
c-alpha constraints added to residues 112 and 23 dist 7.40474 and tol 0.5
c-alpha constraints added to residues 112 and 84 dist 7.28085 and tol 0.5
c-alpha constraints added to residues 112 and 87 dist 7.30324 and tol 0.5
c-alpha constraints added to residues 112 and 88 dist 7.12762 and tol 0.5
c-alpha constraints added to residues 112 and 110 dist 6.4263 and tol 0.5
c-alpha constraints added to residues 112 and 111 dist 3.79343 and tol 0.5
core.pack.dunbrack.RotamerLibrary: Using Dunbrack library binary file '/home/arubenstein//Rosetta/main/database/rotamer/ExtendedOpt1-5/Dunbrack10.lib.bin'.
core.pack.dunbrack.RotamerLibrary: Dunbrack 2010 library took 0.371396 seconds to load from binary
------------------------------------------------------------
 Scores                       Weight   Raw Score Wghtd.Score
------------------------------------------------------------
 fa_atr                       1.000    -609.944    -609.944
 fa_rep                       0.550     313.856     172.621
 fa_sol                       0.938     368.218     345.204
 fa_intra_rep                 0.005     166.052       0.830
 fa_elec                      0.875     -54.714     -47.874
 pro_close                    1.250       0.614       0.768
 hbond_sr_bb                  1.170     -12.621     -14.766
 hbond_lr_bb                  1.170     -30.336     -35.494
 hbond_bb_sc                  1.170      -7.167      -8.385
 hbond_sc                     1.100      -5.779      -6.357
 dslf_fa13                    1.250       0.000       0.000
 atom_pair_constraint         1.000       0.000       0.000
 coordinate_constraint        1.000       0.000       0.000
 angle_constraint             1.000       0.000       0.000
 dihedral_constraint          1.000       0.000       0.000
 rama                         0.250     -59.347     -14.837
 omega                        0.625      20.937      13.085
 fa_dun                       0.700     149.097     104.368
 p_aa_pp                      0.400     -72.263     -28.905
 yhh_planarity                0.625       0.977       0.611
 ref                          1.000       5.640       5.640
 res_type_constraint          1.000       0.000       0.000
---------------------------------------------------
 Total weighted score:                     -123.435
------------------------------------------------------------
 Scores                       Weight   Raw Score Wghtd.Score
------------------------------------------------------------
 fa_atr                       1.000    -611.521    -611.521
 fa_rep                       0.550      59.401      32.670
 fa_sol                       0.938     366.284     343.391
 fa_intra_rep                 0.005     166.688       0.833
 fa_elec                      0.875     -55.914     -48.925
 pro_close                    1.250       0.556       0.695
 hbond_sr_bb                  1.170     -12.840     -15.022
 hbond_lr_bb                  1.170     -30.860     -36.106
 hbond_bb_sc                  1.170      -7.703      -9.012
 hbond_sc                     1.100      -6.573      -7.230
 dslf_fa13                    1.250       0.000       0.000
 atom_pair_constraint         1.000       4.564       4.564
 coordinate_constraint        1.000       0.000       0.000
 angle_constraint             1.000       0.000       0.000
 dihedral_constraint          1.000       0.000       0.000
 rama                         0.250     -57.091     -14.273
 omega                        0.625      18.177      11.360
 fa_dun                       0.700     148.501     103.951
 p_aa_pp                      0.400     -72.045     -28.818
 yhh_planarity                0.625       0.982       0.614
 ref                          1.000       5.640       5.640
 res_type_constraint          1.000       0.000       0.000
---------------------------------------------------
 Total weighted score:                     -267.188
running another iteration of minimization. difference is: -143.753
