core.init: Rosetta version cfc466308d02bc2649ea5ad781d49ad9310a9725 2016-03-08 23:18:50 -0500 from git@github.com:RosettaCommons/main.git
core.init: command: /home/arubenstein//Rosetta/main/source/bin//minimize_with_cst.linuxgccrelease -in:file:l min_2i0406_complex_0001min_2i0406_complex_0001_0001.list -in:file:fullatom -fa_max_dis 9.0 -database /home/arubenstein//Rosetta/main/database/ -ddg::harmonic_ca_tether 0.5 -cst_fa_file /home/arubenstein//CADRES/PDZ_ddG/ancillary_files//input_pdbs/2i04.cst -score:weights talaris2014_cst -ddg::constraint_weight 1.0 -ddg::out_pdb_prefix min -ddg::sc_min_only false
core.init: 'RNG device' seed mode, using '/dev/urandom', seed=-1701648212 seed_offset=0 real_seed=-1701648212
core.init.random: RandomGenerator:init: Normal mode, seed=-1701648212 RG_type=mt19937
core.chemical.ResidueTypeSet: Finished initializing fa_standard residue type set.  Created 384 residue types
core.chemical.ResidueTypeSet: Total time to initialize 0.769037 seconds.
core.scoring.ScoreFunctionFactory: SCOREFUNCTION: talaris2014_cst
core.scoring.etable: Starting energy table calculation
core.scoring.etable: smooth_etable: changing atr/rep split to bottom of energy well
core.scoring.etable: smooth_etable: spline smoothing lj etables (maxdis = 9)
core.scoring.etable: smooth_etable: spline smoothing solvation etables (max_dis = 9)
core.scoring.etable: Finished calculating energy tables.
basic.io.database: Database file opened: scoring/score_functions/hbonds/sp2_elec_params/HBPoly1D.csv
basic.io.database: Database file opened: scoring/score_functions/hbonds/sp2_elec_params/HBFadeIntervals.csv
basic.io.database: Database file opened: scoring/score_functions/hbonds/sp2_elec_params/HBEval.csv
basic.io.database: Database file opened: scoring/score_functions/rama/Rama_smooth_dyn.dat_ss_6.4
basic.io.database: Database file opened: scoring/score_functions/P_AA_pp/P_AA
basic.io.database: Database file opened: scoring/score_functions/P_AA_pp/P_AA_n
basic.io.database: Database file opened: scoring/score_functions/P_AA_pp/P_AA_pp
using -l option 
examining file: /home/arubenstein//CADRES/PDZ_ddG/results//prepack/min_2i0406_complex_0001min_2i0406_complex_0001_0001.pdb
c-alpha constraints added to residues 2 and 1 dist 3.81403 and tol 0.5
c-alpha constraints added to residues 3 and 1 dist 6.78618 and tol 0.5
c-alpha constraints added to residues 3 and 2 dist 3.80992 and tol 0.5
c-alpha constraints added to residues 4 and 2 dist 6.75636 and tol 0.5
c-alpha constraints added to residues 4 and 3 dist 3.82513 and tol 0.5
c-alpha constraints added to residues 5 and 3 dist 7.17967 and tol 0.5
c-alpha constraints added to residues 5 and 4 dist 3.77963 and tol 0.5
c-alpha constraints added to residues 6 and 4 dist 6.72268 and tol 0.5
c-alpha constraints added to residues 6 and 5 dist 3.78717 and tol 0.5
c-alpha constraints added to residues 7 and 5 dist 6.94868 and tol 0.5
c-alpha constraints added to residues 7 and 6 dist 3.79407 and tol 0.5
c-alpha constraints added to residues 8 and 6 dist 6.44722 and tol 0.5
c-alpha constraints added to residues 8 and 7 dist 3.81742 and tol 0.5
c-alpha constraints added to residues 9 and 7 dist 6.32966 and tol 0.5
c-alpha constraints added to residues 9 and 8 dist 3.81443 and tol 0.5
c-alpha constraints added to residues 10 and 8 dist 7.07397 and tol 0.5
c-alpha constraints added to residues 10 and 9 dist 3.98358 and tol 0.5
c-alpha constraints added to residues 11 and 8 dist 7.95113 and tol 0.5
c-alpha constraints added to residues 11 and 9 dist 5.1684 and tol 0.5
c-alpha constraints added to residues 11 and 10 dist 3.76348 and tol 0.5
c-alpha constraints added to residues 12 and 7 dist 8.63977 and tol 0.5
c-alpha constraints added to residues 12 and 8 dist 5.60541 and tol 0.5
c-alpha constraints added to residues 12 and 9 dist 5.0407 and tol 0.5
c-alpha constraints added to residues 12 and 10 dist 5.72473 and tol 0.5
c-alpha constraints added to residues 12 and 11 dist 4.05236 and tol 0.5
c-alpha constraints added to residues 13 and 6 dist 6.71244 and tol 0.5
c-alpha constraints added to residues 13 and 7 dist 6.95028 and tol 0.5
c-alpha constraints added to residues 13 and 8 dist 5.49781 and tol 0.5
c-alpha constraints added to residues 13 and 9 dist 6.44505 and tol 0.5
c-alpha constraints added to residues 13 and 10 dist 8.82143 and tol 0.5
c-alpha constraints added to residues 13 and 11 dist 7.0673 and tol 0.5
c-alpha constraints added to residues 13 and 12 dist 3.80525 and tol 0.5
c-alpha constraints added to residues 14 and 8 dist 8.92894 and tol 0.5
c-alpha constraints added to residues 14 and 9 dist 8.65098 and tol 0.5
c-alpha constraints added to residues 14 and 11 dist 7.39081 and tol 0.5
c-alpha constraints added to residues 14 and 12 dist 5.70283 and tol 0.5
c-alpha constraints added to residues 14 and 13 dist 3.80438 and tol 0.5
c-alpha constraints added to residues 15 and 12 dist 8.08504 and tol 0.5
c-alpha constraints added to residues 15 and 13 dist 5.96026 and tol 0.5
c-alpha constraints added to residues 15 and 14 dist 3.79526 and tol 0.5
c-alpha constraints added to residues 16 and 13 dist 8.73522 and tol 0.5
c-alpha constraints added to residues 16 and 14 dist 7.09233 and tol 0.5
c-alpha constraints added to residues 16 and 15 dist 3.80795 and tol 0.5
c-alpha constraints added to residues 17 and 15 dist 6.78087 and tol 0.5
c-alpha constraints added to residues 17 and 16 dist 3.80146 and tol 0.5
c-alpha constraints added to residues 18 and 16 dist 7.10292 and tol 0.5
c-alpha constraints added to residues 18 and 17 dist 3.92614 and tol 0.5
c-alpha constraints added to residues 19 and 17 dist 6.99193 and tol 0.5
c-alpha constraints added to residues 19 and 18 dist 3.79474 and tol 0.5
c-alpha constraints added to residues 20 and 18 dist 6.93674 and tol 0.5
c-alpha constraints added to residues 20 and 19 dist 3.78975 and tol 0.5
c-alpha constraints added to residues 21 and 18 dist 8.64899 and tol 0.5
c-alpha constraints added to residues 21 and 19 dist 5.4137 and tol 0.5
c-alpha constraints added to residues 21 and 20 dist 3.77922 and tol 0.5
c-alpha constraints added to residues 22 and 19 dist 8.35901 and tol 0.5
c-alpha constraints added to residues 22 and 20 dist 5.49797 and tol 0.5
c-alpha constraints added to residues 22 and 21 dist 3.67716 and tol 0.5
c-alpha constraints added to residues 23 and 20 dist 6.56621 and tol 0.5
c-alpha constraints added to residues 23 and 21 dist 6.93 and tol 0.5
c-alpha constraints added to residues 23 and 22 dist 4.04052 and tol 0.5
c-alpha constraints added to residues 24 and 20 dist 7.7318 and tol 0.5
c-alpha constraints added to residues 24 and 21 dist 8.28761 and tol 0.5
c-alpha constraints added to residues 24 and 22 dist 5.70428 and tol 0.5
c-alpha constraints added to residues 24 and 23 dist 4.01584 and tol 0.5
c-alpha constraints added to residues 25 and 19 dist 7.09506 and tol 0.5
c-alpha constraints added to residues 25 and 20 dist 5.22669 and tol 0.5
c-alpha constraints added to residues 25 and 21 dist 6.22722 and tol 0.5
c-alpha constraints added to residues 25 and 22 dist 5.45611 and tol 0.5
c-alpha constraints added to residues 25 and 23 dist 5.73994 and tol 0.5
c-alpha constraints added to residues 25 and 24 dist 3.79246 and tol 0.5
c-alpha constraints added to residues 26 and 18 dist 8.86676 and tol 0.5
c-alpha constraints added to residues 26 and 19 dist 6.0526 and tol 0.5
c-alpha constraints added to residues 26 and 20 dist 5.03333 and tol 0.5
c-alpha constraints added to residues 26 and 21 dist 7.88542 and tol 0.5
c-alpha constraints added to residues 26 and 22 dist 8.27233 and tol 0.5
c-alpha constraints added to residues 26 and 23 dist 7.85921 and tol 0.5
c-alpha constraints added to residues 26 and 24 dist 6.6267 and tol 0.5
c-alpha constraints added to residues 26 and 25 dist 3.81318 and tol 0.5
c-alpha constraints added to residues 27 and 17 dist 6.67994 and tol 0.5
c-alpha constraints added to residues 27 and 18 dist 5.7787 and tol 0.5
c-alpha constraints added to residues 27 and 19 dist 4.41249 and tol 0.5
c-alpha constraints added to residues 27 and 20 dist 4.86464 and tol 0.5
c-alpha constraints added to residues 27 and 21 dist 8.3178 and tol 0.5
c-alpha constraints added to residues 27 and 25 dist 6.99993 and tol 0.5
c-alpha constraints added to residues 27 and 26 dist 3.80613 and tol 0.5
c-alpha constraints added to residues 28 and 16 dist 8.46833 and tol 0.5
c-alpha constraints added to residues 28 and 17 dist 5.42672 and tol 0.5
c-alpha constraints added to residues 28 and 18 dist 5.31516 and tol 0.5
c-alpha constraints added to residues 28 and 19 dist 6.1132 and tol 0.5
c-alpha constraints added to residues 28 and 20 dist 8.23675 and tol 0.5
c-alpha constraints added to residues 28 and 26 dist 6.88887 and tol 0.5
c-alpha constraints added to residues 28 and 27 dist 3.8138 and tol 0.5
c-alpha constraints added to residues 29 and 15 dist 6.76059 and tol 0.5
c-alpha constraints added to residues 29 and 16 dist 5.84375 and tol 0.5
c-alpha constraints added to residues 29 and 17 dist 4.56071 and tol 0.5
c-alpha constraints added to residues 29 and 18 dist 6.41241 and tol 0.5
c-alpha constraints added to residues 29 and 19 dist 8.90204 and tol 0.5
c-alpha constraints added to residues 29 and 27 dist 7.24111 and tol 0.5
c-alpha constraints added to residues 29 and 28 dist 3.84341 and tol 0.5
c-alpha constraints added to residues 30 and 15 dist 7.52322 and tol 0.5
c-alpha constraints added to residues 30 and 16 dist 5.61027 and tol 0.5
c-alpha constraints added to residues 30 and 17 dist 5.422 and tol 0.5
c-alpha constraints added to residues 30 and 18 dist 6.03031 and tol 0.5
c-alpha constraints added to residues 30 and 28 dist 6.39766 and tol 0.5
c-alpha constraints added to residues 30 and 29 dist 4.05401 and tol 0.5
c-alpha constraints added to residues 31 and 14 dist 8.55003 and tol 0.5
c-alpha constraints added to residues 31 and 15 dist 5.61475 and tol 0.5
c-alpha constraints added to residues 31 and 16 dist 5.24569 and tol 0.5
c-alpha constraints added to residues 31 and 17 dist 7.32978 and tol 0.5
c-alpha constraints added to residues 31 and 29 dist 6.03434 and tol 0.5
c-alpha constraints added to residues 31 and 30 dist 3.79466 and tol 0.5
c-alpha constraints added to residues 32 and 14 dist 5.87734 and tol 0.5
c-alpha constraints added to residues 32 and 15 dist 4.29657 and tol 0.5
c-alpha constraints added to residues 32 and 16 dist 6.48516 and tol 0.5
c-alpha constraints added to residues 32 and 29 dist 7.68013 and tol 0.5
c-alpha constraints added to residues 32 and 30 dist 7.16758 and tol 0.5
c-alpha constraints added to residues 32 and 31 dist 3.79815 and tol 0.5
c-alpha constraints added to residues 33 and 13 dist 8.53132 and tol 0.5
c-alpha constraints added to residues 33 and 14 dist 4.72873 and tol 0.5
c-alpha constraints added to residues 33 and 15 dist 5.47182 and tol 0.5
c-alpha constraints added to residues 33 and 16 dist 7.79355 and tol 0.5
c-alpha constraints added to residues 33 and 31 dist 6.49308 and tol 0.5
c-alpha constraints added to residues 33 and 32 dist 3.8153 and tol 0.5
c-alpha constraints added to residues 34 and 14 dist 7.57569 and tol 0.5
c-alpha constraints added to residues 34 and 32 dist 6.53734 and tol 0.5
c-alpha constraints added to residues 34 and 33 dist 3.80919 and tol 0.5
c-alpha constraints added to residues 35 and 14 dist 7.64521 and tol 0.5
c-alpha constraints added to residues 35 and 32 dist 8.55411 and tol 0.5
c-alpha constraints added to residues 35 and 33 dist 6.11945 and tol 0.5
c-alpha constraints added to residues 35 and 34 dist 3.79528 and tol 0.5
c-alpha constraints added to residues 36 and 9 dist 8.50636 and tol 0.5
c-alpha constraints added to residues 36 and 11 dist 7.84054 and tol 0.5
c-alpha constraints added to residues 36 and 12 dist 7.9482 and tol 0.5
c-alpha constraints added to residues 36 and 13 dist 6.55683 and tol 0.5
c-alpha constraints added to residues 36 and 14 dist 4.33258 and tol 0.5
c-alpha constraints added to residues 36 and 15 dist 7.65981 and tol 0.5
c-alpha constraints added to residues 36 and 32 dist 7.56929 and tol 0.5
c-alpha constraints added to residues 36 and 33 dist 5.25726 and tol 0.5
c-alpha constraints added to residues 36 and 34 dist 5.55549 and tol 0.5
c-alpha constraints added to residues 36 and 35 dist 3.78235 and tol 0.5
c-alpha constraints added to residues 37 and 6 dist 6.24032 and tol 0.5
c-alpha constraints added to residues 37 and 7 dist 6.71618 and tol 0.5
c-alpha constraints added to residues 37 and 8 dist 7.62738 and tol 0.5
c-alpha constraints added to residues 37 and 9 dist 7.55106 and tol 0.5
c-alpha constraints added to residues 37 and 12 dist 7.90575 and tol 0.5
c-alpha constraints added to residues 37 and 13 dist 5.32434 and tol 0.5
c-alpha constraints added to residues 37 and 14 dist 5.2843 and tol 0.5
c-alpha constraints added to residues 37 and 15 dist 8.26094 and tol 0.5
c-alpha constraints added to residues 37 and 33 dist 8.16649 and tol 0.5
c-alpha constraints added to residues 37 and 34 dist 8.99549 and tol 0.5
c-alpha constraints added to residues 37 and 35 dist 6.70708 and tol 0.5
c-alpha constraints added to residues 37 and 36 dist 3.85185 and tol 0.5
c-alpha constraints added to residues 38 and 4 dist 8.91392 and tol 0.5
c-alpha constraints added to residues 38 and 5 dist 8.6834 and tol 0.5
c-alpha constraints added to residues 38 and 6 dist 6.56924 and tol 0.5
c-alpha constraints added to residues 38 and 7 dist 8.79971 and tol 0.5
c-alpha constraints added to residues 38 and 13 dist 5.9992 and tol 0.5
c-alpha constraints added to residues 38 and 14 dist 5.17688 and tol 0.5
c-alpha constraints added to residues 38 and 15 dist 6.30766 and tol 0.5
c-alpha constraints added to residues 38 and 32 dist 6.71009 and tol 0.5
c-alpha constraints added to residues 38 and 33 dist 7.48721 and tol 0.5
c-alpha constraints added to residues 38 and 35 dist 7.96469 and tol 0.5
c-alpha constraints added to residues 38 and 36 dist 5.67491 and tol 0.5
c-alpha constraints added to residues 38 and 37 dist 3.82111 and tol 0.5
c-alpha constraints added to residues 39 and 14 dist 6.79537 and tol 0.5
c-alpha constraints added to residues 39 and 15 dist 7.86069 and tol 0.5
c-alpha constraints added to residues 39 and 32 dist 5.94961 and tol 0.5
c-alpha constraints added to residues 39 and 33 dist 6.50041 and tol 0.5
c-alpha constraints added to residues 39 and 34 dist 6.66055 and tol 0.5
c-alpha constraints added to residues 39 and 35 dist 5.76562 and tol 0.5
c-alpha constraints added to residues 39 and 36 dist 5.50228 and tol 0.5
c-alpha constraints added to residues 39 and 37 dist 5.61652 and tol 0.5
c-alpha constraints added to residues 39 and 38 dist 3.80384 and tol 0.5
c-alpha constraints added to residues 40 and 14 dist 8.96181 and tol 0.5
c-alpha constraints added to residues 40 and 34 dist 8.56181 and tol 0.5
c-alpha constraints added to residues 40 and 35 dist 5.89636 and tol 0.5
c-alpha constraints added to residues 40 and 36 dist 6.21065 and tol 0.5
c-alpha constraints added to residues 40 and 37 dist 5.26519 and tol 0.5
c-alpha constraints added to residues 40 and 38 dist 5.51958 and tol 0.5
c-alpha constraints added to residues 40 and 39 dist 3.82078 and tol 0.5
c-alpha constraints added to residues 41 and 4 dist 8.04308 and tol 0.5
c-alpha constraints added to residues 41 and 5 dist 8.23132 and tol 0.5
c-alpha constraints added to residues 41 and 6 dist 7.5432 and tol 0.5
c-alpha constraints added to residues 41 and 36 dist 8.72808 and tol 0.5
c-alpha constraints added to residues 41 and 37 dist 6.23984 and tol 0.5
c-alpha constraints added to residues 41 and 38 dist 5.24337 and tol 0.5
c-alpha constraints added to residues 41 and 39 dist 5.41128 and tol 0.5
c-alpha constraints added to residues 41 and 40 dist 3.7839 and tol 0.5
c-alpha constraints added to residues 42 and 37 dist 8.83948 and tol 0.5
c-alpha constraints added to residues 42 and 38 dist 6.52089 and tol 0.5
c-alpha constraints added to residues 42 and 39 dist 5.1483 and tol 0.5
c-alpha constraints added to residues 42 and 40 dist 5.33614 and tol 0.5
c-alpha constraints added to residues 42 and 41 dist 3.80587 and tol 0.5
c-alpha constraints added to residues 43 and 2 dist 7.62311 and tol 0.5
c-alpha constraints added to residues 43 and 3 dist 8.05051 and tol 0.5
c-alpha constraints added to residues 43 and 4 dist 6.78685 and tol 0.5
c-alpha constraints added to residues 43 and 38 dist 7.60357 and tol 0.5
c-alpha constraints added to residues 43 and 39 dist 7.76031 and tol 0.5
c-alpha constraints added to residues 43 and 40 dist 8.60954 and tol 0.5
c-alpha constraints added to residues 43 and 41 dist 5.8376 and tol 0.5
c-alpha constraints added to residues 43 and 42 dist 3.80919 and tol 0.5
c-alpha constraints added to residues 44 and 2 dist 8.11097 and tol 0.5
c-alpha constraints added to residues 44 and 3 dist 8.84468 and tol 0.5
c-alpha constraints added to residues 44 and 4 dist 7.60519 and tol 0.5
c-alpha constraints added to residues 44 and 15 dist 8.81786 and tol 0.5
c-alpha constraints added to residues 44 and 29 dist 8.14475 and tol 0.5
c-alpha constraints added to residues 44 and 32 dist 8.11791 and tol 0.5
c-alpha constraints added to residues 44 and 38 dist 6.36914 and tol 0.5
c-alpha constraints added to residues 44 and 39 dist 7.13113 and tol 0.5
c-alpha constraints added to residues 44 and 41 dist 7.52943 and tol 0.5
c-alpha constraints added to residues 44 and 42 dist 5.8335 and tol 0.5
c-alpha constraints added to residues 44 and 43 dist 3.83169 and tol 0.5
c-alpha constraints added to residues 45 and 29 dist 7.15706 and tol 0.5
c-alpha constraints added to residues 45 and 30 dist 8.61266 and tol 0.5
c-alpha constraints added to residues 45 and 31 dist 8.06204 and tol 0.5
c-alpha constraints added to residues 45 and 32 dist 7.40175 and tol 0.5
c-alpha constraints added to residues 45 and 38 dist 8.83374 and tol 0.5
c-alpha constraints added to residues 45 and 39 dist 8.3622 and tol 0.5
c-alpha constraints added to residues 45 and 42 dist 7.74496 and tol 0.5
c-alpha constraints added to residues 45 and 43 dist 6.53636 and tol 0.5
c-alpha constraints added to residues 45 and 44 dist 3.84025 and tol 0.5
c-alpha constraints added to residues 46 and 15 dist 8.77283 and tol 0.5
c-alpha constraints added to residues 46 and 28 dist 7.60907 and tol 0.5
c-alpha constraints added to residues 46 and 29 dist 4.94997 and tol 0.5
c-alpha constraints added to residues 46 and 30 dist 5.19861 and tol 0.5
c-alpha constraints added to residues 46 and 31 dist 5.71966 and tol 0.5
c-alpha constraints added to residues 46 and 32 dist 6.97242 and tol 0.5
c-alpha constraints added to residues 46 and 44 dist 6.9667 and tol 0.5
c-alpha constraints added to residues 46 and 45 dist 3.81913 and tol 0.5
c-alpha constraints added to residues 47 and 28 dist 5.78493 and tol 0.5
c-alpha constraints added to residues 47 and 29 dist 5.32774 and tol 0.5
c-alpha constraints added to residues 47 and 30 dist 6.1673 and tol 0.5
c-alpha constraints added to residues 47 and 31 dist 8.49458 and tol 0.5
c-alpha constraints added to residues 47 and 45 dist 6.39927 and tol 0.5
c-alpha constraints added to residues 47 and 46 dist 3.78344 and tol 0.5
c-alpha constraints added to residues 48 and 27 dist 8.64634 and tol 0.5
c-alpha constraints added to residues 48 and 28 dist 5.53425 and tol 0.5
c-alpha constraints added to residues 48 and 29 dist 5.41202 and tol 0.5
c-alpha constraints added to residues 48 and 30 dist 8.31366 and tol 0.5
c-alpha constraints added to residues 48 and 44 dist 7.0658 and tol 0.5
c-alpha constraints added to residues 48 and 45 dist 5.92135 and tol 0.5
c-alpha constraints added to residues 48 and 46 dist 5.43519 and tol 0.5
c-alpha constraints added to residues 48 and 47 dist 3.82447 and tol 0.5
c-alpha constraints added to residues 49 and 26 dist 7.1387 and tol 0.5
c-alpha constraints added to residues 49 and 27 dist 5.82697 and tol 0.5
c-alpha constraints added to residues 49 and 28 dist 4.33729 and tol 0.5
c-alpha constraints added to residues 49 and 29 dist 6.47072 and tol 0.5
c-alpha constraints added to residues 49 and 46 dist 8.69352 and tol 0.5
c-alpha constraints added to residues 49 and 47 dist 6.39904 and tol 0.5
c-alpha constraints added to residues 49 and 48 dist 3.82305 and tol 0.5
c-alpha constraints added to residues 50 and 17 dist 8.94367 and tol 0.5
c-alpha constraints added to residues 50 and 26 dist 7.68632 and tol 0.5
c-alpha constraints added to residues 50 and 27 dist 5.9986 and tol 0.5
c-alpha constraints added to residues 50 and 28 dist 5.86839 and tol 0.5
c-alpha constraints added to residues 50 and 29 dist 7.36168 and tol 0.5
c-alpha constraints added to residues 50 and 48 dist 6.47802 and tol 0.5
c-alpha constraints added to residues 50 and 49 dist 3.81799 and tol 0.5
c-alpha constraints added to residues 51 and 1 dist 8.52296 and tol 0.5
c-alpha constraints added to residues 51 and 26 dist 8.19886 and tol 0.5
c-alpha constraints added to residues 51 and 27 dist 8.23674 and tol 0.5
c-alpha constraints added to residues 51 and 49 dist 6.17854 and tol 0.5
c-alpha constraints added to residues 51 and 50 dist 3.89559 and tol 0.5
c-alpha constraints added to residues 52 and 50 dist 5.92844 and tol 0.5
c-alpha constraints added to residues 52 and 51 dist 3.87874 and tol 0.5
c-alpha constraints added to residues 53 and 50 dist 7.76922 and tol 0.5
c-alpha constraints added to residues 53 and 51 dist 7.29981 and tol 0.5
c-alpha constraints added to residues 53 and 52 dist 3.78918 and tol 0.5
c-alpha constraints added to residues 54 and 52 dist 6.55321 and tol 0.5
c-alpha constraints added to residues 54 and 53 dist 3.8178 and tol 0.5
c-alpha constraints added to residues 55 and 52 dist 6.54026 and tol 0.5
c-alpha constraints added to residues 55 and 53 dist 5.9494 and tol 0.5
c-alpha constraints added to residues 55 and 54 dist 3.83085 and tol 0.5
c-alpha constraints added to residues 56 and 51 dist 8.77669 and tol 0.5
c-alpha constraints added to residues 56 and 52 dist 5.49149 and tol 0.5
c-alpha constraints added to residues 56 and 53 dist 5.66342 and tol 0.5
c-alpha constraints added to residues 56 and 54 dist 5.55394 and tol 0.5
c-alpha constraints added to residues 56 and 55 dist 3.83093 and tol 0.5
c-alpha constraints added to residues 57 and 50 dist 8.90522 and tol 0.5
c-alpha constraints added to residues 57 and 51 dist 5.9322 and tol 0.5
c-alpha constraints added to residues 57 and 52 dist 4.18033 and tol 0.5
c-alpha constraints added to residues 57 and 53 dist 6.51035 and tol 0.5
c-alpha constraints added to residues 57 and 54 dist 8.25489 and tol 0.5
c-alpha constraints added to residues 57 and 55 dist 6.85083 and tol 0.5
c-alpha constraints added to residues 57 and 56 dist 3.84505 and tol 0.5
c-alpha constraints added to residues 58 and 26 dist 8.26102 and tol 0.5
c-alpha constraints added to residues 58 and 27 dist 8.50233 and tol 0.5
c-alpha constraints added to residues 58 and 50 dist 7.36181 and tol 0.5
c-alpha constraints added to residues 58 and 51 dist 5.94552 and tol 0.5
c-alpha constraints added to residues 58 and 52 dist 5.2528 and tol 0.5
c-alpha constraints added to residues 58 and 53 dist 6.79372 and tol 0.5
c-alpha constraints added to residues 58 and 56 dist 6.68813 and tol 0.5
c-alpha constraints added to residues 58 and 57 dist 4.07613 and tol 0.5
c-alpha constraints added to residues 59 and 20 dist 8.55372 and tol 0.5
c-alpha constraints added to residues 59 and 23 dist 7.82015 and tol 0.5
c-alpha constraints added to residues 59 and 24 dist 7.28734 and tol 0.5
c-alpha constraints added to residues 59 and 25 dist 7.47646 and tol 0.5
c-alpha constraints added to residues 59 and 26 dist 5.75131 and tol 0.5
c-alpha constraints added to residues 59 and 27 dist 7.62522 and tol 0.5
c-alpha constraints added to residues 59 and 50 dist 7.69553 and tol 0.5
c-alpha constraints added to residues 59 and 51 dist 5.78025 and tol 0.5
c-alpha constraints added to residues 59 and 52 dist 7.28445 and tol 0.5
c-alpha constraints added to residues 59 and 57 dist 5.76183 and tol 0.5
c-alpha constraints added to residues 59 and 58 dist 3.85393 and tol 0.5
c-alpha constraints added to residues 60 and 20 dist 8.55685 and tol 0.5
c-alpha constraints added to residues 60 and 22 dist 8.58245 and tol 0.5
c-alpha constraints added to residues 60 and 23 dist 4.88913 and tol 0.5
c-alpha constraints added to residues 60 and 24 dist 5.33349 and tol 0.5
c-alpha constraints added to residues 60 and 25 dist 7.19752 and tol 0.5
c-alpha constraints added to residues 60 and 26 dist 7.42144 and tol 0.5
c-alpha constraints added to residues 60 and 57 dist 7.8803 and tol 0.5
c-alpha constraints added to residues 60 and 58 dist 5.81148 and tol 0.5
c-alpha constraints added to residues 60 and 59 dist 3.90852 and tol 0.5
c-alpha constraints added to residues 61 and 20 dist 7.04531 and tol 0.5
c-alpha constraints added to residues 61 and 22 dist 8.08632 and tol 0.5
c-alpha constraints added to residues 61 and 23 dist 5.04319 and tol 0.5
c-alpha constraints added to residues 61 and 24 dist 7.54375 and tol 0.5
c-alpha constraints added to residues 61 and 25 dist 8.24733 and tol 0.5
c-alpha constraints added to residues 61 and 26 dist 7.9444 and tol 0.5
c-alpha constraints added to residues 61 and 27 dist 8.83149 and tol 0.5
c-alpha constraints added to residues 61 and 57 dist 8.5626 and tol 0.5
c-alpha constraints added to residues 61 and 58 dist 5.14295 and tol 0.5
c-alpha constraints added to residues 61 and 59 dist 5.5453 and tol 0.5
c-alpha constraints added to residues 61 and 60 dist 3.84876 and tol 0.5
c-alpha constraints added to residues 62 and 19 dist 8.2262 and tol 0.5
c-alpha constraints added to residues 62 and 20 dist 4.644 and tol 0.5
c-alpha constraints added to residues 62 and 21 dist 6.23874 and tol 0.5
c-alpha constraints added to residues 62 and 22 dist 5.87695 and tol 0.5
c-alpha constraints added to residues 62 and 23 dist 4.86428 and tol 0.5
c-alpha constraints added to residues 62 and 24 dist 8.06765 and tol 0.5
c-alpha constraints added to residues 62 and 25 dist 7.70972 and tol 0.5
c-alpha constraints added to residues 62 and 26 dist 7.93612 and tol 0.5
c-alpha constraints added to residues 62 and 27 dist 8.09967 and tol 0.5
c-alpha constraints added to residues 62 and 58 dist 8.09518 and tol 0.5
c-alpha constraints added to residues 62 and 59 dist 8.22494 and tol 0.5
c-alpha constraints added to residues 62 and 60 dist 6.80252 and tol 0.5
c-alpha constraints added to residues 62 and 61 dist 3.80252 and tol 0.5
c-alpha constraints added to residues 63 and 17 dist 8.17973 and tol 0.5
c-alpha constraints added to residues 63 and 18 dist 7.53807 and tol 0.5
c-alpha constraints added to residues 63 and 19 dist 6.30524 and tol 0.5
c-alpha constraints added to residues 63 and 20 dist 4.21943 and tol 0.5
c-alpha constraints added to residues 63 and 21 dist 6.25818 and tol 0.5
c-alpha constraints added to residues 63 and 22 dist 7.91658 and tol 0.5
c-alpha constraints added to residues 63 and 23 dist 8.29238 and tol 0.5
c-alpha constraints added to residues 63 and 26 dist 8.39165 and tol 0.5
c-alpha constraints added to residues 63 and 27 dist 6.83332 and tol 0.5
c-alpha constraints added to residues 63 and 61 dist 6.80347 and tol 0.5
c-alpha constraints added to residues 63 and 62 dist 3.81186 and tol 0.5
c-alpha constraints added to residues 64 and 20 dist 8.10512 and tol 0.5
c-alpha constraints added to residues 64 and 61 dist 8.30463 and tol 0.5
c-alpha constraints added to residues 64 and 62 dist 5.71192 and tol 0.5
c-alpha constraints added to residues 64 and 63 dist 4.03036 and tol 0.5
c-alpha constraints added to residues 65 and 20 dist 8.94245 and tol 0.5
c-alpha constraints added to residues 65 and 58 dist 8.45413 and tol 0.5
c-alpha constraints added to residues 65 and 61 dist 5.95927 and tol 0.5
c-alpha constraints added to residues 65 and 62 dist 5.22259 and tol 0.5
c-alpha constraints added to residues 65 and 63 dist 5.56 and tol 0.5
c-alpha constraints added to residues 65 and 64 dist 3.77867 and tol 0.5
c-alpha constraints added to residues 66 and 20 dist 8.43134 and tol 0.5
c-alpha constraints added to residues 66 and 27 dist 8.57154 and tol 0.5
c-alpha constraints added to residues 66 and 53 dist 8.75807 and tol 0.5
c-alpha constraints added to residues 66 and 58 dist 6.66394 and tol 0.5
c-alpha constraints added to residues 66 and 61 dist 6.49895 and tol 0.5
c-alpha constraints added to residues 66 and 62 dist 6.38035 and tol 0.5
c-alpha constraints added to residues 66 and 63 dist 5.39328 and tol 0.5
c-alpha constraints added to residues 66 and 64 dist 5.43762 and tol 0.5
c-alpha constraints added to residues 66 and 65 dist 3.7834 and tol 0.5
c-alpha constraints added to residues 67 and 17 dist 8.35429 and tol 0.5
c-alpha constraints added to residues 67 and 62 dist 8.72142 and tol 0.5
c-alpha constraints added to residues 67 and 63 dist 6.26459 and tol 0.5
c-alpha constraints added to residues 67 and 64 dist 4.93857 and tol 0.5
c-alpha constraints added to residues 67 and 65 dist 5.52129 and tol 0.5
c-alpha constraints added to residues 67 and 66 dist 3.81927 and tol 0.5
c-alpha constraints added to residues 68 and 63 dist 8.79784 and tol 0.5
c-alpha constraints added to residues 68 and 64 dist 5.95292 and tol 0.5
c-alpha constraints added to residues 68 and 65 dist 5.13133 and tol 0.5
c-alpha constraints added to residues 68 and 66 dist 5.40831 and tol 0.5
c-alpha constraints added to residues 68 and 67 dist 3.98291 and tol 0.5
c-alpha constraints added to residues 69 and 53 dist 8.19548 and tol 0.5
c-alpha constraints added to residues 69 and 64 dist 8.54138 and tol 0.5
c-alpha constraints added to residues 69 and 65 dist 6.39182 and tol 0.5
c-alpha constraints added to residues 69 and 66 dist 5.03474 and tol 0.5
c-alpha constraints added to residues 69 and 67 dist 5.42595 and tol 0.5
c-alpha constraints added to residues 69 and 68 dist 3.84854 and tol 0.5
c-alpha constraints added to residues 70 and 8 dist 8.74178 and tol 0.5
c-alpha constraints added to residues 70 and 12 dist 8.29869 and tol 0.5
c-alpha constraints added to residues 70 and 13 dist 8.24048 and tol 0.5
c-alpha constraints added to residues 70 and 53 dist 8.53382 and tol 0.5
c-alpha constraints added to residues 70 and 65 dist 8.98417 and tol 0.5
c-alpha constraints added to residues 70 and 66 dist 6.57063 and tol 0.5
c-alpha constraints added to residues 70 and 67 dist 5.25312 and tol 0.5
c-alpha constraints added to residues 70 and 68 dist 5.50178 and tol 0.5
c-alpha constraints added to residues 70 and 69 dist 3.81101 and tol 0.5
c-alpha constraints added to residues 71 and 12 dist 7.85452 and tol 0.5
c-alpha constraints added to residues 71 and 66 dist 8.83428 and tol 0.5
c-alpha constraints added to residues 71 and 67 dist 6.2201 and tol 0.5
c-alpha constraints added to residues 71 and 68 dist 5.07937 and tol 0.5
c-alpha constraints added to residues 71 and 69 dist 5.72859 and tol 0.5
c-alpha constraints added to residues 71 and 70 dist 3.93515 and tol 0.5
c-alpha constraints added to residues 72 and 67 dist 8.6282 and tol 0.5
c-alpha constraints added to residues 72 and 68 dist 5.84243 and tol 0.5
c-alpha constraints added to residues 72 and 69 dist 5.33684 and tol 0.5
c-alpha constraints added to residues 72 and 70 dist 5.59414 and tol 0.5
c-alpha constraints added to residues 72 and 71 dist 3.96976 and tol 0.5
c-alpha constraints added to residues 73 and 8 dist 7.12901 and tol 0.5
c-alpha constraints added to residues 73 and 68 dist 8.8191 and tol 0.5
c-alpha constraints added to residues 73 and 69 dist 6.99212 and tol 0.5
c-alpha constraints added to residues 73 and 70 dist 5.71565 and tol 0.5
c-alpha constraints added to residues 73 and 71 dist 5.49914 and tol 0.5
c-alpha constraints added to residues 73 and 72 dist 3.88931 and tol 0.5
c-alpha constraints added to residues 74 and 8 dist 6.68766 and tol 0.5
c-alpha constraints added to residues 74 and 9 dist 8.30452 and tol 0.5
c-alpha constraints added to residues 74 and 10 dist 8.83673 and tol 0.5
c-alpha constraints added to residues 74 and 70 dist 8.93055 and tol 0.5
c-alpha constraints added to residues 74 and 71 dist 7.64481 and tol 0.5
c-alpha constraints added to residues 74 and 72 dist 6.43162 and tol 0.5
c-alpha constraints added to residues 74 and 73 dist 3.75154 and tol 0.5
c-alpha constraints added to residues 75 and 7 dist 7.63635 and tol 0.5
c-alpha constraints added to residues 75 and 8 dist 4.87369 and tol 0.5
c-alpha constraints added to residues 75 and 9 dist 5.17368 and tol 0.5
c-alpha constraints added to residues 75 and 10 dist 6.1246 and tol 0.5
c-alpha constraints added to residues 75 and 12 dist 8.11835 and tol 0.5
c-alpha constraints added to residues 75 and 73 dist 6.7632 and tol 0.5
c-alpha constraints added to residues 75 and 74 dist 3.8212 and tol 0.5
c-alpha constraints added to residues 76 and 7 dist 5.86934 and tol 0.5
c-alpha constraints added to residues 76 and 8 dist 5.25855 and tol 0.5
c-alpha constraints added to residues 76 and 9 dist 6.33413 and tol 0.5
c-alpha constraints added to residues 76 and 10 dist 8.76892 and tol 0.5
c-alpha constraints added to residues 76 and 73 dist 8.54684 and tol 0.5
c-alpha constraints added to residues 76 and 74 dist 6.23516 and tol 0.5
c-alpha constraints added to residues 76 and 75 dist 3.78456 and tol 0.5
c-alpha constraints added to residues 77 and 6 dist 8.41888 and tol 0.5
c-alpha constraints added to residues 77 and 7 dist 5.73711 and tol 0.5
c-alpha constraints added to residues 77 and 8 dist 5.57618 and tol 0.5
c-alpha constraints added to residues 77 and 9 dist 8.45108 and tol 0.5
c-alpha constraints added to residues 77 and 73 dist 6.42582 and tol 0.5
c-alpha constraints added to residues 77 and 74 dist 5.6406 and tol 0.5
c-alpha constraints added to residues 77 and 75 dist 5.5707 and tol 0.5
c-alpha constraints added to residues 77 and 76 dist 3.79771 and tol 0.5
c-alpha constraints added to residues 78 and 5 dist 6.51265 and tol 0.5
c-alpha constraints added to residues 78 and 6 dist 5.23746 and tol 0.5
c-alpha constraints added to residues 78 and 7 dist 4.16528 and tol 0.5
c-alpha constraints added to residues 78 and 8 dist 5.70584 and tol 0.5
c-alpha constraints added to residues 78 and 54 dist 8.76459 and tol 0.5
c-alpha constraints added to residues 78 and 73 dist 7.74888 and tol 0.5
c-alpha constraints added to residues 78 and 74 dist 8.46886 and tol 0.5
c-alpha constraints added to residues 78 and 75 dist 8.30906 and tol 0.5
c-alpha constraints added to residues 78 and 76 dist 6.52239 and tol 0.5
c-alpha constraints added to residues 78 and 77 dist 3.79179 and tol 0.5
c-alpha constraints added to residues 79 and 4 dist 8.15869 and tol 0.5
c-alpha constraints added to residues 79 and 5 dist 5.41901 and tol 0.5
c-alpha constraints added to residues 79 and 6 dist 5.33038 and tol 0.5
c-alpha constraints added to residues 79 and 7 dist 6.58277 and tol 0.5
c-alpha constraints added to residues 79 and 8 dist 7.60472 and tol 0.5
c-alpha constraints added to residues 79 and 13 dist 8.97565 and tol 0.5
c-alpha constraints added to residues 79 and 53 dist 6.44522 and tol 0.5
c-alpha constraints added to residues 79 and 54 dist 5.74974 and tol 0.5
c-alpha constraints added to residues 79 and 70 dist 8.16242 and tol 0.5
c-alpha constraints added to residues 79 and 73 dist 8.15169 and tol 0.5
c-alpha constraints added to residues 79 and 77 dist 7.04379 and tol 0.5
c-alpha constraints added to residues 79 and 78 dist 3.80491 and tol 0.5
c-alpha constraints added to residues 80 and 3 dist 7.28861 and tol 0.5
c-alpha constraints added to residues 80 and 4 dist 5.78664 and tol 0.5
c-alpha constraints added to residues 80 and 5 dist 4.40269 and tol 0.5
c-alpha constraints added to residues 80 and 6 dist 6.72736 and tol 0.5
c-alpha constraints added to residues 80 and 52 dist 7.94998 and tol 0.5
c-alpha constraints added to residues 80 and 53 dist 5.65589 and tol 0.5
c-alpha constraints added to residues 80 and 54 dist 4.80391 and tol 0.5
c-alpha constraints added to residues 80 and 55 dist 7.36882 and tol 0.5
c-alpha constraints added to residues 80 and 78 dist 6.76544 and tol 0.5
c-alpha constraints added to residues 80 and 79 dist 3.7816 and tol 0.5
c-alpha constraints added to residues 81 and 2 dist 8.06095 and tol 0.5
c-alpha constraints added to residues 81 and 3 dist 5.65627 and tol 0.5
c-alpha constraints added to residues 81 and 4 dist 5.10679 and tol 0.5
c-alpha constraints added to residues 81 and 5 dist 5.95483 and tol 0.5
c-alpha constraints added to residues 81 and 6 dist 7.96547 and tol 0.5
c-alpha constraints added to residues 81 and 50 dist 7.23957 and tol 0.5
c-alpha constraints added to residues 81 and 51 dist 7.68174 and tol 0.5
c-alpha constraints added to residues 81 and 52 dist 5.76146 and tol 0.5
c-alpha constraints added to residues 81 and 53 dist 4.89252 and tol 0.5
c-alpha constraints added to residues 81 and 54 dist 6.47139 and tol 0.5
c-alpha constraints added to residues 81 and 55 dist 8.32158 and tol 0.5
c-alpha constraints added to residues 81 and 79 dist 6.19751 and tol 0.5
c-alpha constraints added to residues 81 and 80 dist 3.77635 and tol 0.5
c-alpha constraints added to residues 82 and 1 dist 6.5124 and tol 0.5
c-alpha constraints added to residues 82 and 2 dist 5.72669 and tol 0.5
c-alpha constraints added to residues 82 and 3 dist 4.69024 and tol 0.5
c-alpha constraints added to residues 82 and 4 dist 6.59377 and tol 0.5
c-alpha constraints added to residues 82 and 5 dist 8.90051 and tol 0.5
c-alpha constraints added to residues 82 and 49 dist 8.53333 and tol 0.5
c-alpha constraints added to residues 82 and 50 dist 6.21997 and tol 0.5
c-alpha constraints added to residues 82 and 51 dist 5.47817 and tol 0.5
c-alpha constraints added to residues 82 and 52 dist 5.08062 and tol 0.5
c-alpha constraints added to residues 82 and 53 dist 6.68283 and tol 0.5
c-alpha constraints added to residues 82 and 54 dist 8.54329 and tol 0.5
c-alpha constraints added to residues 82 and 55 dist 8.81736 and tol 0.5
c-alpha constraints added to residues 82 and 57 dist 8.86409 and tol 0.5
c-alpha constraints added to residues 82 and 80 dist 6.88801 and tol 0.5
c-alpha constraints added to residues 82 and 81 dist 3.74664 and tol 0.5
c-alpha constraints added to residues 83 and 1 dist 5.5503 and tol 0.5
c-alpha constraints added to residues 83 and 2 dist 5.22196 and tol 0.5
c-alpha constraints added to residues 83 and 3 dist 6.39213 and tol 0.5
c-alpha constraints added to residues 83 and 4 dist 8.00588 and tol 0.5
c-alpha constraints added to residues 83 and 28 dist 8.77411 and tol 0.5
c-alpha constraints added to residues 83 and 44 dist 7.74551 and tol 0.5
c-alpha constraints added to residues 83 and 48 dist 5.94765 and tol 0.5
c-alpha constraints added to residues 83 and 49 dist 5.30171 and tol 0.5
c-alpha constraints added to residues 83 and 50 dist 4.45898 and tol 0.5
c-alpha constraints added to residues 83 and 51 dist 5.38483 and tol 0.5
c-alpha constraints added to residues 83 and 52 dist 7.10153 and tol 0.5
c-alpha constraints added to residues 83 and 81 dist 6.13156 and tol 0.5
c-alpha constraints added to residues 83 and 82 dist 3.76335 and tol 0.5
c-alpha constraints added to residues 84 and 1 dist 4.0248 and tol 0.5
c-alpha constraints added to residues 84 and 2 dist 5.9677 and tol 0.5
c-alpha constraints added to residues 84 and 3 dist 8.78352 and tol 0.5
c-alpha constraints added to residues 84 and 48 dist 5.73011 and tol 0.5
c-alpha constraints added to residues 84 and 49 dist 5.21274 and tol 0.5
c-alpha constraints added to residues 84 and 50 dist 6.69636 and tol 0.5
c-alpha constraints added to residues 84 and 51 dist 6.78643 and tol 0.5
c-alpha constraints added to residues 84 and 82 dist 6.88431 and tol 0.5
c-alpha constraints added to residues 84 and 83 dist 3.96785 and tol 0.5
c-alpha constraints added to residues 85 and 1 dist 6.37309 and tol 0.5
c-alpha constraints added to residues 85 and 2 dist 7.55749 and tol 0.5
c-alpha constraints added to residues 85 and 45 dist 8.35339 and tol 0.5
c-alpha constraints added to residues 85 and 47 dist 7.1359 and tol 0.5
c-alpha constraints added to residues 85 and 48 dist 4.94718 and tol 0.5
c-alpha constraints added to residues 85 and 49 dist 6.54385 and tol 0.5
c-alpha constraints added to residues 85 and 83 dist 6.83044 and tol 0.5
c-alpha constraints added to residues 85 and 84 dist 3.89577 and tol 0.5
c-alpha constraints added to residues 86 and 18 dist 6.61519 and tol 0.5
c-alpha constraints added to residues 86 and 19 dist 6.06306 and tol 0.5
c-alpha constraints added to residues 86 and 20 dist 8.30424 and tol 0.5
c-alpha constraints added to residues 86 and 21 dist 6.75703 and tol 0.5
c-alpha constraints added to residues 87 and 17 dist 7.93635 and tol 0.5
c-alpha constraints added to residues 87 and 18 dist 5.48125 and tol 0.5
c-alpha constraints added to residues 87 and 19 dist 6.77976 and tol 0.5
c-alpha constraints added to residues 87 and 20 dist 8.9737 and tol 0.5
c-alpha constraints added to residues 87 and 21 dist 8.53707 and tol 0.5
c-alpha constraints added to residues 87 and 63 dist 8.59032 and tol 0.5
c-alpha constraints added to residues 87 and 86 dist 3.81252 and tol 0.5
c-alpha constraints added to residues 88 and 16 dist 6.14426 and tol 0.5
c-alpha constraints added to residues 88 and 17 dist 5.42523 and tol 0.5
c-alpha constraints added to residues 88 and 18 dist 4.75782 and tol 0.5
c-alpha constraints added to residues 88 and 19 dist 7.87685 and tol 0.5
c-alpha constraints added to residues 88 and 29 dist 8.97077 and tol 0.5
c-alpha constraints added to residues 88 and 30 dist 7.06262 and tol 0.5
c-alpha constraints added to residues 88 and 31 dist 8.72396 and tol 0.5
c-alpha constraints added to residues 88 and 86 dist 7.14858 and tol 0.5
c-alpha constraints added to residues 88 and 87 dist 3.81096 and tol 0.5
c-alpha constraints added to residues 89 and 15 dist 8.39717 and tol 0.5
c-alpha constraints added to residues 89 and 16 dist 5.03708 and tol 0.5
c-alpha constraints added to residues 89 and 17 dist 5.31616 and tol 0.5
c-alpha constraints added to residues 89 and 18 dist 6.85506 and tol 0.5
c-alpha constraints added to residues 89 and 30 dist 8.86221 and tol 0.5
c-alpha constraints added to residues 89 and 63 dist 8.81287 and tol 0.5
c-alpha constraints added to residues 89 and 67 dist 7.62572 and tol 0.5
c-alpha constraints added to residues 89 and 87 dist 6.59047 and tol 0.5
c-alpha constraints added to residues 89 and 88 dist 3.91091 and tol 0.5
c-alpha constraints added to residues 90 and 12 dist 7.92885 and tol 0.5
c-alpha constraints added to residues 90 and 13 dist 8.46593 and tol 0.5
c-alpha constraints added to residues 90 and 14 dist 7.39219 and tol 0.5
c-alpha constraints added to residues 90 and 15 dist 5.92634 and tol 0.5
c-alpha constraints added to residues 90 and 16 dist 3.98539 and tol 0.5
c-alpha constraints added to residues 90 and 17 dist 6.51339 and tol 0.5
c-alpha constraints added to residues 90 and 31 dist 8.46405 and tol 0.5
c-alpha constraints added to residues 90 and 33 dist 8.6808 and tol 0.5
c-alpha constraints added to residues 90 and 67 dist 8.58507 and tol 0.5
c-alpha constraints added to residues 90 and 88 dist 6.74176 and tol 0.5
c-alpha constraints added to residues 90 and 89 dist 3.67703 and tol 0.5
c-alpha constraints added to residues 91 and 11 dist 8.35541 and tol 0.5
c-alpha constraints added to residues 91 and 12 dist 5.32064 and tol 0.5
c-alpha constraints added to residues 91 and 13 dist 5.81454 and tol 0.5
c-alpha constraints added to residues 91 and 14 dist 6.43402 and tol 0.5
c-alpha constraints added to residues 91 and 15 dist 5.88788 and tol 0.5
c-alpha constraints added to residues 91 and 16 dist 5.62866 and tol 0.5
c-alpha constraints added to residues 91 and 17 dist 7.51346 and tol 0.5
c-alpha constraints added to residues 91 and 67 dist 6.91378 and tol 0.5
c-alpha constraints added to residues 91 and 70 dist 6.79951 and tol 0.5
c-alpha constraints added to residues 91 and 71 dist 7.14504 and tol 0.5
c-alpha constraints added to residues 91 and 89 dist 6.11047 and tol 0.5
c-alpha constraints added to residues 91 and 90 dist 3.62783 and tol 0.5
core.pack.dunbrack.RotamerLibrary: Using Dunbrack library binary file '/home/arubenstein//Rosetta/main/database/rotamer/ExtendedOpt1-5/Dunbrack10.lib.bin'.
core.pack.dunbrack.RotamerLibrary: Dunbrack 2010 library took 0.360231 seconds to load from binary
------------------------------------------------------------
 Scores                       Weight   Raw Score Wghtd.Score
------------------------------------------------------------
 fa_atr                       1.000    -528.088    -528.088
 fa_rep                       0.550     170.439      93.741
 fa_sol                       0.938     315.793     296.056
 fa_intra_rep                 0.005     185.215       0.926
 fa_elec                      0.875     -47.453     -41.521
 pro_close                    1.250       0.193       0.242
 hbond_sr_bb                  1.170     -12.175     -14.245
 hbond_lr_bb                  1.170     -24.967     -29.212
 hbond_bb_sc                  1.170      -4.198      -4.911
 hbond_sc                     1.100      -4.882      -5.370
 dslf_fa13                    1.250       0.000       0.000
 atom_pair_constraint         1.000       0.000       0.000
 coordinate_constraint        1.000       0.000       0.000
 angle_constraint             1.000       0.000       0.000
 dihedral_constraint          1.000       0.000       0.000
 rama                         0.250     -31.198      -7.799
 omega                        0.625      12.053       7.533
 fa_dun                       0.700     123.702      86.592
 p_aa_pp                      0.400     -46.299     -18.520
 yhh_planarity                0.625       0.000       0.000
 ref                          1.000       3.606       3.606
 res_type_constraint          1.000       0.000       0.000
---------------------------------------------------
 Total weighted score:                     -160.969
------------------------------------------------------------
 Scores                       Weight   Raw Score Wghtd.Score
------------------------------------------------------------
 fa_atr                       1.000    -528.723    -528.723
 fa_rep                       0.550      63.115      34.713
 fa_sol                       0.938     311.336     291.878
 fa_intra_rep                 0.005     193.502       0.968
 fa_elec                      0.875     -47.060     -41.177
 pro_close                    1.250       0.198       0.248
 hbond_sr_bb                  1.170     -12.988     -15.196
 hbond_lr_bb                  1.170     -24.534     -28.705
 hbond_bb_sc                  1.170      -4.404      -5.153
 hbond_sc                     1.100      -5.210      -5.731
 dslf_fa13                    1.250       0.000       0.000
 atom_pair_constraint         1.000       5.206       5.206
 coordinate_constraint        1.000       0.000       0.000
 angle_constraint             1.000       0.000       0.000
 dihedral_constraint          1.000       0.000       0.000
 rama                         0.250     -31.620      -7.905
 omega                        0.625       8.524       5.328
 fa_dun                       0.700     119.659      83.762
 p_aa_pp                      0.400     -49.123     -19.649
 yhh_planarity                0.625       0.000       0.000
 ref                          1.000       3.606       3.606
 res_type_constraint          1.000       0.000       0.000
---------------------------------------------------
 Total weighted score:                     -226.531
running another iteration of minimization. difference is: -65.562
