
CPPTRAJ: Trajectory Analysis. V17.00b
    ___  ___  ___  ___
     | \/ | \/ | \/ | 
    _|_/\_|_/\_|_/\_|_

| Date/time: 06/01/16 10:34:50
| Available memory: 233.668 GB

	Reading '../prmtop' as Amber Topology
	Radius Set: ArgH and AspGluO modified Bondi2 radii (mbondi3)
INPUT: Reading input from 'STDIN'
  [trajin ../no_restraint_new_protocol//min_NoH_3_2_1_3_mut_E92YS93LE94VS95TK96S_round_2_0019.rst7 1 1 1]
	Reading '../no_restraint_new_protocol//min_NoH_3_2_1_3_mut_E92YS93LE94VS95TK96S_round_2_0019.rst7' as Amber NC Restart
  [trajin ../no_restraint_new_protocol//min_NoH_3_2_2_3_mut_E92YS93LE94VS95TK96S_round_2_0018.rst7 1 1 1]
	Reading '../no_restraint_new_protocol//min_NoH_3_2_2_3_mut_E92YS93LE94VS95TK96S_round_2_0018.rst7' as Amber NC Restart
  [trajin ../no_restraint_new_protocol//min_NoH_3_2_3_3_mut_E92YS93LE94VS95TK96S_round_2_0009.rst7 1 1 1]
	Reading '../no_restraint_new_protocol//min_NoH_3_2_3_3_mut_E92YS93LE94VS95TK96S_round_2_0009.rst7' as Amber NC Restart
  [trajin ../no_restraint_new_protocol//min_NoH_3_2_4_3_mut_E92YS93LE94VS95TK96S_round_2_0004.rst7 1 1 1]
	Reading '../no_restraint_new_protocol//min_NoH_3_2_4_3_mut_E92YS93LE94VS95TK96S_round_2_0004.rst7' as Amber NC Restart
  [trajin ../no_restraint_new_protocol//min_NoH_3_2_4_3_mut_E92YS93LE94VS95TK96S_round_2_0021.rst7 1 1 1]
	Reading '../no_restraint_new_protocol//min_NoH_3_2_4_3_mut_E92YS93LE94VS95TK96S_round_2_0021.rst7' as Amber NC Restart
  [trajin ../no_restraint_new_protocol//min_NoH_3_2_5_3_mut_E92YS93LE94VS95TK96S_round_2_0002.rst7 1 1 1]
	Reading '../no_restraint_new_protocol//min_NoH_3_2_5_3_mut_E92YS93LE94VS95TK96S_round_2_0002.rst7' as Amber NC Restart
  [trajin ../no_restraint_new_protocol//min_NoH_3_2_5_3_mut_E92YS93LE94VS95TK96S_round_2_0010.rst7 1 1 1]
	Reading '../no_restraint_new_protocol//min_NoH_3_2_5_3_mut_E92YS93LE94VS95TK96S_round_2_0010.rst7' as Amber NC Restart
  [trajin ../no_restraint_new_protocol//min_NoH_3_2_5_3_mut_E92YS93LE94VS95TK96S_round_2_0019.rst7 1 1 1]
	Reading '../no_restraint_new_protocol//min_NoH_3_2_5_3_mut_E92YS93LE94VS95TK96S_round_2_0019.rst7' as Amber NC Restart
  [trajin ../no_restraint_new_protocol//min_NoH_3_2_6_3_mut_E92YS93LE94VS95TK96S_round_2_0022.rst7 1 1 1]
	Reading '../no_restraint_new_protocol//min_NoH_3_2_6_3_mut_E92YS93LE94VS95TK96S_round_2_0022.rst7' as Amber NC Restart
  [trajin ../no_restraint_new_protocol//min_NoH_3_2_7_3_mut_E92YS93LE94VS95TK96S_round_2_0020.rst7 1 1 1]
	Reading '../no_restraint_new_protocol//min_NoH_3_2_7_3_mut_E92YS93LE94VS95TK96S_round_2_0020.rst7' as Amber NC Restart
  [trajin ../no_restraint_new_protocol//min_NoH_3_2_7_3_mut_E92YS93LE94VS95TK96S_round_2_0023.rst7 1 1 1]
	Reading '../no_restraint_new_protocol//min_NoH_3_2_7_3_mut_E92YS93LE94VS95TK96S_round_2_0023.rst7' as Amber NC Restart
  [trajin ../no_restraint_new_protocol//min_NoH_3_2_8_3_mut_E92YS93LE94VS95TK96S_round_2_0010.rst7 1 1 1]
	Reading '../no_restraint_new_protocol//min_NoH_3_2_8_3_mut_E92YS93LE94VS95TK96S_round_2_0010.rst7' as Amber NC Restart
  [trajin ../no_restraint_new_protocol//min_NoH_8_1_2_8_mut_E92YS93LE94VS95TK96S_round_1_0003.rst7 1 1 1]
	Reading '../no_restraint_new_protocol//min_NoH_8_1_2_8_mut_E92YS93LE94VS95TK96S_round_1_0003.rst7' as Amber NC Restart
  [trajin ../no_restraint_new_protocol//min_NoH_8_1_2_8_mut_E92YS93LE94VS95TK96S_round_1_0020.rst7 1 1 1]
	Reading '../no_restraint_new_protocol//min_NoH_8_1_2_8_mut_E92YS93LE94VS95TK96S_round_1_0020.rst7' as Amber NC Restart
  [trajin ../no_restraint_new_protocol//min_NoH_8_1_3_8_mut_E92YS93LE94VS95TK96S_round_1_0009.rst7 1 1 1]
	Reading '../no_restraint_new_protocol//min_NoH_8_1_3_8_mut_E92YS93LE94VS95TK96S_round_1_0009.rst7' as Amber NC Restart
  [trajin ../no_restraint_new_protocol//min_NoH_8_1_3_8_mut_E92YS93LE94VS95TK96S_round_1_0012.rst7 1 1 1]
	Reading '../no_restraint_new_protocol//min_NoH_8_1_3_8_mut_E92YS93LE94VS95TK96S_round_1_0012.rst7' as Amber NC Restart
  [trajin ../no_restraint_new_protocol//min_NoH_8_1_3_8_mut_E92YS93LE94VS95TK96S_round_1_0016.rst7 1 1 1]
	Reading '../no_restraint_new_protocol//min_NoH_8_1_3_8_mut_E92YS93LE94VS95TK96S_round_1_0016.rst7' as Amber NC Restart
  [trajin ../no_restraint_new_protocol//min_NoH_8_1_3_8_mut_E92YS93LE94VS95TK96S_round_1_0022.rst7 1 1 1]
	Reading '../no_restraint_new_protocol//min_NoH_8_1_3_8_mut_E92YS93LE94VS95TK96S_round_1_0022.rst7' as Amber NC Restart
  [trajin ../no_restraint_new_protocol//min_NoH_8_1_4_8_mut_E92YS93LE94VS95TK96S_round_1_0013.rst7 1 1 1]
	Reading '../no_restraint_new_protocol//min_NoH_8_1_4_8_mut_E92YS93LE94VS95TK96S_round_1_0013.rst7' as Amber NC Restart
  [trajin ../no_restraint_new_protocol//min_NoH_8_1_4_8_mut_E92YS93LE94VS95TK96S_round_1_0016.rst7 1 1 1]
	Reading '../no_restraint_new_protocol//min_NoH_8_1_4_8_mut_E92YS93LE94VS95TK96S_round_1_0016.rst7' as Amber NC Restart
  [trajin ../no_restraint_new_protocol//min_NoH_8_1_4_8_mut_E92YS93LE94VS95TK96S_round_1_0023.rst7 1 1 1]
	Reading '../no_restraint_new_protocol//min_NoH_8_1_4_8_mut_E92YS93LE94VS95TK96S_round_1_0023.rst7' as Amber NC Restart
  [trajin ../no_restraint_new_protocol//min_NoH_8_1_5_8_mut_E92YS93LE94VS95TK96S_round_1_0009.rst7 1 1 1]
	Reading '../no_restraint_new_protocol//min_NoH_8_1_5_8_mut_E92YS93LE94VS95TK96S_round_1_0009.rst7' as Amber NC Restart
  [trajin ../no_restraint_new_protocol//min_NoH_8_1_5_8_mut_E92YS93LE94VS95TK96S_round_1_0014.rst7 1 1 1]
	Reading '../no_restraint_new_protocol//min_NoH_8_1_5_8_mut_E92YS93LE94VS95TK96S_round_1_0014.rst7' as Amber NC Restart
  [trajin ../no_restraint_new_protocol//min_NoH_8_1_6_8_mut_E92YS93LE94VS95TK96S_round_1_0003.rst7 1 1 1]
	Reading '../no_restraint_new_protocol//min_NoH_8_1_6_8_mut_E92YS93LE94VS95TK96S_round_1_0003.rst7' as Amber NC Restart
  [trajin ../no_restraint_new_protocol//min_NoH_8_1_6_8_mut_E92YS93LE94VS95TK96S_round_1_0017.rst7 1 1 1]
	Reading '../no_restraint_new_protocol//min_NoH_8_1_6_8_mut_E92YS93LE94VS95TK96S_round_1_0017.rst7' as Amber NC Restart
  [trajin ../no_restraint_new_protocol//min_NoH_8_1_7_8_mut_E92YS93LE94VS95TK96S_round_1_0006.rst7 1 1 1]
	Reading '../no_restraint_new_protocol//min_NoH_8_1_7_8_mut_E92YS93LE94VS95TK96S_round_1_0006.rst7' as Amber NC Restart
  [trajin ../no_restraint_new_protocol//min_NoH_8_1_7_8_mut_E92YS93LE94VS95TK96S_round_1_0023.rst7 1 1 1]
	Reading '../no_restraint_new_protocol//min_NoH_8_1_7_8_mut_E92YS93LE94VS95TK96S_round_1_0023.rst7' as Amber NC Restart
  [trajin ../no_restraint_new_protocol//min_NoH_8_1_8_8_mut_E92YS93LE94VS95TK96S_round_1_0012.rst7 1 1 1]
	Reading '../no_restraint_new_protocol//min_NoH_8_1_8_8_mut_E92YS93LE94VS95TK96S_round_1_0012.rst7' as Amber NC Restart
  [trajin ../no_restraint_new_protocol//min_NoH_8_1_8_8_mut_E92YS93LE94VS95TK96S_round_1_0021.rst7 1 1 1]
	Reading '../no_restraint_new_protocol//min_NoH_8_1_8_8_mut_E92YS93LE94VS95TK96S_round_1_0021.rst7' as Amber NC Restart
  [trajin ../no_restraint_new_protocol//min_NoH_8_1_8_8_mut_E92YS93LE94VS95TK96S_round_1_0023.rst7 1 1 1]
	Reading '../no_restraint_new_protocol//min_NoH_8_1_8_8_mut_E92YS93LE94VS95TK96S_round_1_0023.rst7' as Amber NC Restart
  [trajin ../no_restraint_new_protocol//min_NoH_9_1_1_9_mut_E92YS93LE94VS95TK96S_round_1_0004.rst7 1 1 1]
	Reading '../no_restraint_new_protocol//min_NoH_9_1_1_9_mut_E92YS93LE94VS95TK96S_round_1_0004.rst7' as Amber NC Restart
  [trajin ../no_restraint_new_protocol//min_NoH_9_1_1_9_mut_E92YS93LE94VS95TK96S_round_1_0008.rst7 1 1 1]
	Reading '../no_restraint_new_protocol//min_NoH_9_1_1_9_mut_E92YS93LE94VS95TK96S_round_1_0008.rst7' as Amber NC Restart
  [trajin ../no_restraint_new_protocol//min_NoH_9_1_1_9_mut_E92YS93LE94VS95TK96S_round_1_0024.rst7 1 1 1]
	Reading '../no_restraint_new_protocol//min_NoH_9_1_1_9_mut_E92YS93LE94VS95TK96S_round_1_0024.rst7' as Amber NC Restart
  [trajin ../no_restraint_new_protocol//min_NoH_9_1_2_9_mut_E92YS93LE94VS95TK96S_round_1_0002.rst7 1 1 1]
	Reading '../no_restraint_new_protocol//min_NoH_9_1_2_9_mut_E92YS93LE94VS95TK96S_round_1_0002.rst7' as Amber NC Restart
  [trajin ../no_restraint_new_protocol//min_NoH_9_1_2_9_mut_E92YS93LE94VS95TK96S_round_1_0006.rst7 1 1 1]
	Reading '../no_restraint_new_protocol//min_NoH_9_1_2_9_mut_E92YS93LE94VS95TK96S_round_1_0006.rst7' as Amber NC Restart
  [trajin ../no_restraint_new_protocol//min_NoH_9_1_2_9_mut_E92YS93LE94VS95TK96S_round_1_0019.rst7 1 1 1]
	Reading '../no_restraint_new_protocol//min_NoH_9_1_2_9_mut_E92YS93LE94VS95TK96S_round_1_0019.rst7' as Amber NC Restart
  [trajin ../no_restraint_new_protocol//min_NoH_9_1_3_9_mut_E92YS93LE94VS95TK96S_round_1_0012.rst7 1 1 1]
	Reading '../no_restraint_new_protocol//min_NoH_9_1_3_9_mut_E92YS93LE94VS95TK96S_round_1_0012.rst7' as Amber NC Restart
  [trajin ../no_restraint_new_protocol//min_NoH_9_1_3_9_mut_E92YS93LE94VS95TK96S_round_1_0020.rst7 1 1 1]
	Reading '../no_restraint_new_protocol//min_NoH_9_1_3_9_mut_E92YS93LE94VS95TK96S_round_1_0020.rst7' as Amber NC Restart
  [trajin ../no_restraint_new_protocol//min_NoH_9_1_3_9_mut_E92YS93LE94VS95TK96S_round_1_0025.rst7 1 1 1]
	Reading '../no_restraint_new_protocol//min_NoH_9_1_3_9_mut_E92YS93LE94VS95TK96S_round_1_0025.rst7' as Amber NC Restart
  [trajin ../no_restraint_new_protocol//min_NoH_9_1_4_9_mut_E92YS93LE94VS95TK96S_round_1_0006.rst7 1 1 1]
	Reading '../no_restraint_new_protocol//min_NoH_9_1_4_9_mut_E92YS93LE94VS95TK96S_round_1_0006.rst7' as Amber NC Restart
  [trajin ../no_restraint_new_protocol//min_NoH_9_1_4_9_mut_E92YS93LE94VS95TK96S_round_1_0010.rst7 1 1 1]
	Reading '../no_restraint_new_protocol//min_NoH_9_1_4_9_mut_E92YS93LE94VS95TK96S_round_1_0010.rst7' as Amber NC Restart
  [trajin ../no_restraint_new_protocol//min_NoH_9_1_4_9_mut_E92YS93LE94VS95TK96S_round_1_0013.rst7 1 1 1]
	Reading '../no_restraint_new_protocol//min_NoH_9_1_4_9_mut_E92YS93LE94VS95TK96S_round_1_0013.rst7' as Amber NC Restart
  [trajin ../no_restraint_new_protocol//min_NoH_9_1_5_9_mut_E92YS93LE94VS95TK96S_round_1_0007.rst7 1 1 1]
	Reading '../no_restraint_new_protocol//min_NoH_9_1_5_9_mut_E92YS93LE94VS95TK96S_round_1_0007.rst7' as Amber NC Restart
  [trajin ../no_restraint_new_protocol//min_NoH_9_1_5_9_mut_E92YS93LE94VS95TK96S_round_1_0012.rst7 1 1 1]
	Reading '../no_restraint_new_protocol//min_NoH_9_1_5_9_mut_E92YS93LE94VS95TK96S_round_1_0012.rst7' as Amber NC Restart
  [trajin ../no_restraint_new_protocol//min_NoH_9_1_5_9_mut_E92YS93LE94VS95TK96S_round_1_0020.rst7 1 1 1]
	Reading '../no_restraint_new_protocol//min_NoH_9_1_5_9_mut_E92YS93LE94VS95TK96S_round_1_0020.rst7' as Amber NC Restart
  [trajin ../no_restraint_new_protocol//min_NoH_9_1_5_9_mut_E92YS93LE94VS95TK96S_round_1_0022.rst7 1 1 1]
	Reading '../no_restraint_new_protocol//min_NoH_9_1_5_9_mut_E92YS93LE94VS95TK96S_round_1_0022.rst7' as Amber NC Restart
  [trajin ../no_restraint_new_protocol//min_NoH_9_1_7_9_mut_E92YS93LE94VS95TK96S_round_1_0012.rst7 1 1 1]
	Reading '../no_restraint_new_protocol//min_NoH_9_1_7_9_mut_E92YS93LE94VS95TK96S_round_1_0012.rst7' as Amber NC Restart
  [trajin ../no_restraint_new_protocol//min_NoH_9_1_8_9_mut_E92YS93LE94VS95TK96S_round_1_0012.rst7 1 1 1]
	Reading '../no_restraint_new_protocol//min_NoH_9_1_8_9_mut_E92YS93LE94VS95TK96S_round_1_0012.rst7' as Amber NC Restart
  [trajin ../no_restraint_new_protocol//min_NoH_9_1_8_9_mut_E92YS93LE94VS95TK96S_round_1_0013.rst7 1 1 1]
	Reading '../no_restraint_new_protocol//min_NoH_9_1_8_9_mut_E92YS93LE94VS95TK96S_round_1_0013.rst7' as Amber NC Restart
  [trajin ../no_restraint_new_protocol//min_NoH_9_1_8_9_mut_E92YS93LE94VS95TK96S_round_1_0014.rst7 1 1 1]
	Reading '../no_restraint_new_protocol//min_NoH_9_1_8_9_mut_E92YS93LE94VS95TK96S_round_1_0014.rst7' as Amber NC Restart
  [noprogress]
	Progress bar will not be used during Run.
  [rmsd !(:WAT,Cl*,CIO,Cs+,IB,K*,Li+,MG*,Na+,Rb+,CS,RB,NA,F,CL) mass first]
    RMSD: (!(:WAT,Cl*,CIO,Cs+,IB,K*,Li+,MG*,Na+,Rb+,CS,RB,NA,F,CL)), reference is first frame (!(:WAT,Cl*,CIO,Cs+,IB,K*,Li+,MG*,Na+,Rb+,CS,RB,NA,F,CL)), mass-weighted.
	Best-fit RMSD will be calculated, coords will be rotated and translated.
  [outtraj _MMPBSA_complex.pdb onlyframes 1 nobox pdb]
	Saving frames 1
	Writing '_MMPBSA_complex.pdb' as PDB
    OUTTRAJ: Writing frames associated with topology 'prmtop'
  [outtraj _MMPBSA_dummycomplex.inpcrd onlyframes 1 nobox restart]
	Saving frames 1
	Writing '_MMPBSA_dummycomplex.inpcrd' as Amber Restart
    OUTTRAJ: Writing frames associated with topology 'prmtop'
  [outtraj _MMPBSA_complex.mdcrd.0 onlyframes 1-50 nobox]
Warning: Format not specified and extension '.0' not recognized. Defaulting to Amber Trajectory.
	Saving frames 1 2 3 4 5 6 7 8 9 10 11 12 13 14 15 16 17 18 19 20 21 22 23 24 25 26 27 28 29 30 31 32 33 34 35 36 37 38 39 40 41 42 43 44 45 46 47 48 49 50
	Writing '_MMPBSA_complex.mdcrd.0' as Amber Trajectory
    OUTTRAJ: Writing frames associated with topology 'prmtop'
  [strip :92-97]
    STRIP: Stripping atoms in mask [:92-97]
  [outtraj _MMPBSA_receptor.pdb onlyframes 1 nobox pdb]
	Saving frames 1
	Writing '_MMPBSA_receptor.pdb' as PDB
    OUTTRAJ: Writing frames associated with topology 'prmtop'
  [outtraj _MMPBSA_dummyreceptor.inpcrd onlyframes 1 nobox restart]
	Saving frames 1
	Writing '_MMPBSA_dummyreceptor.inpcrd' as Amber Restart
    OUTTRAJ: Writing frames associated with topology 'prmtop'
  [outtraj _MMPBSA_receptor.mdcrd.0 onlyframes 1-50 nobox]
Warning: Format not specified and extension '.0' not recognized. Defaulting to Amber Trajectory.
	Saving frames 1 2 3 4 5 6 7 8 9 10 11 12 13 14 15 16 17 18 19 20 21 22 23 24 25 26 27 28 29 30 31 32 33 34 35 36 37 38 39 40 41 42 43 44 45 46 47 48 49 50
	Writing '_MMPBSA_receptor.mdcrd.0' as Amber Trajectory
    OUTTRAJ: Writing frames associated with topology 'prmtop'
  [unstrip]
  [rmsd !(:WAT,Cl*,CIO,Cs+,IB,K*,Li+,MG*,Na+,Rb+,CS,RB,NA,F,CL) mass first]
    RMSD: (!(:WAT,Cl*,CIO,Cs+,IB,K*,Li+,MG*,Na+,Rb+,CS,RB,NA,F,CL)), reference is first frame (!(:WAT,Cl*,CIO,Cs+,IB,K*,Li+,MG*,Na+,Rb+,CS,RB,NA,F,CL)), mass-weighted.
	Best-fit RMSD will be calculated, coords will be rotated and translated.
  [strip :1-91]
    STRIP: Stripping atoms in mask [:1-91]
  [outtraj _MMPBSA_ligand.pdb onlyframes 1 nobox pdb]
	Saving frames 1
	Writing '_MMPBSA_ligand.pdb' as PDB
    OUTTRAJ: Writing frames associated with topology 'prmtop'
  [outtraj _MMPBSA_dummyligand.inpcrd onlyframes 1 nobox restart]
	Saving frames 1
	Writing '_MMPBSA_dummyligand.inpcrd' as Amber Restart
    OUTTRAJ: Writing frames associated with topology 'prmtop'
  [outtraj _MMPBSA_ligand.mdcrd.0 onlyframes 1-50 nobox]
Warning: Format not specified and extension '.0' not recognized. Defaulting to Amber Trajectory.
	Saving frames 1 2 3 4 5 6 7 8 9 10 11 12 13 14 15 16 17 18 19 20 21 22 23 24 25 26 27 28 29 30 31 32 33 34 35 36 37 38 39 40 41 42 43 44 45 46 47 48 49 50
	Writing '_MMPBSA_ligand.mdcrd.0' as Amber Trajectory
    OUTTRAJ: Writing frames associated with topology 'prmtop'
  [unstrip]
  [rmsd !(:WAT,Cl*,CIO,Cs+,IB,K*,Li+,MG*,Na+,Rb+,CS,RB,NA,F,CL) mass first]
    RMSD: (!(:WAT,Cl*,CIO,Cs+,IB,K*,Li+,MG*,Na+,Rb+,CS,RB,NA,F,CL)), reference is first frame (!(:WAT,Cl*,CIO,Cs+,IB,K*,Li+,MG*,Na+,Rb+,CS,RB,NA,F,CL)), mass-weighted.
	Best-fit RMSD will be calculated, coords will be rotated and translated.
---------- RUN BEGIN -------------------------------------------------

PARAMETER FILES (1 total):
 0: prmtop, 1522 atoms, 97 res, box: None, 2 mol

INPUT TRAJECTORIES (50 total):
 0: 'min_NoH_3_2_1_3_mut_E92YS93LE94VS95TK96S_round_2_0019.rst7' is a NetCDF AMBER restart file, Parm prmtop (reading 1 of 1)
 1: 'min_NoH_3_2_2_3_mut_E92YS93LE94VS95TK96S_round_2_0018.rst7' is a NetCDF AMBER restart file, Parm prmtop (reading 1 of 1)
 2: 'min_NoH_3_2_3_3_mut_E92YS93LE94VS95TK96S_round_2_0009.rst7' is a NetCDF AMBER restart file, Parm prmtop (reading 1 of 1)
 3: 'min_NoH_3_2_4_3_mut_E92YS93LE94VS95TK96S_round_2_0004.rst7' is a NetCDF AMBER restart file, Parm prmtop (reading 1 of 1)
 4: 'min_NoH_3_2_4_3_mut_E92YS93LE94VS95TK96S_round_2_0021.rst7' is a NetCDF AMBER restart file, Parm prmtop (reading 1 of 1)
 5: 'min_NoH_3_2_5_3_mut_E92YS93LE94VS95TK96S_round_2_0002.rst7' is a NetCDF AMBER restart file, Parm prmtop (reading 1 of 1)
 6: 'min_NoH_3_2_5_3_mut_E92YS93LE94VS95TK96S_round_2_0010.rst7' is a NetCDF AMBER restart file, Parm prmtop (reading 1 of 1)
 7: 'min_NoH_3_2_5_3_mut_E92YS93LE94VS95TK96S_round_2_0019.rst7' is a NetCDF AMBER restart file, Parm prmtop (reading 1 of 1)
 8: 'min_NoH_3_2_6_3_mut_E92YS93LE94VS95TK96S_round_2_0022.rst7' is a NetCDF AMBER restart file, Parm prmtop (reading 1 of 1)
 9: 'min_NoH_3_2_7_3_mut_E92YS93LE94VS95TK96S_round_2_0020.rst7' is a NetCDF AMBER restart file, Parm prmtop (reading 1 of 1)
 10: 'min_NoH_3_2_7_3_mut_E92YS93LE94VS95TK96S_round_2_0023.rst7' is a NetCDF AMBER restart file, Parm prmtop (reading 1 of 1)
 11: 'min_NoH_3_2_8_3_mut_E92YS93LE94VS95TK96S_round_2_0010.rst7' is a NetCDF AMBER restart file, Parm prmtop (reading 1 of 1)
 12: 'min_NoH_8_1_2_8_mut_E92YS93LE94VS95TK96S_round_1_0003.rst7' is a NetCDF AMBER restart file, Parm prmtop (reading 1 of 1)
 13: 'min_NoH_8_1_2_8_mut_E92YS93LE94VS95TK96S_round_1_0020.rst7' is a NetCDF AMBER restart file, Parm prmtop (reading 1 of 1)
 14: 'min_NoH_8_1_3_8_mut_E92YS93LE94VS95TK96S_round_1_0009.rst7' is a NetCDF AMBER restart file, Parm prmtop (reading 1 of 1)
 15: 'min_NoH_8_1_3_8_mut_E92YS93LE94VS95TK96S_round_1_0012.rst7' is a NetCDF AMBER restart file, Parm prmtop (reading 1 of 1)
 16: 'min_NoH_8_1_3_8_mut_E92YS93LE94VS95TK96S_round_1_0016.rst7' is a NetCDF AMBER restart file, Parm prmtop (reading 1 of 1)
 17: 'min_NoH_8_1_3_8_mut_E92YS93LE94VS95TK96S_round_1_0022.rst7' is a NetCDF AMBER restart file, Parm prmtop (reading 1 of 1)
 18: 'min_NoH_8_1_4_8_mut_E92YS93LE94VS95TK96S_round_1_0013.rst7' is a NetCDF AMBER restart file, Parm prmtop (reading 1 of 1)
 19: 'min_NoH_8_1_4_8_mut_E92YS93LE94VS95TK96S_round_1_0016.rst7' is a NetCDF AMBER restart file, Parm prmtop (reading 1 of 1)
 20: 'min_NoH_8_1_4_8_mut_E92YS93LE94VS95TK96S_round_1_0023.rst7' is a NetCDF AMBER restart file, Parm prmtop (reading 1 of 1)
 21: 'min_NoH_8_1_5_8_mut_E92YS93LE94VS95TK96S_round_1_0009.rst7' is a NetCDF AMBER restart file, Parm prmtop (reading 1 of 1)
 22: 'min_NoH_8_1_5_8_mut_E92YS93LE94VS95TK96S_round_1_0014.rst7' is a NetCDF AMBER restart file, Parm prmtop (reading 1 of 1)
 23: 'min_NoH_8_1_6_8_mut_E92YS93LE94VS95TK96S_round_1_0003.rst7' is a NetCDF AMBER restart file, Parm prmtop (reading 1 of 1)
 24: 'min_NoH_8_1_6_8_mut_E92YS93LE94VS95TK96S_round_1_0017.rst7' is a NetCDF AMBER restart file, Parm prmtop (reading 1 of 1)
 25: 'min_NoH_8_1_7_8_mut_E92YS93LE94VS95TK96S_round_1_0006.rst7' is a NetCDF AMBER restart file, Parm prmtop (reading 1 of 1)
 26: 'min_NoH_8_1_7_8_mut_E92YS93LE94VS95TK96S_round_1_0023.rst7' is a NetCDF AMBER restart file, Parm prmtop (reading 1 of 1)
 27: 'min_NoH_8_1_8_8_mut_E92YS93LE94VS95TK96S_round_1_0012.rst7' is a NetCDF AMBER restart file, Parm prmtop (reading 1 of 1)
 28: 'min_NoH_8_1_8_8_mut_E92YS93LE94VS95TK96S_round_1_0021.rst7' is a NetCDF AMBER restart file, Parm prmtop (reading 1 of 1)
 29: 'min_NoH_8_1_8_8_mut_E92YS93LE94VS95TK96S_round_1_0023.rst7' is a NetCDF AMBER restart file, Parm prmtop (reading 1 of 1)
 30: 'min_NoH_9_1_1_9_mut_E92YS93LE94VS95TK96S_round_1_0004.rst7' is a NetCDF AMBER restart file, Parm prmtop (reading 1 of 1)
 31: 'min_NoH_9_1_1_9_mut_E92YS93LE94VS95TK96S_round_1_0008.rst7' is a NetCDF AMBER restart file, Parm prmtop (reading 1 of 1)
 32: 'min_NoH_9_1_1_9_mut_E92YS93LE94VS95TK96S_round_1_0024.rst7' is a NetCDF AMBER restart file, Parm prmtop (reading 1 of 1)
 33: 'min_NoH_9_1_2_9_mut_E92YS93LE94VS95TK96S_round_1_0002.rst7' is a NetCDF AMBER restart file, Parm prmtop (reading 1 of 1)
 34: 'min_NoH_9_1_2_9_mut_E92YS93LE94VS95TK96S_round_1_0006.rst7' is a NetCDF AMBER restart file, Parm prmtop (reading 1 of 1)
 35: 'min_NoH_9_1_2_9_mut_E92YS93LE94VS95TK96S_round_1_0019.rst7' is a NetCDF AMBER restart file, Parm prmtop (reading 1 of 1)
 36: 'min_NoH_9_1_3_9_mut_E92YS93LE94VS95TK96S_round_1_0012.rst7' is a NetCDF AMBER restart file, Parm prmtop (reading 1 of 1)
 37: 'min_NoH_9_1_3_9_mut_E92YS93LE94VS95TK96S_round_1_0020.rst7' is a NetCDF AMBER restart file, Parm prmtop (reading 1 of 1)
 38: 'min_NoH_9_1_3_9_mut_E92YS93LE94VS95TK96S_round_1_0025.rst7' is a NetCDF AMBER restart file, Parm prmtop (reading 1 of 1)
 39: 'min_NoH_9_1_4_9_mut_E92YS93LE94VS95TK96S_round_1_0006.rst7' is a NetCDF AMBER restart file, Parm prmtop (reading 1 of 1)
 40: 'min_NoH_9_1_4_9_mut_E92YS93LE94VS95TK96S_round_1_0010.rst7' is a NetCDF AMBER restart file, Parm prmtop (reading 1 of 1)
 41: 'min_NoH_9_1_4_9_mut_E92YS93LE94VS95TK96S_round_1_0013.rst7' is a NetCDF AMBER restart file, Parm prmtop (reading 1 of 1)
 42: 'min_NoH_9_1_5_9_mut_E92YS93LE94VS95TK96S_round_1_0007.rst7' is a NetCDF AMBER restart file, Parm prmtop (reading 1 of 1)
 43: 'min_NoH_9_1_5_9_mut_E92YS93LE94VS95TK96S_round_1_0012.rst7' is a NetCDF AMBER restart file, Parm prmtop (reading 1 of 1)
 44: 'min_NoH_9_1_5_9_mut_E92YS93LE94VS95TK96S_round_1_0020.rst7' is a NetCDF AMBER restart file, Parm prmtop (reading 1 of 1)
 45: 'min_NoH_9_1_5_9_mut_E92YS93LE94VS95TK96S_round_1_0022.rst7' is a NetCDF AMBER restart file, Parm prmtop (reading 1 of 1)
 46: 'min_NoH_9_1_7_9_mut_E92YS93LE94VS95TK96S_round_1_0012.rst7' is a NetCDF AMBER restart file, Parm prmtop (reading 1 of 1)
 47: 'min_NoH_9_1_8_9_mut_E92YS93LE94VS95TK96S_round_1_0012.rst7' is a NetCDF AMBER restart file, Parm prmtop (reading 1 of 1)
 48: 'min_NoH_9_1_8_9_mut_E92YS93LE94VS95TK96S_round_1_0013.rst7' is a NetCDF AMBER restart file, Parm prmtop (reading 1 of 1)
 49: 'min_NoH_9_1_8_9_mut_E92YS93LE94VS95TK96S_round_1_0014.rst7' is a NetCDF AMBER restart file, Parm prmtop (reading 1 of 1)
  Coordinate processing will occur on 50 frames.

BEGIN TRAJECTORY PROCESSING:
.....................................................
ACTION SETUP FOR PARM 'prmtop' (16 actions):
  0: [rmsd !(:WAT,Cl*,CIO,Cs+,IB,K*,Li+,MG*,Na+,Rb+,CS,RB,NA,F,CL) mass first]
	Target mask: [!(:WAT,Cl*,CIO,Cs+,IB,K*,Li+,MG*,Na+,Rb+,CS,RB,NA,F,CL)](1522)
	Reference mask: [!(:WAT,Cl*,CIO,Cs+,IB,K*,Li+,MG*,Na+,Rb+,CS,RB,NA,F,CL)](1522)
  1: [outtraj _MMPBSA_complex.pdb onlyframes 1 nobox pdb]
  '_MMPBSA_complex.pdb' is a PDB file, Parm prmtop (no box info): Writing frames 1
  2: [outtraj _MMPBSA_dummycomplex.inpcrd onlyframes 1 nobox restart]
  '_MMPBSA_dummycomplex.inpcrd' is an AMBER restart file, Parm prmtop (no box info): Writing frames 1
  3: [outtraj _MMPBSA_complex.mdcrd.0 onlyframes 1-50 nobox]
  '_MMPBSA_complex.mdcrd.0' is an AMBER trajectory, Parm prmtop (no box info): Writing frames 1 2 3 4 5 6 7 8 9 10 11 12 13 14 15 16 17 18 19 20 21 22 23 24 25 26 27 28 29 30 31 32 33 34 35 36 37 38 39 40 41 42 43 44 45 46 47 48 49 50
  4: [strip :92-97]
	Stripping 100 atoms.
	Stripped topology: 1422 atoms, 91 res, box: None, 1 mol
  5: [outtraj _MMPBSA_receptor.pdb onlyframes 1 nobox pdb]
  '_MMPBSA_receptor.pdb' is a PDB file, Parm prmtop (no box info): Writing frames 1
  6: [outtraj _MMPBSA_dummyreceptor.inpcrd onlyframes 1 nobox restart]
  '_MMPBSA_dummyreceptor.inpcrd' is an AMBER restart file, Parm prmtop (no box info): Writing frames 1
  7: [outtraj _MMPBSA_receptor.mdcrd.0 onlyframes 1-50 nobox]
  '_MMPBSA_receptor.mdcrd.0' is an AMBER trajectory, Parm prmtop (no box info): Writing frames 1 2 3 4 5 6 7 8 9 10 11 12 13 14 15 16 17 18 19 20 21 22 23 24 25 26 27 28 29 30 31 32 33 34 35 36 37 38 39 40 41 42 43 44 45 46 47 48 49 50
  8: [unstrip]
  9: [rmsd !(:WAT,Cl*,CIO,Cs+,IB,K*,Li+,MG*,Na+,Rb+,CS,RB,NA,F,CL) mass first]
	Target mask: [!(:WAT,Cl*,CIO,Cs+,IB,K*,Li+,MG*,Na+,Rb+,CS,RB,NA,F,CL)](1522)
	Reference mask: [!(:WAT,Cl*,CIO,Cs+,IB,K*,Li+,MG*,Na+,Rb+,CS,RB,NA,F,CL)](1522)
  10: [strip :1-91]
	Stripping 1422 atoms.
	Stripped topology: 100 atoms, 6 res, box: None, 1 mol
  11: [outtraj _MMPBSA_ligand.pdb onlyframes 1 nobox pdb]
  '_MMPBSA_ligand.pdb' is a PDB file, Parm prmtop (no box info): Writing frames 1
  12: [outtraj _MMPBSA_dummyligand.inpcrd onlyframes 1 nobox restart]
  '_MMPBSA_dummyligand.inpcrd' is an AMBER restart file, Parm prmtop (no box info): Writing frames 1
  13: [outtraj _MMPBSA_ligand.mdcrd.0 onlyframes 1-50 nobox]
  '_MMPBSA_ligand.mdcrd.0' is an AMBER trajectory, Parm prmtop (no box info): Writing frames 1 2 3 4 5 6 7 8 9 10 11 12 13 14 15 16 17 18 19 20 21 22 23 24 25 26 27 28 29 30 31 32 33 34 35 36 37 38 39 40 41 42 43 44 45 46 47 48 49 50
  14: [unstrip]
  15: [rmsd !(:WAT,Cl*,CIO,Cs+,IB,K*,Li+,MG*,Na+,Rb+,CS,RB,NA,F,CL) mass first]
	Target mask: [!(:WAT,Cl*,CIO,Cs+,IB,K*,Li+,MG*,Na+,Rb+,CS,RB,NA,F,CL)](1522)
	Reference mask: [!(:WAT,Cl*,CIO,Cs+,IB,K*,Li+,MG*,Na+,Rb+,CS,RB,NA,F,CL)](1522)
----- min_NoH_3_2_1_3_mut_E92YS93LE94VS95TK96S_round_2_0019.rst7 (1-1, 1) -----

----- min_NoH_3_2_2_3_mut_E92YS93LE94VS95TK96S_round_2_0018.rst7 (1-1, 1) -----

----- min_NoH_3_2_3_3_mut_E92YS93LE94VS95TK96S_round_2_0009.rst7 (1-1, 1) -----

----- min_NoH_3_2_4_3_mut_E92YS93LE94VS95TK96S_round_2_0004.rst7 (1-1, 1) -----

----- min_NoH_3_2_4_3_mut_E92YS93LE94VS95TK96S_round_2_0021.rst7 (1-1, 1) -----

----- min_NoH_3_2_5_3_mut_E92YS93LE94VS95TK96S_round_2_0002.rst7 (1-1, 1) -----

----- min_NoH_3_2_5_3_mut_E92YS93LE94VS95TK96S_round_2_0010.rst7 (1-1, 1) -----

----- min_NoH_3_2_5_3_mut_E92YS93LE94VS95TK96S_round_2_0019.rst7 (1-1, 1) -----

----- min_NoH_3_2_6_3_mut_E92YS93LE94VS95TK96S_round_2_0022.rst7 (1-1, 1) -----

----- min_NoH_3_2_7_3_mut_E92YS93LE94VS95TK96S_round_2_0020.rst7 (1-1, 1) -----

----- min_NoH_3_2_7_3_mut_E92YS93LE94VS95TK96S_round_2_0023.rst7 (1-1, 1) -----

----- min_NoH_3_2_8_3_mut_E92YS93LE94VS95TK96S_round_2_0010.rst7 (1-1, 1) -----

----- min_NoH_8_1_2_8_mut_E92YS93LE94VS95TK96S_round_1_0003.rst7 (1-1, 1) -----

----- min_NoH_8_1_2_8_mut_E92YS93LE94VS95TK96S_round_1_0020.rst7 (1-1, 1) -----

----- min_NoH_8_1_3_8_mut_E92YS93LE94VS95TK96S_round_1_0009.rst7 (1-1, 1) -----

----- min_NoH_8_1_3_8_mut_E92YS93LE94VS95TK96S_round_1_0012.rst7 (1-1, 1) -----

----- min_NoH_8_1_3_8_mut_E92YS93LE94VS95TK96S_round_1_0016.rst7 (1-1, 1) -----

----- min_NoH_8_1_3_8_mut_E92YS93LE94VS95TK96S_round_1_0022.rst7 (1-1, 1) -----

----- min_NoH_8_1_4_8_mut_E92YS93LE94VS95TK96S_round_1_0013.rst7 (1-1, 1) -----

----- min_NoH_8_1_4_8_mut_E92YS93LE94VS95TK96S_round_1_0016.rst7 (1-1, 1) -----

----- min_NoH_8_1_4_8_mut_E92YS93LE94VS95TK96S_round_1_0023.rst7 (1-1, 1) -----

----- min_NoH_8_1_5_8_mut_E92YS93LE94VS95TK96S_round_1_0009.rst7 (1-1, 1) -----

----- min_NoH_8_1_5_8_mut_E92YS93LE94VS95TK96S_round_1_0014.rst7 (1-1, 1) -----

----- min_NoH_8_1_6_8_mut_E92YS93LE94VS95TK96S_round_1_0003.rst7 (1-1, 1) -----

----- min_NoH_8_1_6_8_mut_E92YS93LE94VS95TK96S_round_1_0017.rst7 (1-1, 1) -----

----- min_NoH_8_1_7_8_mut_E92YS93LE94VS95TK96S_round_1_0006.rst7 (1-1, 1) -----

----- min_NoH_8_1_7_8_mut_E92YS93LE94VS95TK96S_round_1_0023.rst7 (1-1, 1) -----

----- min_NoH_8_1_8_8_mut_E92YS93LE94VS95TK96S_round_1_0012.rst7 (1-1, 1) -----

----- min_NoH_8_1_8_8_mut_E92YS93LE94VS95TK96S_round_1_0021.rst7 (1-1, 1) -----

----- min_NoH_8_1_8_8_mut_E92YS93LE94VS95TK96S_round_1_0023.rst7 (1-1, 1) -----

----- min_NoH_9_1_1_9_mut_E92YS93LE94VS95TK96S_round_1_0004.rst7 (1-1, 1) -----

----- min_NoH_9_1_1_9_mut_E92YS93LE94VS95TK96S_round_1_0008.rst7 (1-1, 1) -----

----- min_NoH_9_1_1_9_mut_E92YS93LE94VS95TK96S_round_1_0024.rst7 (1-1, 1) -----

----- min_NoH_9_1_2_9_mut_E92YS93LE94VS95TK96S_round_1_0002.rst7 (1-1, 1) -----

----- min_NoH_9_1_2_9_mut_E92YS93LE94VS95TK96S_round_1_0006.rst7 (1-1, 1) -----

----- min_NoH_9_1_2_9_mut_E92YS93LE94VS95TK96S_round_1_0019.rst7 (1-1, 1) -----

----- min_NoH_9_1_3_9_mut_E92YS93LE94VS95TK96S_round_1_0012.rst7 (1-1, 1) -----

----- min_NoH_9_1_3_9_mut_E92YS93LE94VS95TK96S_round_1_0020.rst7 (1-1, 1) -----

----- min_NoH_9_1_3_9_mut_E92YS93LE94VS95TK96S_round_1_0025.rst7 (1-1, 1) -----

----- min_NoH_9_1_4_9_mut_E92YS93LE94VS95TK96S_round_1_0006.rst7 (1-1, 1) -----

----- min_NoH_9_1_4_9_mut_E92YS93LE94VS95TK96S_round_1_0010.rst7 (1-1, 1) -----

----- min_NoH_9_1_4_9_mut_E92YS93LE94VS95TK96S_round_1_0013.rst7 (1-1, 1) -----

----- min_NoH_9_1_5_9_mut_E92YS93LE94VS95TK96S_round_1_0007.rst7 (1-1, 1) -----

----- min_NoH_9_1_5_9_mut_E92YS93LE94VS95TK96S_round_1_0012.rst7 (1-1, 1) -----

----- min_NoH_9_1_5_9_mut_E92YS93LE94VS95TK96S_round_1_0020.rst7 (1-1, 1) -----

----- min_NoH_9_1_5_9_mut_E92YS93LE94VS95TK96S_round_1_0022.rst7 (1-1, 1) -----

----- min_NoH_9_1_7_9_mut_E92YS93LE94VS95TK96S_round_1_0012.rst7 (1-1, 1) -----

----- min_NoH_9_1_8_9_mut_E92YS93LE94VS95TK96S_round_1_0012.rst7 (1-1, 1) -----

----- min_NoH_9_1_8_9_mut_E92YS93LE94VS95TK96S_round_1_0013.rst7 (1-1, 1) -----

----- min_NoH_9_1_8_9_mut_E92YS93LE94VS95TK96S_round_1_0014.rst7 (1-1, 1) -----

Read 50 frames and processed 50 frames.
TIME: Avg. throughput= 248.0737 frames / second.

ACTION OUTPUT:
  OUTTRAJ: [_MMPBSA_complex.pdb] Wrote 1 frames.
  OUTTRAJ: [_MMPBSA_dummycomplex.inpcrd] Wrote 1 frames.
  OUTTRAJ: [_MMPBSA_complex.mdcrd.0] Wrote 50 frames.
  OUTTRAJ: [_MMPBSA_receptor.pdb] Wrote 1 frames.
  OUTTRAJ: [_MMPBSA_dummyreceptor.inpcrd] Wrote 1 frames.
  OUTTRAJ: [_MMPBSA_receptor.mdcrd.0] Wrote 50 frames.
  OUTTRAJ: [_MMPBSA_ligand.pdb] Wrote 1 frames.
  OUTTRAJ: [_MMPBSA_dummyligand.inpcrd] Wrote 1 frames.
  OUTTRAJ: [_MMPBSA_ligand.mdcrd.0] Wrote 50 frames.

DATASETS (3 total):
	RMSD_00001 "RMSD_00001" (double, rms), size is 50
	RMSD_00002 "RMSD_00002" (double, rms), size is 50
	RMSD_00003 "RMSD_00003" (double, rms), size is 50

RUN TIMING:
TIME:		Init               : 0.0000 s (  0.02%)
TIME:		Trajectory Process : 0.2016 s ( 99.02%)
TIME:		Action Post        : 0.0000 s (  0.01%)
TIME:		Analysis           : 0.0000 s (  0.00%)
TIME:		Data File Write    : 0.0000 s (  0.00%)
TIME:		Other              : 0.0019 s (  0.01%)
TIME:	Run Total 0.2035 s
---------- RUN END ---------------------------------------------------
TIME: Total execution time: 0.2327 seconds.
--------------------------------------------------------------------------------
To cite CPPTRAJ use:
Daniel R. Roe and Thomas E. Cheatham, III, "PTRAJ and CPPTRAJ: Software for
  Processing and Analysis of Molecular Dynamics Trajectory Data". J. Chem.
  Theory Comput., 2013, 9 (7), pp 3084-3095.

